versions pytest-3.7.3, py-1.8.0, python-3.6.6.final.0
cwd=D:\JK_pytest
args=['-s', '--debug', '--alluredir', './report/xml']

  pytest_cmdline_main [hook]
      config: <_pytest.config.Config object at 0x00000246F65F0DA0>
    pytest_plugin_registered [hook]
        plugin: <Session 'JK_pytest'>
        manager: <_pytest.config.PytestPluginManager object at 0x00000246F58E8208>
    finish pytest_plugin_registered --> [] [hook]
    pytest_configure [hook]
        config: <_pytest.config.Config object at 0x00000246F65F0DA0>
      pytest_plugin_registered [hook]
          plugin: <_pytest.cacheprovider.LFPlugin object at 0x00000246F6E741D0>
          manager: <_pytest.config.PytestPluginManager object at 0x00000246F58E8208>
      finish pytest_plugin_registered --> [] [hook]
      pytest_plugin_registered [hook]
          plugin: <_pytest.cacheprovider.NFPlugin object at 0x00000246F6E74400>
          manager: <_pytest.config.PytestPluginManager object at 0x00000246F58E8208>
      finish pytest_plugin_registered --> [] [hook]
      pytest_plugin_registered [hook]
          plugin: <allure.pytest_plugin.AllureTestListener object at 0x00000246F6E744E0>
          manager: <_pytest.config.PytestPluginManager object at 0x00000246F58E8208>
      finish pytest_plugin_registered --> [] [hook]
      pytest_plugin_registered [hook]
          plugin: <allure.pytest_plugin.AllureAgregatingListener object at 0x00000246F6E745C0>
          manager: <_pytest.config.PytestPluginManager object at 0x00000246F58E8208>
      finish pytest_plugin_registered --> [] [hook]
      pytest_plugin_registered [hook]
          plugin: <allure.pytest_plugin.AllureCollectionListener object at 0x00000246F6E745F8>
          manager: <_pytest.config.PytestPluginManager object at 0x00000246F58E8208>
      finish pytest_plugin_registered --> [] [hook]
      pytest_plugin_registered [hook]
          plugin: <_pytest.logging.LoggingPlugin object at 0x00000246F6E746A0>
          manager: <_pytest.config.PytestPluginManager object at 0x00000246F58E8208>
      finish pytest_plugin_registered --> [] [hook]
    find_module called for: py._io [assertion]
    find_module called for: py._io.terminalwriter [assertion]
      pytest_plugin_registered [hook]
          plugin: <_pytest.config.PytestPluginManager object at 0x00000246F58E8208>
          manager: <_pytest.config.PytestPluginManager object at 0x00000246F58E8208>
      finish pytest_plugin_registered --> [] [hook]
      pytest_plugin_registered [hook]
          plugin: <_pytest.config.Config object at 0x00000246F65F0DA0>
          manager: <_pytest.config.PytestPluginManager object at 0x00000246F58E8208>
      finish pytest_plugin_registered --> [] [hook]
      pytest_plugin_registered [hook]
          plugin: <module '_pytest.mark' from 'D:\\Python\\lib\\site-packages\\_pytest\\mark\\__init__.py'>
          manager: <_pytest.config.PytestPluginManager object at 0x00000246F58E8208>
      finish pytest_plugin_registered --> [] [hook]
      pytest_plugin_registered [hook]
          plugin: <module '_pytest.main' from 'D:\\Python\\lib\\site-packages\\_pytest\\main.py'>
          manager: <_pytest.config.PytestPluginManager object at 0x00000246F58E8208>
      finish pytest_plugin_registered --> [] [hook]
      pytest_plugin_registered [hook]
          plugin: <module '_pytest.terminal' from 'D:\\Python\\lib\\site-packages\\_pytest\\terminal.py'>
          manager: <_pytest.config.PytestPluginManager object at 0x00000246F58E8208>
      finish pytest_plugin_registered --> [] [hook]
      pytest_plugin_registered [hook]
          plugin: <module '_pytest.runner' from 'D:\\Python\\lib\\site-packages\\_pytest\\runner.py'>
          manager: <_pytest.config.PytestPluginManager object at 0x00000246F58E8208>
      finish pytest_plugin_registered --> [] [hook]
      pytest_plugin_registered [hook]
          plugin: <module '_pytest.python' from 'D:\\Python\\lib\\site-packages\\_pytest\\python.py'>
          manager: <_pytest.config.PytestPluginManager object at 0x00000246F58E8208>
      finish pytest_plugin_registered --> [] [hook]
      pytest_plugin_registered [hook]
          plugin: <module '_pytest.fixtures' from 'D:\\Python\\lib\\site-packages\\_pytest\\fixtures.py'>
          manager: <_pytest.config.PytestPluginManager object at 0x00000246F58E8208>
      finish pytest_plugin_registered --> [] [hook]
      pytest_plugin_registered [hook]
          plugin: <module '_pytest.debugging' from 'D:\\Python\\lib\\site-packages\\_pytest\\debugging.py'>
          manager: <_pytest.config.PytestPluginManager object at 0x00000246F58E8208>
      finish pytest_plugin_registered --> [] [hook]
      pytest_plugin_registered [hook]
          plugin: <module '_pytest.unittest' from 'D:\\Python\\lib\\site-packages\\_pytest\\unittest.py'>
          manager: <_pytest.config.PytestPluginManager object at 0x00000246F58E8208>
      finish pytest_plugin_registered --> [] [hook]
      pytest_plugin_registered [hook]
          plugin: <module '_pytest.capture' from 'D:\\Python\\lib\\site-packages\\_pytest\\capture.py'>
          manager: <_pytest.config.PytestPluginManager object at 0x00000246F58E8208>
      finish pytest_plugin_registered --> [] [hook]
      pytest_plugin_registered [hook]
          plugin: <module '_pytest.skipping' from 'D:\\Python\\lib\\site-packages\\_pytest\\skipping.py'>
          manager: <_pytest.config.PytestPluginManager object at 0x00000246F58E8208>
      finish pytest_plugin_registered --> [] [hook]
      pytest_plugin_registered [hook]
          plugin: <module '_pytest.tmpdir' from 'D:\\Python\\lib\\site-packages\\_pytest\\tmpdir.py'>
          manager: <_pytest.config.PytestPluginManager object at 0x00000246F58E8208>
      finish pytest_plugin_registered --> [] [hook]
      pytest_plugin_registered [hook]
          plugin: <module '_pytest.monkeypatch' from 'D:\\Python\\lib\\site-packages\\_pytest\\monkeypatch.py'>
          manager: <_pytest.config.PytestPluginManager object at 0x00000246F58E8208>
      finish pytest_plugin_registered --> [] [hook]
      pytest_plugin_registered [hook]
          plugin: <module '_pytest.recwarn' from 'D:\\Python\\lib\\site-packages\\_pytest\\recwarn.py'>
          manager: <_pytest.config.PytestPluginManager object at 0x00000246F58E8208>
      finish pytest_plugin_registered --> [] [hook]
      pytest_plugin_registered [hook]
          plugin: <module '_pytest.pastebin' from 'D:\\Python\\lib\\site-packages\\_pytest\\pastebin.py'>
          manager: <_pytest.config.PytestPluginManager object at 0x00000246F58E8208>
      finish pytest_plugin_registered --> [] [hook]
      pytest_plugin_registered [hook]
          plugin: <module '_pytest.helpconfig' from 'D:\\Python\\lib\\site-packages\\_pytest\\helpconfig.py'>
          manager: <_pytest.config.PytestPluginManager object at 0x00000246F58E8208>
      finish pytest_plugin_registered --> [] [hook]
      pytest_plugin_registered [hook]
          plugin: <module '_pytest.nose' from 'D:\\Python\\lib\\site-packages\\_pytest\\nose.py'>
          manager: <_pytest.config.PytestPluginManager object at 0x00000246F58E8208>
      finish pytest_plugin_registered --> [] [hook]
      pytest_plugin_registered [hook]
          plugin: <module '_pytest.assertion' from 'D:\\Python\\lib\\site-packages\\_pytest\\assertion\\__init__.py'>
          manager: <_pytest.config.PytestPluginManager object at 0x00000246F58E8208>
      finish pytest_plugin_registered --> [] [hook]
      pytest_plugin_registered [hook]
          plugin: <module '_pytest.junitxml' from 'D:\\Python\\lib\\site-packages\\_pytest\\junitxml.py'>
          manager: <_pytest.config.PytestPluginManager object at 0x00000246F58E8208>
      finish pytest_plugin_registered --> [] [hook]
      pytest_plugin_registered [hook]
          plugin: <module '_pytest.resultlog' from 'D:\\Python\\lib\\site-packages\\_pytest\\resultlog.py'>
          manager: <_pytest.config.PytestPluginManager object at 0x00000246F58E8208>
      finish pytest_plugin_registered --> [] [hook]
      pytest_plugin_registered [hook]
          plugin: <module '_pytest.doctest' from 'D:\\Python\\lib\\site-packages\\_pytest\\doctest.py'>
          manager: <_pytest.config.PytestPluginManager object at 0x00000246F58E8208>
      finish pytest_plugin_registered --> [] [hook]
      pytest_plugin_registered [hook]
          plugin: <module '_pytest.cacheprovider' from 'D:\\Python\\lib\\site-packages\\_pytest\\cacheprovider.py'>
          manager: <_pytest.config.PytestPluginManager object at 0x00000246F58E8208>
      finish pytest_plugin_registered --> [] [hook]
      pytest_plugin_registered [hook]
          plugin: <module '_pytest.freeze_support' from 'D:\\Python\\lib\\site-packages\\_pytest\\freeze_support.py'>
          manager: <_pytest.config.PytestPluginManager object at 0x00000246F58E8208>
      finish pytest_plugin_registered --> [] [hook]
      pytest_plugin_registered [hook]
          plugin: <module '_pytest.setuponly' from 'D:\\Python\\lib\\site-packages\\_pytest\\setuponly.py'>
          manager: <_pytest.config.PytestPluginManager object at 0x00000246F58E8208>
      finish pytest_plugin_registered --> [] [hook]
      pytest_plugin_registered [hook]
          plugin: <module '_pytest.setupplan' from 'D:\\Python\\lib\\site-packages\\_pytest\\setupplan.py'>
          manager: <_pytest.config.PytestPluginManager object at 0x00000246F58E8208>
      finish pytest_plugin_registered --> [] [hook]
      pytest_plugin_registered [hook]
          plugin: <module '_pytest.warnings' from 'D:\\Python\\lib\\site-packages\\_pytest\\warnings.py'>
          manager: <_pytest.config.PytestPluginManager object at 0x00000246F58E8208>
      finish pytest_plugin_registered --> [] [hook]
      pytest_plugin_registered [hook]
          plugin: <module '_pytest.logging' from 'D:\\Python\\lib\\site-packages\\_pytest\\logging.py'>
          manager: <_pytest.config.PytestPluginManager object at 0x00000246F58E8208>
      finish pytest_plugin_registered --> [] [hook]
      pytest_plugin_registered [hook]
          plugin: <module 'allure.pytest_plugin' from 'd:\\python\\lib\\site-packages\\allure\\pytest_plugin.py'>
          manager: <_pytest.config.PytestPluginManager object at 0x00000246F58E8208>
      finish pytest_plugin_registered --> [] [hook]
      pytest_plugin_registered [hook]
          plugin: <_pytest.capture.CaptureManager object at 0x00000246F6B09390>
          manager: <_pytest.config.PytestPluginManager object at 0x00000246F58E8208>
      finish pytest_plugin_registered --> [] [hook]
      pytest_plugin_registered [hook]
          plugin: <module 'conftest' from 'D:\\JK_pytest\\conftest.py'>
          manager: <_pytest.config.PytestPluginManager object at 0x00000246F58E8208>
      finish pytest_plugin_registered --> [] [hook]
      pytest_plugin_registered [hook]
          plugin: <module 'testcase.conftest' from 'D:\\JK_pytest\\testcase\\conftest.py'>
          manager: <_pytest.config.PytestPluginManager object at 0x00000246F58E8208>
      finish pytest_plugin_registered --> [] [hook]
      pytest_plugin_registered [hook]
          plugin: <Session 'JK_pytest'>
          manager: <_pytest.config.PytestPluginManager object at 0x00000246F58E8208>
      finish pytest_plugin_registered --> [] [hook]
      pytest_plugin_registered [hook]
          plugin: <_pytest.cacheprovider.LFPlugin object at 0x00000246F6E741D0>
          manager: <_pytest.config.PytestPluginManager object at 0x00000246F58E8208>
      finish pytest_plugin_registered --> [] [hook]
      pytest_plugin_registered [hook]
          plugin: <_pytest.cacheprovider.NFPlugin object at 0x00000246F6E74400>
          manager: <_pytest.config.PytestPluginManager object at 0x00000246F58E8208>
      finish pytest_plugin_registered --> [] [hook]
      pytest_plugin_registered [hook]
          plugin: <allure.pytest_plugin.AllureTestListener object at 0x00000246F6E744E0>
          manager: <_pytest.config.PytestPluginManager object at 0x00000246F58E8208>
      finish pytest_plugin_registered --> [] [hook]
      pytest_plugin_registered [hook]
          plugin: <allure.pytest_plugin.AllureAgregatingListener object at 0x00000246F6E745C0>
          manager: <_pytest.config.PytestPluginManager object at 0x00000246F58E8208>
      finish pytest_plugin_registered --> [] [hook]
      pytest_plugin_registered [hook]
          plugin: <allure.pytest_plugin.AllureCollectionListener object at 0x00000246F6E745F8>
          manager: <_pytest.config.PytestPluginManager object at 0x00000246F58E8208>
      finish pytest_plugin_registered --> [] [hook]
      pytest_plugin_registered [hook]
          plugin: <_pytest.logging.LoggingPlugin object at 0x00000246F6E746A0>
          manager: <_pytest.config.PytestPluginManager object at 0x00000246F58E8208>
      finish pytest_plugin_registered --> [] [hook]
      pytest_plugin_registered [hook]
          plugin: <_pytest.terminal.TerminalReporter object at 0x00000246F6E74978>
          manager: <_pytest.config.PytestPluginManager object at 0x00000246F58E8208>
      finish pytest_plugin_registered --> [] [hook]
    finish pytest_configure --> [] [hook]
    pytest_sessionstart [hook]
        session: <Session 'JK_pytest'>
      pytest_plugin_registered [hook]
          plugin: <_pytest.config.PytestPluginManager object at 0x00000246F58E8208>
          manager: <_pytest.config.PytestPluginManager object at 0x00000246F58E8208>
      finish pytest_plugin_registered --> [] [hook]
      pytest_plugin_registered [hook]
          plugin: <_pytest.config.Config object at 0x00000246F65F0DA0>
          manager: <_pytest.config.PytestPluginManager object at 0x00000246F58E8208>
      finish pytest_plugin_registered --> [] [hook]
      pytest_plugin_registered [hook]
          plugin: <module '_pytest.mark' from 'D:\\Python\\lib\\site-packages\\_pytest\\mark\\__init__.py'>
          manager: <_pytest.config.PytestPluginManager object at 0x00000246F58E8208>
      finish pytest_plugin_registered --> [] [hook]
      pytest_plugin_registered [hook]
          plugin: <module '_pytest.main' from 'D:\\Python\\lib\\site-packages\\_pytest\\main.py'>
          manager: <_pytest.config.PytestPluginManager object at 0x00000246F58E8208>
      finish pytest_plugin_registered --> [] [hook]
      pytest_plugin_registered [hook]
          plugin: <module '_pytest.terminal' from 'D:\\Python\\lib\\site-packages\\_pytest\\terminal.py'>
          manager: <_pytest.config.PytestPluginManager object at 0x00000246F58E8208>
      finish pytest_plugin_registered --> [] [hook]
      pytest_plugin_registered [hook]
          plugin: <module '_pytest.runner' from 'D:\\Python\\lib\\site-packages\\_pytest\\runner.py'>
          manager: <_pytest.config.PytestPluginManager object at 0x00000246F58E8208>
      finish pytest_plugin_registered --> [] [hook]
      pytest_plugin_registered [hook]
          plugin: <module '_pytest.python' from 'D:\\Python\\lib\\site-packages\\_pytest\\python.py'>
          manager: <_pytest.config.PytestPluginManager object at 0x00000246F58E8208>
      finish pytest_plugin_registered --> [] [hook]
      pytest_plugin_registered [hook]
          plugin: <module '_pytest.fixtures' from 'D:\\Python\\lib\\site-packages\\_pytest\\fixtures.py'>
          manager: <_pytest.config.PytestPluginManager object at 0x00000246F58E8208>
      finish pytest_plugin_registered --> [] [hook]
      pytest_plugin_registered [hook]
          plugin: <module '_pytest.debugging' from 'D:\\Python\\lib\\site-packages\\_pytest\\debugging.py'>
          manager: <_pytest.config.PytestPluginManager object at 0x00000246F58E8208>
      finish pytest_plugin_registered --> [] [hook]
      pytest_plugin_registered [hook]
          plugin: <module '_pytest.unittest' from 'D:\\Python\\lib\\site-packages\\_pytest\\unittest.py'>
          manager: <_pytest.config.PytestPluginManager object at 0x00000246F58E8208>
      finish pytest_plugin_registered --> [] [hook]
      pytest_plugin_registered [hook]
          plugin: <module '_pytest.capture' from 'D:\\Python\\lib\\site-packages\\_pytest\\capture.py'>
          manager: <_pytest.config.PytestPluginManager object at 0x00000246F58E8208>
      finish pytest_plugin_registered --> [] [hook]
      pytest_plugin_registered [hook]
          plugin: <module '_pytest.skipping' from 'D:\\Python\\lib\\site-packages\\_pytest\\skipping.py'>
          manager: <_pytest.config.PytestPluginManager object at 0x00000246F58E8208>
      finish pytest_plugin_registered --> [] [hook]
      pytest_plugin_registered [hook]
          plugin: <module '_pytest.tmpdir' from 'D:\\Python\\lib\\site-packages\\_pytest\\tmpdir.py'>
          manager: <_pytest.config.PytestPluginManager object at 0x00000246F58E8208>
      finish pytest_plugin_registered --> [] [hook]
      pytest_plugin_registered [hook]
          plugin: <module '_pytest.monkeypatch' from 'D:\\Python\\lib\\site-packages\\_pytest\\monkeypatch.py'>
          manager: <_pytest.config.PytestPluginManager object at 0x00000246F58E8208>
      finish pytest_plugin_registered --> [] [hook]
      pytest_plugin_registered [hook]
          plugin: <module '_pytest.recwarn' from 'D:\\Python\\lib\\site-packages\\_pytest\\recwarn.py'>
          manager: <_pytest.config.PytestPluginManager object at 0x00000246F58E8208>
      finish pytest_plugin_registered --> [] [hook]
      pytest_plugin_registered [hook]
          plugin: <module '_pytest.pastebin' from 'D:\\Python\\lib\\site-packages\\_pytest\\pastebin.py'>
          manager: <_pytest.config.PytestPluginManager object at 0x00000246F58E8208>
      finish pytest_plugin_registered --> [] [hook]
      pytest_plugin_registered [hook]
          plugin: <module '_pytest.helpconfig' from 'D:\\Python\\lib\\site-packages\\_pytest\\helpconfig.py'>
          manager: <_pytest.config.PytestPluginManager object at 0x00000246F58E8208>
      finish pytest_plugin_registered --> [] [hook]
      pytest_plugin_registered [hook]
          plugin: <module '_pytest.nose' from 'D:\\Python\\lib\\site-packages\\_pytest\\nose.py'>
          manager: <_pytest.config.PytestPluginManager object at 0x00000246F58E8208>
      finish pytest_plugin_registered --> [] [hook]
      pytest_plugin_registered [hook]
          plugin: <module '_pytest.assertion' from 'D:\\Python\\lib\\site-packages\\_pytest\\assertion\\__init__.py'>
          manager: <_pytest.config.PytestPluginManager object at 0x00000246F58E8208>
      finish pytest_plugin_registered --> [] [hook]
      pytest_plugin_registered [hook]
          plugin: <module '_pytest.junitxml' from 'D:\\Python\\lib\\site-packages\\_pytest\\junitxml.py'>
          manager: <_pytest.config.PytestPluginManager object at 0x00000246F58E8208>
      finish pytest_plugin_registered --> [] [hook]
      pytest_plugin_registered [hook]
          plugin: <module '_pytest.resultlog' from 'D:\\Python\\lib\\site-packages\\_pytest\\resultlog.py'>
          manager: <_pytest.config.PytestPluginManager object at 0x00000246F58E8208>
      finish pytest_plugin_registered --> [] [hook]
      pytest_plugin_registered [hook]
          plugin: <module '_pytest.doctest' from 'D:\\Python\\lib\\site-packages\\_pytest\\doctest.py'>
          manager: <_pytest.config.PytestPluginManager object at 0x00000246F58E8208>
      finish pytest_plugin_registered --> [] [hook]
      pytest_plugin_registered [hook]
          plugin: <module '_pytest.cacheprovider' from 'D:\\Python\\lib\\site-packages\\_pytest\\cacheprovider.py'>
          manager: <_pytest.config.PytestPluginManager object at 0x00000246F58E8208>
      finish pytest_plugin_registered --> [] [hook]
      pytest_plugin_registered [hook]
          plugin: <module '_pytest.freeze_support' from 'D:\\Python\\lib\\site-packages\\_pytest\\freeze_support.py'>
          manager: <_pytest.config.PytestPluginManager object at 0x00000246F58E8208>
      finish pytest_plugin_registered --> [] [hook]
      pytest_plugin_registered [hook]
          plugin: <module '_pytest.setuponly' from 'D:\\Python\\lib\\site-packages\\_pytest\\setuponly.py'>
          manager: <_pytest.config.PytestPluginManager object at 0x00000246F58E8208>
      finish pytest_plugin_registered --> [] [hook]
      pytest_plugin_registered [hook]
          plugin: <module '_pytest.setupplan' from 'D:\\Python\\lib\\site-packages\\_pytest\\setupplan.py'>
          manager: <_pytest.config.PytestPluginManager object at 0x00000246F58E8208>
      finish pytest_plugin_registered --> [] [hook]
      pytest_plugin_registered [hook]
          plugin: <module '_pytest.warnings' from 'D:\\Python\\lib\\site-packages\\_pytest\\warnings.py'>
          manager: <_pytest.config.PytestPluginManager object at 0x00000246F58E8208>
      finish pytest_plugin_registered --> [] [hook]
      pytest_plugin_registered [hook]
          plugin: <module '_pytest.logging' from 'D:\\Python\\lib\\site-packages\\_pytest\\logging.py'>
          manager: <_pytest.config.PytestPluginManager object at 0x00000246F58E8208>
      finish pytest_plugin_registered --> [] [hook]
      pytest_plugin_registered [hook]
          plugin: <module 'allure.pytest_plugin' from 'd:\\python\\lib\\site-packages\\allure\\pytest_plugin.py'>
          manager: <_pytest.config.PytestPluginManager object at 0x00000246F58E8208>
      finish pytest_plugin_registered --> [] [hook]
      pytest_plugin_registered [hook]
          plugin: <_pytest.capture.CaptureManager object at 0x00000246F6B09390>
          manager: <_pytest.config.PytestPluginManager object at 0x00000246F58E8208>
      finish pytest_plugin_registered --> [] [hook]
      pytest_plugin_registered [hook]
          plugin: <module 'conftest' from 'D:\\JK_pytest\\conftest.py'>
          manager: <_pytest.config.PytestPluginManager object at 0x00000246F58E8208>
      finish pytest_plugin_registered --> [] [hook]
      pytest_plugin_registered [hook]
          plugin: <module 'testcase.conftest' from 'D:\\JK_pytest\\testcase\\conftest.py'>
          manager: <_pytest.config.PytestPluginManager object at 0x00000246F58E8208>
      finish pytest_plugin_registered --> [] [hook]
      pytest_plugin_registered [hook]
          plugin: <Session 'JK_pytest'>
          manager: <_pytest.config.PytestPluginManager object at 0x00000246F58E8208>
      finish pytest_plugin_registered --> [] [hook]
      pytest_plugin_registered [hook]
          plugin: <_pytest.cacheprovider.LFPlugin object at 0x00000246F6E741D0>
          manager: <_pytest.config.PytestPluginManager object at 0x00000246F58E8208>
      finish pytest_plugin_registered --> [] [hook]
      pytest_plugin_registered [hook]
          plugin: <_pytest.cacheprovider.NFPlugin object at 0x00000246F6E74400>
          manager: <_pytest.config.PytestPluginManager object at 0x00000246F58E8208>
      finish pytest_plugin_registered --> [] [hook]
      pytest_plugin_registered [hook]
          plugin: <allure.pytest_plugin.AllureTestListener object at 0x00000246F6E744E0>
          manager: <_pytest.config.PytestPluginManager object at 0x00000246F58E8208>
      finish pytest_plugin_registered --> [] [hook]
      pytest_plugin_registered [hook]
          plugin: <allure.pytest_plugin.AllureAgregatingListener object at 0x00000246F6E745C0>
          manager: <_pytest.config.PytestPluginManager object at 0x00000246F58E8208>
      finish pytest_plugin_registered --> [] [hook]
      pytest_plugin_registered [hook]
          plugin: <allure.pytest_plugin.AllureCollectionListener object at 0x00000246F6E745F8>
          manager: <_pytest.config.PytestPluginManager object at 0x00000246F58E8208>
      finish pytest_plugin_registered --> [] [hook]
      pytest_plugin_registered [hook]
          plugin: <_pytest.logging.LoggingPlugin object at 0x00000246F6E746A0>
          manager: <_pytest.config.PytestPluginManager object at 0x00000246F58E8208>
      finish pytest_plugin_registered --> [] [hook]
      pytest_plugin_registered [hook]
          plugin: <_pytest.terminal.TerminalReporter object at 0x00000246F6E74978>
          manager: <_pytest.config.PytestPluginManager object at 0x00000246F58E8208>
      finish pytest_plugin_registered --> [] [hook]
      pytest_plugin_registered [hook]
          plugin: <_pytest.fixtures.FixtureManager object at 0x00000246F6E8CC18>
          manager: <_pytest.config.PytestPluginManager object at 0x00000246F58E8208>
      finish pytest_plugin_registered --> [] [hook]
      pytest_report_header [hook]
          config: <_pytest.config.Config object at 0x00000246F65F0DA0>
          startdir: D:\JK_pytest
      finish pytest_report_header --> [['rootdir: D:\\JK_pytest, inifile:', 'plugins: allure-adaptor-1.7.10'], ['using: pytest-3.7.3 pylib-1.8.0', 'setuptools registered plugins:', '  pytest-allure-adaptor-1.7.10 at d:\\python\\lib\\site-packages\\allure\\pytest_plugin.py']] [hook]
    finish pytest_sessionstart --> [] [hook]
    pytest_collection [hook]
        session: <Session 'JK_pytest'>
    perform_collect <Session 'JK_pytest'> ['D:\\JK_pytest'] [collection]
        pytest_collectstart [hook]
            collector: <Session 'JK_pytest'>
        finish pytest_collectstart --> [] [hook]
        pytest_make_collect_report [hook]
            collector: <Session 'JK_pytest'>
        processing argument D:\JK_pytest [collection]
            pytest_ignore_collect [hook]
                path: D:\JK_pytest\.idea
                config: <_pytest.config.Config object at 0x00000246F65F0DA0>
            finish pytest_ignore_collect --> False [hook]
            pytest_ignore_collect [hook]
                path: D:\JK_pytest\.pytest_cache
                config: <_pytest.config.Config object at 0x00000246F65F0DA0>
            finish pytest_ignore_collect --> False [hook]
            pytest_ignore_collect [hook]
                path: D:\JK_pytest\commom
                config: <_pytest.config.Config object at 0x00000246F65F0DA0>
            finish pytest_ignore_collect --> False [hook]
            pytest_collect_directory [hook]
                path: D:\JK_pytest\commom
                parent: <Session 'JK_pytest'>
            finish pytest_collect_directory --> None [hook]
            pytest_ignore_collect [hook]
                path: D:\JK_pytest\report
                config: <_pytest.config.Config object at 0x00000246F65F0DA0>
            finish pytest_ignore_collect --> False [hook]
            pytest_collect_directory [hook]
                path: D:\JK_pytest\report
                parent: <Session 'JK_pytest'>
            finish pytest_collect_directory --> None [hook]
            pytest_ignore_collect [hook]
                path: D:\JK_pytest\testcase
                config: <_pytest.config.Config object at 0x00000246F65F0DA0>
            finish pytest_ignore_collect --> False [hook]
            pytest_collect_directory [hook]
                path: D:\JK_pytest\testcase
                parent: <Session 'JK_pytest'>
            finish pytest_collect_directory --> None [hook]
            pytest_ignore_collect [hook]
                path: D:\JK_pytest\util
                config: <_pytest.config.Config object at 0x00000246F65F0DA0>
            finish pytest_ignore_collect --> False [hook]
            pytest_collect_directory [hook]
                path: D:\JK_pytest\util
                parent: <Session 'JK_pytest'>
            finish pytest_collect_directory --> None [hook]
            pytest_ignore_collect [hook]
                path: D:\JK_pytest\__pycache__
                config: <_pytest.config.Config object at 0x00000246F65F0DA0>
            finish pytest_ignore_collect --> False [hook]
            pytest_collect_directory [hook]
                path: D:\JK_pytest\__pycache__
                parent: <Session 'JK_pytest'>
            finish pytest_collect_directory --> None [hook]
            pytest_ignore_collect [hook]
                path: D:\JK_pytest\conftest.py
                config: <_pytest.config.Config object at 0x00000246F65F0DA0>
            finish pytest_ignore_collect --> False [hook]
            pytest_collect_file [hook]
                path: D:\JK_pytest\conftest.py
                parent: <Session 'JK_pytest'>
            finish pytest_collect_file --> [] [hook]
            pytest_ignore_collect [hook]
                path: D:\JK_pytest\pytestdebug.log
                config: <_pytest.config.Config object at 0x00000246F65F0DA0>
            finish pytest_ignore_collect --> False [hook]
            pytest_collect_file [hook]
                path: D:\JK_pytest\pytestdebug.log
                parent: <Session 'JK_pytest'>
            finish pytest_collect_file --> [] [hook]
            pytest_ignore_collect [hook]
                path: D:\JK_pytest\requirements.txt
                config: <_pytest.config.Config object at 0x00000246F65F0DA0>
            finish pytest_ignore_collect --> False [hook]
            pytest_collect_file [hook]
                path: D:\JK_pytest\requirements.txt
                parent: <Session 'JK_pytest'>
            finish pytest_collect_file --> [] [hook]
            pytest_ignore_collect [hook]
                path: D:\JK_pytest\run.main.py
                config: <_pytest.config.Config object at 0x00000246F65F0DA0>
            finish pytest_ignore_collect --> False [hook]
            pytest_collect_file [hook]
                path: D:\JK_pytest\run.main.py
                parent: <Session 'JK_pytest'>
            finish pytest_collect_file --> [] [hook]
            pytest_ignore_collect [hook]
                path: D:\JK_pytest\__pycache__\conftest.cpython-36-PYTEST.pyc
                config: <_pytest.config.Config object at 0x00000246F65F0DA0>
            finish pytest_ignore_collect --> False [hook]
            pytest_collect_file [hook]
                path: D:\JK_pytest\__pycache__\conftest.cpython-36-PYTEST.pyc
                parent: <Session 'JK_pytest'>
            finish pytest_collect_file --> [] [hook]
            pytest_ignore_collect [hook]
                path: D:\JK_pytest\commom\__pycache__
                config: <_pytest.config.Config object at 0x00000246F65F0DA0>
            finish pytest_ignore_collect --> False [hook]
            pytest_collect_directory [hook]
                path: D:\JK_pytest\commom\__pycache__
                parent: <Session 'JK_pytest'>
            finish pytest_collect_directory --> None [hook]
            pytest_ignore_collect [hook]
                path: D:\JK_pytest\commom\__init__.py
                config: <_pytest.config.Config object at 0x00000246F65F0DA0>
            finish pytest_ignore_collect --> False [hook]
            pytest_collect_file [hook]
                path: D:\JK_pytest\commom\__init__.py
                parent: <Session 'JK_pytest'>
              pytest_pycollect_makemodule [hook]
                  path: D:\JK_pytest\commom\__init__.py
                  parent: <Session 'JK_pytest'>
              finish pytest_pycollect_makemodule --> <Package 'D:\\JK_pytest\\commom'> [hook]
            finish pytest_collect_file --> [<Package 'D:\\JK_pytest\\commom'>] [hook]
            pytest_ignore_collect [hook]
                path: D:\JK_pytest\report\html
                config: <_pytest.config.Config object at 0x00000246F65F0DA0>
            finish pytest_ignore_collect --> False [hook]
            pytest_collect_directory [hook]
                path: D:\JK_pytest\report\html
                parent: <Session 'JK_pytest'>
            finish pytest_collect_directory --> None [hook]
            pytest_ignore_collect [hook]
                path: D:\JK_pytest\report\xml
                config: <_pytest.config.Config object at 0x00000246F65F0DA0>
            finish pytest_ignore_collect --> False [hook]
            pytest_collect_directory [hook]
                path: D:\JK_pytest\report\xml
                parent: <Session 'JK_pytest'>
            finish pytest_collect_directory --> None [hook]
            pytest_ignore_collect [hook]
                path: D:\JK_pytest\report\html\data
                config: <_pytest.config.Config object at 0x00000246F65F0DA0>
            finish pytest_ignore_collect --> False [hook]
            pytest_collect_directory [hook]
                path: D:\JK_pytest\report\html\data
                parent: <Session 'JK_pytest'>
            finish pytest_collect_directory --> None [hook]
            pytest_ignore_collect [hook]
                path: D:\JK_pytest\report\html\export
                config: <_pytest.config.Config object at 0x00000246F65F0DA0>
            finish pytest_ignore_collect --> False [hook]
            pytest_collect_directory [hook]
                path: D:\JK_pytest\report\html\export
                parent: <Session 'JK_pytest'>
            finish pytest_collect_directory --> None [hook]
            pytest_ignore_collect [hook]
                path: D:\JK_pytest\report\html\history
                config: <_pytest.config.Config object at 0x00000246F65F0DA0>
            finish pytest_ignore_collect --> False [hook]
            pytest_collect_directory [hook]
                path: D:\JK_pytest\report\html\history
                parent: <Session 'JK_pytest'>
            finish pytest_collect_directory --> None [hook]
            pytest_ignore_collect [hook]
                path: D:\JK_pytest\report\html\plugins
                config: <_pytest.config.Config object at 0x00000246F65F0DA0>
            finish pytest_ignore_collect --> False [hook]
            pytest_collect_directory [hook]
                path: D:\JK_pytest\report\html\plugins
                parent: <Session 'JK_pytest'>
            finish pytest_collect_directory --> None [hook]
            pytest_ignore_collect [hook]
                path: D:\JK_pytest\report\html\widgets
                config: <_pytest.config.Config object at 0x00000246F65F0DA0>
            finish pytest_ignore_collect --> False [hook]
            pytest_collect_directory [hook]
                path: D:\JK_pytest\report\html\widgets
                parent: <Session 'JK_pytest'>
            finish pytest_collect_directory --> None [hook]
            pytest_ignore_collect [hook]
                path: D:\JK_pytest\report\html\app.js
                config: <_pytest.config.Config object at 0x00000246F65F0DA0>
            finish pytest_ignore_collect --> False [hook]
            pytest_collect_file [hook]
                path: D:\JK_pytest\report\html\app.js
                parent: <Session 'JK_pytest'>
            finish pytest_collect_file --> [] [hook]
            pytest_ignore_collect [hook]
                path: D:\JK_pytest\report\html\favicon.ico
                config: <_pytest.config.Config object at 0x00000246F65F0DA0>
            finish pytest_ignore_collect --> False [hook]
            pytest_collect_file [hook]
                path: D:\JK_pytest\report\html\favicon.ico
                parent: <Session 'JK_pytest'>
            finish pytest_collect_file --> [] [hook]
            pytest_ignore_collect [hook]
                path: D:\JK_pytest\report\html\index.html
                config: <_pytest.config.Config object at 0x00000246F65F0DA0>
            finish pytest_ignore_collect --> False [hook]
            pytest_collect_file [hook]
                path: D:\JK_pytest\report\html\index.html
                parent: <Session 'JK_pytest'>
            finish pytest_collect_file --> [] [hook]
            pytest_ignore_collect [hook]
                path: D:\JK_pytest\report\html\styles.css
                config: <_pytest.config.Config object at 0x00000246F65F0DA0>
            finish pytest_ignore_collect --> False [hook]
            pytest_collect_file [hook]
                path: D:\JK_pytest\report\html\styles.css
                parent: <Session 'JK_pytest'>
            finish pytest_collect_file --> [] [hook]
            pytest_ignore_collect [hook]
                path: D:\JK_pytest\report\html\data\attachments
                config: <_pytest.config.Config object at 0x00000246F65F0DA0>
            finish pytest_ignore_collect --> False [hook]
            pytest_collect_directory [hook]
                path: D:\JK_pytest\report\html\data\attachments
                parent: <Session 'JK_pytest'>
            finish pytest_collect_directory --> None [hook]
            pytest_ignore_collect [hook]
                path: D:\JK_pytest\report\html\data\test-cases
                config: <_pytest.config.Config object at 0x00000246F65F0DA0>
            finish pytest_ignore_collect --> False [hook]
            pytest_collect_directory [hook]
                path: D:\JK_pytest\report\html\data\test-cases
                parent: <Session 'JK_pytest'>
            finish pytest_collect_directory --> None [hook]
            pytest_ignore_collect [hook]
                path: D:\JK_pytest\report\html\data\behaviors.csv
                config: <_pytest.config.Config object at 0x00000246F65F0DA0>
            finish pytest_ignore_collect --> False [hook]
            pytest_collect_file [hook]
                path: D:\JK_pytest\report\html\data\behaviors.csv
                parent: <Session 'JK_pytest'>
            finish pytest_collect_file --> [] [hook]
            pytest_ignore_collect [hook]
                path: D:\JK_pytest\report\html\data\behaviors.json
                config: <_pytest.config.Config object at 0x00000246F65F0DA0>
            finish pytest_ignore_collect --> False [hook]
            pytest_collect_file [hook]
                path: D:\JK_pytest\report\html\data\behaviors.json
                parent: <Session 'JK_pytest'>
            finish pytest_collect_file --> [] [hook]
            pytest_ignore_collect [hook]
                path: D:\JK_pytest\report\html\data\categories.csv
                config: <_pytest.config.Config object at 0x00000246F65F0DA0>
            finish pytest_ignore_collect --> False [hook]
            pytest_collect_file [hook]
                path: D:\JK_pytest\report\html\data\categories.csv
                parent: <Session 'JK_pytest'>
            finish pytest_collect_file --> [] [hook]
            pytest_ignore_collect [hook]
                path: D:\JK_pytest\report\html\data\categories.json
                config: <_pytest.config.Config object at 0x00000246F65F0DA0>
            finish pytest_ignore_collect --> False [hook]
            pytest_collect_file [hook]
                path: D:\JK_pytest\report\html\data\categories.json
                parent: <Session 'JK_pytest'>
            finish pytest_collect_file --> [] [hook]
            pytest_ignore_collect [hook]
                path: D:\JK_pytest\report\html\data\packages.json
                config: <_pytest.config.Config object at 0x00000246F65F0DA0>
            finish pytest_ignore_collect --> False [hook]
            pytest_collect_file [hook]
                path: D:\JK_pytest\report\html\data\packages.json
                parent: <Session 'JK_pytest'>
            finish pytest_collect_file --> [] [hook]
            pytest_ignore_collect [hook]
                path: D:\JK_pytest\report\html\data\suites.csv
                config: <_pytest.config.Config object at 0x00000246F65F0DA0>
            finish pytest_ignore_collect --> False [hook]
            pytest_collect_file [hook]
                path: D:\JK_pytest\report\html\data\suites.csv
                parent: <Session 'JK_pytest'>
            finish pytest_collect_file --> [] [hook]
            pytest_ignore_collect [hook]
                path: D:\JK_pytest\report\html\data\suites.json
                config: <_pytest.config.Config object at 0x00000246F65F0DA0>
            finish pytest_ignore_collect --> False [hook]
            pytest_collect_file [hook]
                path: D:\JK_pytest\report\html\data\suites.json
                parent: <Session 'JK_pytest'>
            finish pytest_collect_file --> [] [hook]
            pytest_ignore_collect [hook]
                path: D:\JK_pytest\report\html\data\timeline.json
                config: <_pytest.config.Config object at 0x00000246F65F0DA0>
            finish pytest_ignore_collect --> False [hook]
            pytest_collect_file [hook]
                path: D:\JK_pytest\report\html\data\timeline.json
                parent: <Session 'JK_pytest'>
            finish pytest_collect_file --> [] [hook]
            pytest_ignore_collect [hook]
                path: D:\JK_pytest\report\html\data\test-cases\993432ec3cae1a45.json
                config: <_pytest.config.Config object at 0x00000246F65F0DA0>
            finish pytest_ignore_collect --> False [hook]
            pytest_collect_file [hook]
                path: D:\JK_pytest\report\html\data\test-cases\993432ec3cae1a45.json
                parent: <Session 'JK_pytest'>
            finish pytest_collect_file --> [] [hook]
            pytest_ignore_collect [hook]
                path: D:\JK_pytest\report\html\data\test-cases\ad6fea14ff5df7b9.json
                config: <_pytest.config.Config object at 0x00000246F65F0DA0>
            finish pytest_ignore_collect --> False [hook]
            pytest_collect_file [hook]
                path: D:\JK_pytest\report\html\data\test-cases\ad6fea14ff5df7b9.json
                parent: <Session 'JK_pytest'>
            finish pytest_collect_file --> [] [hook]
            pytest_ignore_collect [hook]
                path: D:\JK_pytest\report\html\export\influxDbData.txt
                config: <_pytest.config.Config object at 0x00000246F65F0DA0>
            finish pytest_ignore_collect --> False [hook]
            pytest_collect_file [hook]
                path: D:\JK_pytest\report\html\export\influxDbData.txt
                parent: <Session 'JK_pytest'>
            finish pytest_collect_file --> [] [hook]
            pytest_ignore_collect [hook]
                path: D:\JK_pytest\report\html\export\mail.html
                config: <_pytest.config.Config object at 0x00000246F65F0DA0>
            finish pytest_ignore_collect --> False [hook]
            pytest_collect_file [hook]
                path: D:\JK_pytest\report\html\export\mail.html
                parent: <Session 'JK_pytest'>
            finish pytest_collect_file --> [] [hook]
            pytest_ignore_collect [hook]
                path: D:\JK_pytest\report\html\export\prometheusData.txt
                config: <_pytest.config.Config object at 0x00000246F65F0DA0>
            finish pytest_ignore_collect --> False [hook]
            pytest_collect_file [hook]
                path: D:\JK_pytest\report\html\export\prometheusData.txt
                parent: <Session 'JK_pytest'>
            finish pytest_collect_file --> [] [hook]
            pytest_ignore_collect [hook]
                path: D:\JK_pytest\report\html\history\categories-trend.json
                config: <_pytest.config.Config object at 0x00000246F65F0DA0>
            finish pytest_ignore_collect --> False [hook]
            pytest_collect_file [hook]
                path: D:\JK_pytest\report\html\history\categories-trend.json
                parent: <Session 'JK_pytest'>
            finish pytest_collect_file --> [] [hook]
            pytest_ignore_collect [hook]
                path: D:\JK_pytest\report\html\history\duration-trend.json
                config: <_pytest.config.Config object at 0x00000246F65F0DA0>
            finish pytest_ignore_collect --> False [hook]
            pytest_collect_file [hook]
                path: D:\JK_pytest\report\html\history\duration-trend.json
                parent: <Session 'JK_pytest'>
            finish pytest_collect_file --> [] [hook]
            pytest_ignore_collect [hook]
                path: D:\JK_pytest\report\html\history\history-trend.json
                config: <_pytest.config.Config object at 0x00000246F65F0DA0>
            finish pytest_ignore_collect --> False [hook]
            pytest_collect_file [hook]
                path: D:\JK_pytest\report\html\history\history-trend.json
                parent: <Session 'JK_pytest'>
            finish pytest_collect_file --> [] [hook]
            pytest_ignore_collect [hook]
                path: D:\JK_pytest\report\html\history\history.json
                config: <_pytest.config.Config object at 0x00000246F65F0DA0>
            finish pytest_ignore_collect --> False [hook]
            pytest_collect_file [hook]
                path: D:\JK_pytest\report\html\history\history.json
                parent: <Session 'JK_pytest'>
            finish pytest_collect_file --> [] [hook]
            pytest_ignore_collect [hook]
                path: D:\JK_pytest\report\html\history\retry-trend.json
                config: <_pytest.config.Config object at 0x00000246F65F0DA0>
            finish pytest_ignore_collect --> False [hook]
            pytest_collect_file [hook]
                path: D:\JK_pytest\report\html\history\retry-trend.json
                parent: <Session 'JK_pytest'>
            finish pytest_collect_file --> [] [hook]
            pytest_ignore_collect [hook]
                path: D:\JK_pytest\report\html\plugins\behaviors
                config: <_pytest.config.Config object at 0x00000246F65F0DA0>
            finish pytest_ignore_collect --> False [hook]
            pytest_collect_directory [hook]
                path: D:\JK_pytest\report\html\plugins\behaviors
                parent: <Session 'JK_pytest'>
            finish pytest_collect_directory --> None [hook]
            pytest_ignore_collect [hook]
                path: D:\JK_pytest\report\html\plugins\junit
                config: <_pytest.config.Config object at 0x00000246F65F0DA0>
            finish pytest_ignore_collect --> False [hook]
            pytest_collect_directory [hook]
                path: D:\JK_pytest\report\html\plugins\junit
                parent: <Session 'JK_pytest'>
            finish pytest_collect_directory --> None [hook]
            pytest_ignore_collect [hook]
                path: D:\JK_pytest\report\html\plugins\packages
                config: <_pytest.config.Config object at 0x00000246F65F0DA0>
            finish pytest_ignore_collect --> False [hook]
            pytest_collect_directory [hook]
                path: D:\JK_pytest\report\html\plugins\packages
                parent: <Session 'JK_pytest'>
            finish pytest_collect_directory --> None [hook]
            pytest_ignore_collect [hook]
                path: D:\JK_pytest\report\html\plugins\screen-diff
                config: <_pytest.config.Config object at 0x00000246F65F0DA0>
            finish pytest_ignore_collect --> False [hook]
            pytest_collect_directory [hook]
                path: D:\JK_pytest\report\html\plugins\screen-diff
                parent: <Session 'JK_pytest'>
            finish pytest_collect_directory --> None [hook]
            pytest_ignore_collect [hook]
                path: D:\JK_pytest\report\html\plugins\trx
                config: <_pytest.config.Config object at 0x00000246F65F0DA0>
            finish pytest_ignore_collect --> False [hook]
            pytest_collect_directory [hook]
                path: D:\JK_pytest\report\html\plugins\trx
                parent: <Session 'JK_pytest'>
            finish pytest_collect_directory --> None [hook]
            pytest_ignore_collect [hook]
                path: D:\JK_pytest\report\html\plugins\xctest
                config: <_pytest.config.Config object at 0x00000246F65F0DA0>
            finish pytest_ignore_collect --> False [hook]
            pytest_collect_directory [hook]
                path: D:\JK_pytest\report\html\plugins\xctest
                parent: <Session 'JK_pytest'>
            finish pytest_collect_directory --> None [hook]
            pytest_ignore_collect [hook]
                path: D:\JK_pytest\report\html\plugins\xunit-xml
                config: <_pytest.config.Config object at 0x00000246F65F0DA0>
            finish pytest_ignore_collect --> False [hook]
            pytest_collect_directory [hook]
                path: D:\JK_pytest\report\html\plugins\xunit-xml
                parent: <Session 'JK_pytest'>
            finish pytest_collect_directory --> None [hook]
            pytest_ignore_collect [hook]
                path: D:\JK_pytest\report\html\plugins\behaviors\index.js
                config: <_pytest.config.Config object at 0x00000246F65F0DA0>
            finish pytest_ignore_collect --> False [hook]
            pytest_collect_file [hook]
                path: D:\JK_pytest\report\html\plugins\behaviors\index.js
                parent: <Session 'JK_pytest'>
            finish pytest_collect_file --> [] [hook]
            pytest_ignore_collect [hook]
                path: D:\JK_pytest\report\html\plugins\packages\index.js
                config: <_pytest.config.Config object at 0x00000246F65F0DA0>
            finish pytest_ignore_collect --> False [hook]
            pytest_collect_file [hook]
                path: D:\JK_pytest\report\html\plugins\packages\index.js
                parent: <Session 'JK_pytest'>
            finish pytest_collect_file --> [] [hook]
            pytest_ignore_collect [hook]
                path: D:\JK_pytest\report\html\plugins\screen-diff\index.js
                config: <_pytest.config.Config object at 0x00000246F65F0DA0>
            finish pytest_ignore_collect --> False [hook]
            pytest_collect_file [hook]
                path: D:\JK_pytest\report\html\plugins\screen-diff\index.js
                parent: <Session 'JK_pytest'>
            finish pytest_collect_file --> [] [hook]
            pytest_ignore_collect [hook]
                path: D:\JK_pytest\report\html\plugins\screen-diff\styles.css
                config: <_pytest.config.Config object at 0x00000246F65F0DA0>
            finish pytest_ignore_collect --> False [hook]
            pytest_collect_file [hook]
                path: D:\JK_pytest\report\html\plugins\screen-diff\styles.css
                parent: <Session 'JK_pytest'>
            finish pytest_collect_file --> [] [hook]
            pytest_ignore_collect [hook]
                path: D:\JK_pytest\report\html\widgets\behaviors.json
                config: <_pytest.config.Config object at 0x00000246F65F0DA0>
            finish pytest_ignore_collect --> False [hook]
            pytest_collect_file [hook]
                path: D:\JK_pytest\report\html\widgets\behaviors.json
                parent: <Session 'JK_pytest'>
            finish pytest_collect_file --> [] [hook]
            pytest_ignore_collect [hook]
                path: D:\JK_pytest\report\html\widgets\categories-trend.json
                config: <_pytest.config.Config object at 0x00000246F65F0DA0>
            finish pytest_ignore_collect --> False [hook]
            pytest_collect_file [hook]
                path: D:\JK_pytest\report\html\widgets\categories-trend.json
                parent: <Session 'JK_pytest'>
            finish pytest_collect_file --> [] [hook]
            pytest_ignore_collect [hook]
                path: D:\JK_pytest\report\html\widgets\categories.json
                config: <_pytest.config.Config object at 0x00000246F65F0DA0>
            finish pytest_ignore_collect --> False [hook]
            pytest_collect_file [hook]
                path: D:\JK_pytest\report\html\widgets\categories.json
                parent: <Session 'JK_pytest'>
            finish pytest_collect_file --> [] [hook]
            pytest_ignore_collect [hook]
                path: D:\JK_pytest\report\html\widgets\duration-trend.json
                config: <_pytest.config.Config object at 0x00000246F65F0DA0>
            finish pytest_ignore_collect --> False [hook]
            pytest_collect_file [hook]
                path: D:\JK_pytest\report\html\widgets\duration-trend.json
                parent: <Session 'JK_pytest'>
            finish pytest_collect_file --> [] [hook]
            pytest_ignore_collect [hook]
                path: D:\JK_pytest\report\html\widgets\duration.json
                config: <_pytest.config.Config object at 0x00000246F65F0DA0>
            finish pytest_ignore_collect --> False [hook]
            pytest_collect_file [hook]
                path: D:\JK_pytest\report\html\widgets\duration.json
                parent: <Session 'JK_pytest'>
            finish pytest_collect_file --> [] [hook]
            pytest_ignore_collect [hook]
                path: D:\JK_pytest\report\html\widgets\environment.json
                config: <_pytest.config.Config object at 0x00000246F65F0DA0>
            finish pytest_ignore_collect --> False [hook]
            pytest_collect_file [hook]
                path: D:\JK_pytest\report\html\widgets\environment.json
                parent: <Session 'JK_pytest'>
            finish pytest_collect_file --> [] [hook]
            pytest_ignore_collect [hook]
                path: D:\JK_pytest\report\html\widgets\executors.json
                config: <_pytest.config.Config object at 0x00000246F65F0DA0>
            finish pytest_ignore_collect --> False [hook]
            pytest_collect_file [hook]
                path: D:\JK_pytest\report\html\widgets\executors.json
                parent: <Session 'JK_pytest'>
            finish pytest_collect_file --> [] [hook]
            pytest_ignore_collect [hook]
                path: D:\JK_pytest\report\html\widgets\history-trend.json
                config: <_pytest.config.Config object at 0x00000246F65F0DA0>
            finish pytest_ignore_collect --> False [hook]
            pytest_collect_file [hook]
                path: D:\JK_pytest\report\html\widgets\history-trend.json
                parent: <Session 'JK_pytest'>
            finish pytest_collect_file --> [] [hook]
            pytest_ignore_collect [hook]
                path: D:\JK_pytest\report\html\widgets\launch.json
                config: <_pytest.config.Config object at 0x00000246F65F0DA0>
            finish pytest_ignore_collect --> False [hook]
            pytest_collect_file [hook]
                path: D:\JK_pytest\report\html\widgets\launch.json
                parent: <Session 'JK_pytest'>
            finish pytest_collect_file --> [] [hook]
            pytest_ignore_collect [hook]
                path: D:\JK_pytest\report\html\widgets\retry-trend.json
                config: <_pytest.config.Config object at 0x00000246F65F0DA0>
            finish pytest_ignore_collect --> False [hook]
            pytest_collect_file [hook]
                path: D:\JK_pytest\report\html\widgets\retry-trend.json
                parent: <Session 'JK_pytest'>
            finish pytest_collect_file --> [] [hook]
            pytest_ignore_collect [hook]
                path: D:\JK_pytest\report\html\widgets\severity.json
                config: <_pytest.config.Config object at 0x00000246F65F0DA0>
            finish pytest_ignore_collect --> False [hook]
            pytest_collect_file [hook]
                path: D:\JK_pytest\report\html\widgets\severity.json
                parent: <Session 'JK_pytest'>
            finish pytest_collect_file --> [] [hook]
            pytest_ignore_collect [hook]
                path: D:\JK_pytest\report\html\widgets\status-chart.json
                config: <_pytest.config.Config object at 0x00000246F65F0DA0>
            finish pytest_ignore_collect --> False [hook]
            pytest_collect_file [hook]
                path: D:\JK_pytest\report\html\widgets\status-chart.json
                parent: <Session 'JK_pytest'>
            finish pytest_collect_file --> [] [hook]
            pytest_ignore_collect [hook]
                path: D:\JK_pytest\report\html\widgets\suites.json
                config: <_pytest.config.Config object at 0x00000246F65F0DA0>
            finish pytest_ignore_collect --> False [hook]
            pytest_collect_file [hook]
                path: D:\JK_pytest\report\html\widgets\suites.json
                parent: <Session 'JK_pytest'>
            finish pytest_collect_file --> [] [hook]
            pytest_ignore_collect [hook]
                path: D:\JK_pytest\report\html\widgets\summary.json
                config: <_pytest.config.Config object at 0x00000246F65F0DA0>
            finish pytest_ignore_collect --> False [hook]
            pytest_collect_file [hook]
                path: D:\JK_pytest\report\html\widgets\summary.json
                parent: <Session 'JK_pytest'>
            finish pytest_collect_file --> [] [hook]
            pytest_ignore_collect [hook]
                path: D:\JK_pytest\testcase\.pytest_cache
                config: <_pytest.config.Config object at 0x00000246F65F0DA0>
            finish pytest_ignore_collect --> False [hook]
            pytest_ignore_collect [hook]
                path: D:\JK_pytest\testcase\clue
                config: <_pytest.config.Config object at 0x00000246F65F0DA0>
            finish pytest_ignore_collect --> False [hook]
            pytest_collect_directory [hook]
                path: D:\JK_pytest\testcase\clue
                parent: <Session 'JK_pytest'>
            finish pytest_collect_directory --> None [hook]
            pytest_ignore_collect [hook]
                path: D:\JK_pytest\testcase\patrol
                config: <_pytest.config.Config object at 0x00000246F65F0DA0>
            finish pytest_ignore_collect --> False [hook]
            pytest_collect_directory [hook]
                path: D:\JK_pytest\testcase\patrol
                parent: <Session 'JK_pytest'>
            finish pytest_collect_directory --> None [hook]
            pytest_ignore_collect [hook]
                path: D:\JK_pytest\testcase\place
                config: <_pytest.config.Config object at 0x00000246F65F0DA0>
            finish pytest_ignore_collect --> False [hook]
            pytest_collect_directory [hook]
                path: D:\JK_pytest\testcase\place
                parent: <Session 'JK_pytest'>
            finish pytest_collect_directory --> None [hook]
            pytest_ignore_collect [hook]
                path: D:\JK_pytest\testcase\region
                config: <_pytest.config.Config object at 0x00000246F65F0DA0>
            finish pytest_ignore_collect --> False [hook]
            pytest_collect_directory [hook]
                path: D:\JK_pytest\testcase\region
                parent: <Session 'JK_pytest'>
            finish pytest_collect_directory --> None [hook]
            pytest_ignore_collect [hook]
                path: D:\JK_pytest\testcase\sys
                config: <_pytest.config.Config object at 0x00000246F65F0DA0>
            finish pytest_ignore_collect --> False [hook]
            pytest_collect_directory [hook]
                path: D:\JK_pytest\testcase\sys
                parent: <Session 'JK_pytest'>
            finish pytest_collect_directory --> None [hook]
            pytest_ignore_collect [hook]
                path: D:\JK_pytest\testcase\user
                config: <_pytest.config.Config object at 0x00000246F65F0DA0>
            finish pytest_ignore_collect --> False [hook]
            pytest_collect_directory [hook]
                path: D:\JK_pytest\testcase\user
                parent: <Session 'JK_pytest'>
            finish pytest_collect_directory --> None [hook]
            pytest_ignore_collect [hook]
                path: D:\JK_pytest\testcase\__pycache__
                config: <_pytest.config.Config object at 0x00000246F65F0DA0>
            finish pytest_ignore_collect --> False [hook]
            pytest_collect_directory [hook]
                path: D:\JK_pytest\testcase\__pycache__
                parent: <Session 'JK_pytest'>
            finish pytest_collect_directory --> None [hook]
            pytest_ignore_collect [hook]
                path: D:\JK_pytest\testcase\__init__.py
                config: <_pytest.config.Config object at 0x00000246F65F0DA0>
            finish pytest_ignore_collect --> False [hook]
            pytest_collect_file [hook]
                path: D:\JK_pytest\testcase\__init__.py
                parent: <Session 'JK_pytest'>
              pytest_pycollect_makemodule [hook]
                  path: D:\JK_pytest\testcase\__init__.py
                  parent: <Session 'JK_pytest'>
              finish pytest_pycollect_makemodule --> <Package 'D:\\JK_pytest\\testcase'> [hook]
            finish pytest_collect_file --> [<Package 'D:\\JK_pytest\\testcase'>] [hook]
            pytest_ignore_collect [hook]
                path: D:\JK_pytest\testcase\sys\.pytest_cache
                config: <_pytest.config.Config object at 0x00000246F65F0DA0>
            finish pytest_ignore_collect --> False [hook]
            pytest_ignore_collect [hook]
                path: D:\JK_pytest\testcase\sys\__pycache__
                config: <_pytest.config.Config object at 0x00000246F65F0DA0>
            finish pytest_ignore_collect --> False [hook]
            pytest_collect_directory [hook]
                path: D:\JK_pytest\testcase\sys\__pycache__
                parent: <Session 'JK_pytest'>
            finish pytest_collect_directory --> None [hook]
            pytest_ignore_collect [hook]
                path: D:\JK_pytest\testcase\user\__pycache__
                config: <_pytest.config.Config object at 0x00000246F65F0DA0>
            finish pytest_ignore_collect --> False [hook]
            pytest_collect_directory [hook]
                path: D:\JK_pytest\testcase\user\__pycache__
                parent: <Session 'JK_pytest'>
            finish pytest_collect_directory --> None [hook]
            pytest_ignore_collect [hook]
                path: D:\JK_pytest\util\__pycache__
                config: <_pytest.config.Config object at 0x00000246F65F0DA0>
            finish pytest_ignore_collect --> False [hook]
            pytest_collect_directory [hook]
                path: D:\JK_pytest\util\__pycache__
                parent: <Session 'JK_pytest'>
            finish pytest_collect_directory --> None [hook]
            pytest_ignore_collect [hook]
                path: D:\JK_pytest\util\__init__.py
                config: <_pytest.config.Config object at 0x00000246F65F0DA0>
            finish pytest_ignore_collect --> False [hook]
            pytest_collect_file [hook]
                path: D:\JK_pytest\util\__init__.py
                parent: <Session 'JK_pytest'>
              pytest_pycollect_makemodule [hook]
                  path: D:\JK_pytest\util\__init__.py
                  parent: <Session 'JK_pytest'>
              finish pytest_pycollect_makemodule --> <Package 'D:\\JK_pytest\\util'> [hook]
            finish pytest_collect_file --> [<Package 'D:\\JK_pytest\\util'>] [hook]
        finish pytest_make_collect_report --> <CollectReport '' lenresult=3 outcome='passed'> [hook]
        pytest_collectreport [hook]
            report: <CollectReport '' lenresult=3 outcome='passed'>
        finish pytest_collectreport --> [] [hook]
    genitems <Package 'D:\\JK_pytest\\commom'> [collection]
      pytest_collectstart [hook]
          collector: <Package 'D:\\JK_pytest\\commom'>
      finish pytest_collectstart --> [] [hook]
      pytest_make_collect_report [hook]
          collector: <Package 'D:\\JK_pytest\\commom'>
        pytest_ignore_collect [hook]
            path: D:\JK_pytest\commom\__pycache__
            config: <_pytest.config.Config object at 0x00000246F65F0DA0>
        finish pytest_ignore_collect --> False [hook]
        pytest_collect_directory [hook]
            path: D:\JK_pytest\commom\__pycache__
            parent: <Package 'D:\\JK_pytest\\commom'>
        finish pytest_collect_directory --> None [hook]
        pytest_ignore_collect [hook]
            path: D:\JK_pytest\commom\__pycache__
            config: <_pytest.config.Config object at 0x00000246F65F0DA0>
        finish pytest_ignore_collect --> True [hook]
        pytest_ignore_collect [hook]
            path: D:\JK_pytest\commom\commomData.py
            config: <_pytest.config.Config object at 0x00000246F65F0DA0>
        finish pytest_ignore_collect --> False [hook]
        pytest_collect_file [hook]
            path: D:\JK_pytest\commom\commomData.py
            parent: <Package 'D:\\JK_pytest\\commom'>
        finish pytest_collect_file --> [] [hook]
        pytest_ignore_collect [hook]
            path: D:\JK_pytest\commom\__pycache__\__init__.cpython-36.pyc
            config: <_pytest.config.Config object at 0x00000246F65F0DA0>
        finish pytest_ignore_collect --> False [hook]
        pytest_collect_file [hook]
            path: D:\JK_pytest\commom\__pycache__\__init__.cpython-36.pyc
            parent: <Package 'D:\\JK_pytest\\commom'>
        finish pytest_collect_file --> [] [hook]
        pytest_ignore_collect [hook]
            path: D:\JK_pytest\commom\__pycache__\commomData.cpython-36.pyc
            config: <_pytest.config.Config object at 0x00000246F65F0DA0>
        finish pytest_ignore_collect --> False [hook]
        pytest_collect_file [hook]
            path: D:\JK_pytest\commom\__pycache__\commomData.cpython-36.pyc
            parent: <Package 'D:\\JK_pytest\\commom'>
        finish pytest_collect_file --> [] [hook]
      finish pytest_make_collect_report --> <CollectReport 'commom/__init__.py' lenresult=0 outcome='passed'> [hook]
      pytest_collectreport [hook]
          report: <CollectReport 'commom/__init__.py' lenresult=0 outcome='passed'>
      finish pytest_collectreport --> [] [hook]
    genitems <Package 'D:\\JK_pytest\\testcase'> [collection]
      pytest_collectstart [hook]
          collector: <Package 'D:\\JK_pytest\\testcase'>
      finish pytest_collectstart --> [] [hook]
      pytest_make_collect_report [hook]
          collector: <Package 'D:\\JK_pytest\\testcase'>
        pytest_ignore_collect [hook]
            path: D:\JK_pytest\testcase\.pytest_cache
            config: <_pytest.config.Config object at 0x00000246F65F0DA0>
        finish pytest_ignore_collect --> False [hook]
        pytest_ignore_collect [hook]
            path: D:\JK_pytest\testcase\clue
            config: <_pytest.config.Config object at 0x00000246F65F0DA0>
        finish pytest_ignore_collect --> False [hook]
        pytest_collect_directory [hook]
            path: D:\JK_pytest\testcase\clue
            parent: <Package 'D:\\JK_pytest\\testcase'>
        finish pytest_collect_directory --> None [hook]
        pytest_ignore_collect [hook]
            path: D:\JK_pytest\testcase\patrol
            config: <_pytest.config.Config object at 0x00000246F65F0DA0>
        finish pytest_ignore_collect --> False [hook]
        pytest_collect_directory [hook]
            path: D:\JK_pytest\testcase\patrol
            parent: <Package 'D:\\JK_pytest\\testcase'>
        finish pytest_collect_directory --> None [hook]
        pytest_ignore_collect [hook]
            path: D:\JK_pytest\testcase\place
            config: <_pytest.config.Config object at 0x00000246F65F0DA0>
        finish pytest_ignore_collect --> False [hook]
        pytest_collect_directory [hook]
            path: D:\JK_pytest\testcase\place
            parent: <Package 'D:\\JK_pytest\\testcase'>
        finish pytest_collect_directory --> None [hook]
        pytest_ignore_collect [hook]
            path: D:\JK_pytest\testcase\region
            config: <_pytest.config.Config object at 0x00000246F65F0DA0>
        finish pytest_ignore_collect --> False [hook]
        pytest_collect_directory [hook]
            path: D:\JK_pytest\testcase\region
            parent: <Package 'D:\\JK_pytest\\testcase'>
        finish pytest_collect_directory --> None [hook]
        pytest_ignore_collect [hook]
            path: D:\JK_pytest\testcase\sys
            config: <_pytest.config.Config object at 0x00000246F65F0DA0>
        finish pytest_ignore_collect --> False [hook]
        pytest_collect_directory [hook]
            path: D:\JK_pytest\testcase\sys
            parent: <Package 'D:\\JK_pytest\\testcase'>
        finish pytest_collect_directory --> None [hook]
        pytest_ignore_collect [hook]
            path: D:\JK_pytest\testcase\user
            config: <_pytest.config.Config object at 0x00000246F65F0DA0>
        finish pytest_ignore_collect --> False [hook]
        pytest_collect_directory [hook]
            path: D:\JK_pytest\testcase\user
            parent: <Package 'D:\\JK_pytest\\testcase'>
        finish pytest_collect_directory --> None [hook]
        pytest_ignore_collect [hook]
            path: D:\JK_pytest\testcase\__pycache__
            config: <_pytest.config.Config object at 0x00000246F65F0DA0>
        finish pytest_ignore_collect --> False [hook]
        pytest_collect_directory [hook]
            path: D:\JK_pytest\testcase\__pycache__
            parent: <Package 'D:\\JK_pytest\\testcase'>
        finish pytest_collect_directory --> None [hook]
        pytest_ignore_collect [hook]
            path: D:\JK_pytest\testcase\.pytest_cache
            config: <_pytest.config.Config object at 0x00000246F65F0DA0>
        finish pytest_ignore_collect --> True [hook]
        pytest_ignore_collect [hook]
            path: D:\JK_pytest\testcase\__pycache__
            config: <_pytest.config.Config object at 0x00000246F65F0DA0>
        finish pytest_ignore_collect --> True [hook]
        pytest_ignore_collect [hook]
            path: D:\JK_pytest\testcase\clue
            config: <_pytest.config.Config object at 0x00000246F65F0DA0>
        finish pytest_ignore_collect --> True [hook]
        pytest_ignore_collect [hook]
            path: D:\JK_pytest\testcase\conftest.py
            config: <_pytest.config.Config object at 0x00000246F65F0DA0>
        finish pytest_ignore_collect --> False [hook]
        pytest_collect_file [hook]
            path: D:\JK_pytest\testcase\conftest.py
            parent: <Package 'D:\\JK_pytest\\testcase'>
        finish pytest_collect_file --> [] [hook]
        pytest_ignore_collect [hook]
            path: D:\JK_pytest\testcase\patrol
            config: <_pytest.config.Config object at 0x00000246F65F0DA0>
        finish pytest_ignore_collect --> True [hook]
        pytest_ignore_collect [hook]
            path: D:\JK_pytest\testcase\place
            config: <_pytest.config.Config object at 0x00000246F65F0DA0>
        finish pytest_ignore_collect --> True [hook]
        pytest_ignore_collect [hook]
            path: D:\JK_pytest\testcase\region
            config: <_pytest.config.Config object at 0x00000246F65F0DA0>
        finish pytest_ignore_collect --> True [hook]
        pytest_ignore_collect [hook]
            path: D:\JK_pytest\testcase\sys
            config: <_pytest.config.Config object at 0x00000246F65F0DA0>
        finish pytest_ignore_collect --> True [hook]
        pytest_ignore_collect [hook]
            path: D:\JK_pytest\testcase\test_login.py
            config: <_pytest.config.Config object at 0x00000246F65F0DA0>
        finish pytest_ignore_collect --> False [hook]
        pytest_collect_file [hook]
            path: D:\JK_pytest\testcase\test_login.py
            parent: <Package 'D:\\JK_pytest\\testcase'>
          pytest_pycollect_makemodule [hook]
              path: D:\JK_pytest\testcase\test_login.py
              parent: <Package 'D:\\JK_pytest\\testcase'>
          finish pytest_pycollect_makemodule --> <Module 'test_login.py'> [hook]
        finish pytest_collect_file --> [<Module 'test_login.py'>] [hook]
        pytest_ignore_collect [hook]
            path: D:\JK_pytest\testcase\test_userinfo.py
            config: <_pytest.config.Config object at 0x00000246F65F0DA0>
        finish pytest_ignore_collect --> False [hook]
        pytest_collect_file [hook]
            path: D:\JK_pytest\testcase\test_userinfo.py
            parent: <Package 'D:\\JK_pytest\\testcase'>
          pytest_pycollect_makemodule [hook]
              path: D:\JK_pytest\testcase\test_userinfo.py
              parent: <Package 'D:\\JK_pytest\\testcase'>
          finish pytest_pycollect_makemodule --> <Module 'test_userinfo.py'> [hook]
        finish pytest_collect_file --> [<Module 'test_userinfo.py'>] [hook]
        pytest_ignore_collect [hook]
            path: D:\JK_pytest\testcase\user
            config: <_pytest.config.Config object at 0x00000246F65F0DA0>
        finish pytest_ignore_collect --> True [hook]
        pytest_ignore_collect [hook]
            path: D:\JK_pytest\testcase\__pycache__\__init__.cpython-36.pyc
            config: <_pytest.config.Config object at 0x00000246F65F0DA0>
        finish pytest_ignore_collect --> False [hook]
        pytest_collect_file [hook]
            path: D:\JK_pytest\testcase\__pycache__\__init__.cpython-36.pyc
            parent: <Package 'D:\\JK_pytest\\testcase'>
        finish pytest_collect_file --> [] [hook]
        pytest_ignore_collect [hook]
            path: D:\JK_pytest\testcase\__pycache__\conftest.cpython-36-PYTEST.pyc
            config: <_pytest.config.Config object at 0x00000246F65F0DA0>
        finish pytest_ignore_collect --> False [hook]
        pytest_collect_file [hook]
            path: D:\JK_pytest\testcase\__pycache__\conftest.cpython-36-PYTEST.pyc
            parent: <Package 'D:\\JK_pytest\\testcase'>
        finish pytest_collect_file --> [] [hook]
        pytest_ignore_collect [hook]
            path: D:\JK_pytest\testcase\__pycache__\test_login.cpython-36-PYTEST.pyc
            config: <_pytest.config.Config object at 0x00000246F65F0DA0>
        finish pytest_ignore_collect --> False [hook]
        pytest_collect_file [hook]
            path: D:\JK_pytest\testcase\__pycache__\test_login.cpython-36-PYTEST.pyc
            parent: <Package 'D:\\JK_pytest\\testcase'>
        finish pytest_collect_file --> [] [hook]
        pytest_ignore_collect [hook]
            path: D:\JK_pytest\testcase\__pycache__\test_userinfo.cpython-36-PYTEST.pyc
            config: <_pytest.config.Config object at 0x00000246F65F0DA0>
        finish pytest_ignore_collect --> False [hook]
        pytest_collect_file [hook]
            path: D:\JK_pytest\testcase\__pycache__\test_userinfo.cpython-36-PYTEST.pyc
            parent: <Package 'D:\\JK_pytest\\testcase'>
        finish pytest_collect_file --> [] [hook]
        pytest_ignore_collect [hook]
            path: D:\JK_pytest\testcase\clue\__init__.py
            config: <_pytest.config.Config object at 0x00000246F65F0DA0>
        finish pytest_ignore_collect --> False [hook]
        pytest_collect_file [hook]
            path: D:\JK_pytest\testcase\clue\__init__.py
            parent: <Package 'D:\\JK_pytest\\testcase'>
          pytest_pycollect_makemodule [hook]
              path: D:\JK_pytest\testcase\clue\__init__.py
              parent: <Package 'D:\\JK_pytest\\testcase'>
          finish pytest_pycollect_makemodule --> <Package 'D:\\JK_pytest\\testcase\\clue'> [hook]
        finish pytest_collect_file --> [<Package 'D:\\JK_pytest\\testcase\\clue'>] [hook]
        pytest_ignore_collect [hook]
            path: D:\JK_pytest\testcase\patrol\__init__.py
            config: <_pytest.config.Config object at 0x00000246F65F0DA0>
        finish pytest_ignore_collect --> False [hook]
        pytest_collect_file [hook]
            path: D:\JK_pytest\testcase\patrol\__init__.py
            parent: <Package 'D:\\JK_pytest\\testcase'>
          pytest_pycollect_makemodule [hook]
              path: D:\JK_pytest\testcase\patrol\__init__.py
              parent: <Package 'D:\\JK_pytest\\testcase'>
          finish pytest_pycollect_makemodule --> <Package 'D:\\JK_pytest\\testcase\\patrol'> [hook]
        finish pytest_collect_file --> [<Package 'D:\\JK_pytest\\testcase\\patrol'>] [hook]
        pytest_ignore_collect [hook]
            path: D:\JK_pytest\testcase\place\__init__.py
            config: <_pytest.config.Config object at 0x00000246F65F0DA0>
        finish pytest_ignore_collect --> False [hook]
        pytest_collect_file [hook]
            path: D:\JK_pytest\testcase\place\__init__.py
            parent: <Package 'D:\\JK_pytest\\testcase'>
          pytest_pycollect_makemodule [hook]
              path: D:\JK_pytest\testcase\place\__init__.py
              parent: <Package 'D:\\JK_pytest\\testcase'>
          finish pytest_pycollect_makemodule --> <Package 'D:\\JK_pytest\\testcase\\place'> [hook]
        finish pytest_collect_file --> [<Package 'D:\\JK_pytest\\testcase\\place'>] [hook]
        pytest_ignore_collect [hook]
            path: D:\JK_pytest\testcase\region\__init__.py
            config: <_pytest.config.Config object at 0x00000246F65F0DA0>
        finish pytest_ignore_collect --> False [hook]
        pytest_collect_file [hook]
            path: D:\JK_pytest\testcase\region\__init__.py
            parent: <Package 'D:\\JK_pytest\\testcase'>
          pytest_pycollect_makemodule [hook]
              path: D:\JK_pytest\testcase\region\__init__.py
              parent: <Package 'D:\\JK_pytest\\testcase'>
          finish pytest_pycollect_makemodule --> <Package 'D:\\JK_pytest\\testcase\\region'> [hook]
        finish pytest_collect_file --> [<Package 'D:\\JK_pytest\\testcase\\region'>] [hook]
        pytest_ignore_collect [hook]
            path: D:\JK_pytest\testcase\sys\.pytest_cache
            config: <_pytest.config.Config object at 0x00000246F65F0DA0>
        finish pytest_ignore_collect --> False [hook]
        pytest_ignore_collect [hook]
            path: D:\JK_pytest\testcase\sys\__pycache__
            config: <_pytest.config.Config object at 0x00000246F65F0DA0>
        finish pytest_ignore_collect --> False [hook]
        pytest_collect_directory [hook]
            path: D:\JK_pytest\testcase\sys\__pycache__
            parent: <Package 'D:\\JK_pytest\\testcase'>
        finish pytest_collect_directory --> None [hook]
        pytest_ignore_collect [hook]
            path: D:\JK_pytest\testcase\sys\__init__.py
            config: <_pytest.config.Config object at 0x00000246F65F0DA0>
        finish pytest_ignore_collect --> False [hook]
        pytest_collect_file [hook]
            path: D:\JK_pytest\testcase\sys\__init__.py
            parent: <Package 'D:\\JK_pytest\\testcase'>
          pytest_pycollect_makemodule [hook]
              path: D:\JK_pytest\testcase\sys\__init__.py
              parent: <Package 'D:\\JK_pytest\\testcase'>
          finish pytest_pycollect_makemodule --> <Package 'D:\\JK_pytest\\testcase\\sys'> [hook]
        finish pytest_collect_file --> [<Package 'D:\\JK_pytest\\testcase\\sys'>] [hook]
        pytest_ignore_collect [hook]
            path: D:\JK_pytest\testcase\user\__pycache__
            config: <_pytest.config.Config object at 0x00000246F65F0DA0>
        finish pytest_ignore_collect --> False [hook]
        pytest_collect_directory [hook]
            path: D:\JK_pytest\testcase\user\__pycache__
            parent: <Package 'D:\\JK_pytest\\testcase'>
        finish pytest_collect_directory --> None [hook]
        pytest_ignore_collect [hook]
            path: D:\JK_pytest\testcase\user\__init__.py
            config: <_pytest.config.Config object at 0x00000246F65F0DA0>
        finish pytest_ignore_collect --> False [hook]
        pytest_collect_file [hook]
            path: D:\JK_pytest\testcase\user\__init__.py
            parent: <Package 'D:\\JK_pytest\\testcase'>
          pytest_pycollect_makemodule [hook]
              path: D:\JK_pytest\testcase\user\__init__.py
              parent: <Package 'D:\\JK_pytest\\testcase'>
          finish pytest_pycollect_makemodule --> <Package 'D:\\JK_pytest\\testcase\\user'> [hook]
        finish pytest_collect_file --> [<Package 'D:\\JK_pytest\\testcase\\user'>] [hook]
      finish pytest_make_collect_report --> <CollectReport 'testcase/__init__.py' lenresult=8 outcome='passed'> [hook]
    genitems <Module 'test_login.py'> [collection]
      pytest_collectstart [hook]
          collector: <Module 'test_login.py'>
      finish pytest_collectstart --> [] [hook]
      pytest_make_collect_report [hook]
          collector: <Module 'test_login.py'>
      find_module called for: testcase.test_login [assertion]
      matched test file 'D:\\JK_pytest\\testcase\\test_login.py' [assertion]
      found cached rewritten pyc for 'D:\\JK_pytest\\testcase\\test_login.py' [assertion]
        pytest_pycollect_makeitem [hook]
            collector: <Module 'test_login.py'>
            name: __name__
            obj: testcase.test_login
        finish pytest_pycollect_makeitem --> None [hook]
        pytest_pycollect_makeitem [hook]
            collector: <Module 'test_login.py'>
            name: __doc__
            obj: None
        finish pytest_pycollect_makeitem --> None [hook]
        pytest_pycollect_makeitem [hook]
            collector: <Module 'test_login.py'>
            name: __package__
            obj: testcase
        finish pytest_pycollect_makeitem --> None [hook]
        pytest_pycollect_makeitem [hook]
            collector: <Module 'test_login.py'>
            name: __loader__
            obj: <_pytest.assertion.rewrite.AssertionRewritingHook object at 0x00000246F66EDE48>
        finish pytest_pycollect_makeitem --> None [hook]
        pytest_pycollect_makeitem [hook]
            collector: <Module 'test_login.py'>
            name: __spec__
            obj: ModuleSpec(name='testcase.test_login', loader=<_pytest.assertion.rewrite.AssertionRewritingHook object at 0x00000246F66EDE48>, origin='D:\\JK_pytest\\testcase\\test_login.py')
        finish pytest_pycollect_makeitem --> None [hook]
        pytest_pycollect_makeitem [hook]
            collector: <Module 'test_login.py'>
            name: __file__
            obj: D:\JK_pytest\testcase\test_login.py
        finish pytest_pycollect_makeitem --> None [hook]
        pytest_pycollect_makeitem [hook]
            collector: <Module 'test_login.py'>
            name: __cached__
            obj: D:\JK_pytest\testcase\__pycache__\test_login.cpython-36-PYTEST.pyc
        finish pytest_pycollect_makeitem --> None [hook]
        pytest_pycollect_makeitem [hook]
            collector: <Module 'test_login.py'>
            name: __builtins__
            obj: {'__name__': 'builtins', '__doc__': "Built-in functions, exceptions, and other objects.\n\nNoteworthy: None is the `nil' object; Ellipsis represents `...' in slices.", '__package__': '', '__loader__': <class '_frozen_importlib.BuiltinImporter'>, '__spec__': ModuleSpec(name='builtins', loader=<class '_frozen_importlib.BuiltinImporter'>), '__build_class__': <built-in function __build_class__>, '__import__': <built-in function __import__>, 'abs': <built-in function abs>, 'all': <built-in function all>, 'any': <built-in function any>, 'ascii': <built-in function ascii>, 'bin': <built-in function bin>, 'callable': <built-in function callable>, 'chr': <built-in function chr>, 'compile': <built-in function compile>, 'delattr': <built-in function delattr>, 'dir': <built-in function dir>, 'divmod': <built-in function divmod>, 'eval': <built-in function eval>, 'exec': <built-in function exec>, 'format': <built-in function format>, 'getattr': <built-in function getattr>, 'globals': <built-in function globals>, 'hasattr': <built-in function hasattr>, 'hash': <built-in function hash>, 'hex': <built-in function hex>, 'id': <built-in function id>, 'input': <built-in function input>, 'isinstance': <built-in function isinstance>, 'issubclass': <built-in function issubclass>, 'iter': <built-in function iter>, 'len': <built-in function len>, 'locals': <built-in function locals>, 'max': <built-in function max>, 'min': <built-in function min>, 'next': <built-in function next>, 'oct': <built-in function oct>, 'ord': <built-in function ord>, 'pow': <built-in function pow>, 'print': <built-in function print>, 'repr': <built-in function repr>, 'round': <built-in function round>, 'setattr': <built-in function setattr>, 'sorted': <built-in function sorted>, 'sum': <built-in function sum>, 'vars': <built-in function vars>, 'None': None, 'Ellipsis': Ellipsis, 'NotImplemented': NotImplemented, 'False': False, 'True': True, 'bool': <class 'bool'>, 'memoryview': <class 'memoryview'>, 'bytearray': <class 'bytearray'>, 'bytes': <class 'bytes'>, 'classmethod': <class 'classmethod'>, 'complex': <class 'complex'>, 'dict': <class 'dict'>, 'enumerate': <class 'enumerate'>, 'filter': <class 'filter'>, 'float': <class 'float'>, 'frozenset': <class 'frozenset'>, 'property': <class 'property'>, 'int': <class 'int'>, 'list': <class 'list'>, 'map': <class 'map'>, 'object': <class 'object'>, 'range': <class 'range'>, 'reversed': <class 'reversed'>, 'set': <class 'set'>, 'slice': <class 'slice'>, 'staticmethod': <class 'staticmethod'>, 'str': <class 'str'>, 'super': <class 'super'>, 'tuple': <class 'tuple'>, 'type': <class 'type'>, 'zip': <class 'zip'>, '__debug__': True, 'BaseException': <class 'BaseException'>, 'Exception': <class 'Exception'>, 'TypeError': <class 'TypeError'>, 'StopAsyncIteration': <class 'StopAsyncIteration'>, 'StopIteration': <class 'StopIteration'>, 'GeneratorExit': <class 'GeneratorExit'>, 'SystemExit': <class 'SystemExit'>, 'KeyboardInterrupt': <class 'KeyboardInterrupt'>, 'ImportError': <class 'ImportError'>, 'ModuleNotFoundError': <class 'ModuleNotFoundError'>, 'OSError': <class 'OSError'>, 'EnvironmentError': <class 'OSError'>, 'IOError': <class 'OSError'>, 'WindowsError': <class 'OSError'>, 'EOFError': <class 'EOFError'>, 'RuntimeError': <class 'RuntimeError'>, 'RecursionError': <class 'RecursionError'>, 'NotImplementedError': <class 'NotImplementedError'>, 'NameError': <class 'NameError'>, 'UnboundLocalError': <class 'UnboundLocalError'>, 'AttributeError': <class 'AttributeError'>, 'SyntaxError': <class 'SyntaxError'>, 'IndentationError': <class 'IndentationError'>, 'TabError': <class 'TabError'>, 'LookupError': <class 'LookupError'>, 'IndexError': <class 'IndexError'>, 'KeyError': <class 'KeyError'>, 'ValueError': <class 'ValueError'>, 'UnicodeError': <class 'UnicodeError'>, 'UnicodeEncodeError': <class 'UnicodeEncodeError'>, 'UnicodeDecodeError': <class 'UnicodeDecodeError'>, 'UnicodeTranslateError': <class 'UnicodeTranslateError'>, 'AssertionError': <class 'AssertionError'>, 'ArithmeticError': <class 'ArithmeticError'>, 'FloatingPointError': <class 'FloatingPointError'>, 'OverflowError': <class 'OverflowError'>, 'ZeroDivisionError': <class 'ZeroDivisionError'>, 'SystemError': <class 'SystemError'>, 'ReferenceError': <class 'ReferenceError'>, 'BufferError': <class 'BufferError'>, 'MemoryError': <class 'MemoryError'>, 'Warning': <class 'Warning'>, 'UserWarning': <class 'UserWarning'>, 'DeprecationWarning': <class 'DeprecationWarning'>, 'PendingDeprecationWarning': <class 'PendingDeprecationWarning'>, 'SyntaxWarning': <class 'SyntaxWarning'>, 'RuntimeWarning': <class 'RuntimeWarning'>, 'FutureWarning': <class 'FutureWarning'>, 'ImportWarning': <class 'ImportWarning'>, 'UnicodeWarning': <class 'UnicodeWarning'>, 'BytesWarning': <class 'BytesWarning'>, 'ResourceWarning': <class 'ResourceWarning'>, 'ConnectionError': <class 'ConnectionError'>, 'BlockingIOError': <class 'BlockingIOError'>, 'BrokenPipeError': <class 'BrokenPipeError'>, 'ChildProcessError': <class 'ChildProcessError'>, 'ConnectionAbortedError': <class 'ConnectionAbortedError'>, 'ConnectionRefusedError': <class 'ConnectionRefusedError'>, 'ConnectionResetError': <class 'ConnectionResetError'>, 'FileExistsError': <class 'FileExistsError'>, 'FileNotFoundError': <class 'FileNotFoundError'>, 'IsADirectoryError': <class 'IsADirectoryError'>, 'NotADirectoryError': <class 'NotADirectoryError'>, 'InterruptedError': <class 'InterruptedError'>, 'PermissionError': <class 'PermissionError'>, 'ProcessLookupError': <class 'ProcessLookupError'>, 'TimeoutError': <class 'TimeoutError'>, 'open': <built-in function open>, 'quit': Use quit() or Ctrl-Z plus Return to exit, 'exit': Use exit() or Ctrl-Z plus Return to exit, 'copyright': Copyright (c) 2001-2018 Python Software Foundation.
All Rights Reserved.

Copyright (c) 2000 BeOpen.com.
All Rights Reserved.

Copyright (c) 1995-2001 Corporation for National Research Initiatives.
All Rights Reserved.

Copyright (c) 1991-1995 Stichting Mathematisch Centrum, Amsterdam.
All Rights Reserved., 'credits':     Thanks to CWI, CNRI, BeOpen.com, Zope Corporation and a cast of thousands
    for supporting Python development.  See www.python.org for more information., 'license': Type license() to see the full license text, 'help': Type help() for interactive help, or help(object) for help about object.}
        finish pytest_pycollect_makeitem --> None [hook]
        pytest_pycollect_makeitem [hook]
            collector: <Module 'test_login.py'>
            name: @py_builtins
            obj: <module 'builtins' (built-in)>
        finish pytest_pycollect_makeitem --> None [hook]
        pytest_pycollect_makeitem [hook]
            collector: <Module 'test_login.py'>
            name: @pytest_ar
            obj: <module '_pytest.assertion.rewrite' from 'D:\\Python\\lib\\site-packages\\_pytest\\assertion\\rewrite.py'>
        finish pytest_pycollect_makeitem --> None [hook]
        pytest_pycollect_makeitem [hook]
            collector: <Module 'test_login.py'>
            name: pytest
            obj: <module 'pytest' from 'D:\\Python\\lib\\site-packages\\pytest.py'>
        finish pytest_pycollect_makeitem --> None [hook]
        pytest_pycollect_makeitem [hook]
            collector: <Module 'test_login.py'>
            name: requests
            obj: <module 'requests' from 'D:\\Python\\lib\\site-packages\\requests\\__init__.py'>
        finish pytest_pycollect_makeitem --> None [hook]
        pytest_pycollect_makeitem [hook]
            collector: <Module 'test_login.py'>
            name: CommonData
            obj: <class 'commom.commomData.CommonData'>
        finish pytest_pycollect_makeitem --> None [hook]
        pytest_pycollect_makeitem [hook]
            collector: <Module 'test_login.py'>
            name: http
            obj: <util.httpUtil.HttpUtil object at 0x00000246F6B6AF28>
        finish pytest_pycollect_makeitem --> None [hook]
        pytest_pycollect_makeitem [hook]
            collector: <Module 'test_login.py'>
            name: __repr__
            obj: <slot wrapper '__repr__' of 'module' objects>
        finish pytest_pycollect_makeitem --> None [hook]
        pytest_pycollect_makeitem [hook]
            collector: <Module 'test_login.py'>
            name: __getattribute__
            obj: <slot wrapper '__getattribute__' of 'module' objects>
        finish pytest_pycollect_makeitem --> None [hook]
        pytest_pycollect_makeitem [hook]
            collector: <Module 'test_login.py'>
            name: __setattr__
            obj: <slot wrapper '__setattr__' of 'module' objects>
        finish pytest_pycollect_makeitem --> None [hook]
        pytest_pycollect_makeitem [hook]
            collector: <Module 'test_login.py'>
            name: __delattr__
            obj: <slot wrapper '__delattr__' of 'module' objects>
        finish pytest_pycollect_makeitem --> None [hook]
        pytest_pycollect_makeitem [hook]
            collector: <Module 'test_login.py'>
            name: __init__
            obj: <slot wrapper '__init__' of 'module' objects>
        finish pytest_pycollect_makeitem --> None [hook]
        pytest_pycollect_makeitem [hook]
            collector: <Module 'test_login.py'>
            name: __new__
            obj: <built-in method __new__ of type object at 0x0000000068039FE0>
        finish pytest_pycollect_makeitem --> None [hook]
        pytest_pycollect_makeitem [hook]
            collector: <Module 'test_login.py'>
            name: __dir__
            obj: <method '__dir__' of 'module' objects>
        finish pytest_pycollect_makeitem --> None [hook]
        pytest_pycollect_makeitem [hook]
            collector: <Module 'test_login.py'>
            name: __dict__
            obj: <member '__dict__' of 'module' objects>
        finish pytest_pycollect_makeitem --> None [hook]
        pytest_pycollect_makeitem [hook]
            collector: <Module 'test_login.py'>
            name: __hash__
            obj: <slot wrapper '__hash__' of 'object' objects>
        finish pytest_pycollect_makeitem --> None [hook]
        pytest_pycollect_makeitem [hook]
            collector: <Module 'test_login.py'>
            name: __str__
            obj: <slot wrapper '__str__' of 'object' objects>
        finish pytest_pycollect_makeitem --> None [hook]
        pytest_pycollect_makeitem [hook]
            collector: <Module 'test_login.py'>
            name: __lt__
            obj: <slot wrapper '__lt__' of 'object' objects>
        finish pytest_pycollect_makeitem --> None [hook]
        pytest_pycollect_makeitem [hook]
            collector: <Module 'test_login.py'>
            name: __le__
            obj: <slot wrapper '__le__' of 'object' objects>
        finish pytest_pycollect_makeitem --> None [hook]
        pytest_pycollect_makeitem [hook]
            collector: <Module 'test_login.py'>
            name: __eq__
            obj: <slot wrapper '__eq__' of 'object' objects>
        finish pytest_pycollect_makeitem --> None [hook]
        pytest_pycollect_makeitem [hook]
            collector: <Module 'test_login.py'>
            name: __ne__
            obj: <slot wrapper '__ne__' of 'object' objects>
        finish pytest_pycollect_makeitem --> None [hook]
        pytest_pycollect_makeitem [hook]
            collector: <Module 'test_login.py'>
            name: __gt__
            obj: <slot wrapper '__gt__' of 'object' objects>
        finish pytest_pycollect_makeitem --> None [hook]
        pytest_pycollect_makeitem [hook]
            collector: <Module 'test_login.py'>
            name: __ge__
            obj: <slot wrapper '__ge__' of 'object' objects>
        finish pytest_pycollect_makeitem --> None [hook]
        pytest_pycollect_makeitem [hook]
            collector: <Module 'test_login.py'>
            name: __reduce_ex__
            obj: <method '__reduce_ex__' of 'object' objects>
        finish pytest_pycollect_makeitem --> None [hook]
        pytest_pycollect_makeitem [hook]
            collector: <Module 'test_login.py'>
            name: __reduce__
            obj: <method '__reduce__' of 'object' objects>
        finish pytest_pycollect_makeitem --> None [hook]
        pytest_pycollect_makeitem [hook]
            collector: <Module 'test_login.py'>
            name: __subclasshook__
            obj: <method '__subclasshook__' of 'object' objects>
        finish pytest_pycollect_makeitem --> None [hook]
        pytest_pycollect_makeitem [hook]
            collector: <Module 'test_login.py'>
            name: __init_subclass__
            obj: <method '__init_subclass__' of 'object' objects>
        finish pytest_pycollect_makeitem --> None [hook]
        pytest_pycollect_makeitem [hook]
            collector: <Module 'test_login.py'>
            name: __format__
            obj: <method '__format__' of 'object' objects>
        finish pytest_pycollect_makeitem --> None [hook]
        pytest_pycollect_makeitem [hook]
            collector: <Module 'test_login.py'>
            name: __sizeof__
            obj: <method '__sizeof__' of 'object' objects>
        finish pytest_pycollect_makeitem --> None [hook]
        pytest_pycollect_makeitem [hook]
            collector: <Module 'test_login.py'>
            name: __class__
            obj: <attribute '__class__' of 'object' objects>
        finish pytest_pycollect_makeitem --> None [hook]
      finish pytest_make_collect_report --> <CollectReport 'testcase/test_login.py' lenresult=0 outcome='passed'> [hook]
      pytest_collectreport [hook]
          report: <CollectReport 'testcase/test_login.py' lenresult=0 outcome='passed'>
      finish pytest_collectreport --> [] [hook]
    genitems <Module 'test_userinfo.py'> [collection]
      pytest_collectstart [hook]
          collector: <Module 'test_userinfo.py'>
      finish pytest_collectstart --> [] [hook]
      pytest_make_collect_report [hook]
          collector: <Module 'test_userinfo.py'>
      find_module called for: testcase.test_userinfo [assertion]
      matched test file 'D:\\JK_pytest\\testcase\\test_userinfo.py' [assertion]
      found cached rewritten pyc for 'D:\\JK_pytest\\testcase\\test_userinfo.py' [assertion]
        pytest_pycollect_makeitem [hook]
            collector: <Module 'test_userinfo.py'>
            name: __name__
            obj: testcase.test_userinfo
        finish pytest_pycollect_makeitem --> None [hook]
        pytest_pycollect_makeitem [hook]
            collector: <Module 'test_userinfo.py'>
            name: __doc__
            obj: None
        finish pytest_pycollect_makeitem --> None [hook]
        pytest_pycollect_makeitem [hook]
            collector: <Module 'test_userinfo.py'>
            name: __package__
            obj: testcase
        finish pytest_pycollect_makeitem --> None [hook]
        pytest_pycollect_makeitem [hook]
            collector: <Module 'test_userinfo.py'>
            name: __loader__
            obj: <_pytest.assertion.rewrite.AssertionRewritingHook object at 0x00000246F66EDE48>
        finish pytest_pycollect_makeitem --> None [hook]
        pytest_pycollect_makeitem [hook]
            collector: <Module 'test_userinfo.py'>
            name: __spec__
            obj: ModuleSpec(name='testcase.test_userinfo', loader=<_pytest.assertion.rewrite.AssertionRewritingHook object at 0x00000246F66EDE48>, origin='D:\\JK_pytest\\testcase\\test_userinfo.py')
        finish pytest_pycollect_makeitem --> None [hook]
        pytest_pycollect_makeitem [hook]
            collector: <Module 'test_userinfo.py'>
            name: __file__
            obj: D:\JK_pytest\testcase\test_userinfo.py
        finish pytest_pycollect_makeitem --> None [hook]
        pytest_pycollect_makeitem [hook]
            collector: <Module 'test_userinfo.py'>
            name: __cached__
            obj: D:\JK_pytest\testcase\__pycache__\test_userinfo.cpython-36-PYTEST.pyc
        finish pytest_pycollect_makeitem --> None [hook]
        pytest_pycollect_makeitem [hook]
            collector: <Module 'test_userinfo.py'>
            name: __builtins__
            obj: {'__name__': 'builtins', '__doc__': "Built-in functions, exceptions, and other objects.\n\nNoteworthy: None is the `nil' object; Ellipsis represents `...' in slices.", '__package__': '', '__loader__': <class '_frozen_importlib.BuiltinImporter'>, '__spec__': ModuleSpec(name='builtins', loader=<class '_frozen_importlib.BuiltinImporter'>), '__build_class__': <built-in function __build_class__>, '__import__': <built-in function __import__>, 'abs': <built-in function abs>, 'all': <built-in function all>, 'any': <built-in function any>, 'ascii': <built-in function ascii>, 'bin': <built-in function bin>, 'callable': <built-in function callable>, 'chr': <built-in function chr>, 'compile': <built-in function compile>, 'delattr': <built-in function delattr>, 'dir': <built-in function dir>, 'divmod': <built-in function divmod>, 'eval': <built-in function eval>, 'exec': <built-in function exec>, 'format': <built-in function format>, 'getattr': <built-in function getattr>, 'globals': <built-in function globals>, 'hasattr': <built-in function hasattr>, 'hash': <built-in function hash>, 'hex': <built-in function hex>, 'id': <built-in function id>, 'input': <built-in function input>, 'isinstance': <built-in function isinstance>, 'issubclass': <built-in function issubclass>, 'iter': <built-in function iter>, 'len': <built-in function len>, 'locals': <built-in function locals>, 'max': <built-in function max>, 'min': <built-in function min>, 'next': <built-in function next>, 'oct': <built-in function oct>, 'ord': <built-in function ord>, 'pow': <built-in function pow>, 'print': <built-in function print>, 'repr': <built-in function repr>, 'round': <built-in function round>, 'setattr': <built-in function setattr>, 'sorted': <built-in function sorted>, 'sum': <built-in function sum>, 'vars': <built-in function vars>, 'None': None, 'Ellipsis': Ellipsis, 'NotImplemented': NotImplemented, 'False': False, 'True': True, 'bool': <class 'bool'>, 'memoryview': <class 'memoryview'>, 'bytearray': <class 'bytearray'>, 'bytes': <class 'bytes'>, 'classmethod': <class 'classmethod'>, 'complex': <class 'complex'>, 'dict': <class 'dict'>, 'enumerate': <class 'enumerate'>, 'filter': <class 'filter'>, 'float': <class 'float'>, 'frozenset': <class 'frozenset'>, 'property': <class 'property'>, 'int': <class 'int'>, 'list': <class 'list'>, 'map': <class 'map'>, 'object': <class 'object'>, 'range': <class 'range'>, 'reversed': <class 'reversed'>, 'set': <class 'set'>, 'slice': <class 'slice'>, 'staticmethod': <class 'staticmethod'>, 'str': <class 'str'>, 'super': <class 'super'>, 'tuple': <class 'tuple'>, 'type': <class 'type'>, 'zip': <class 'zip'>, '__debug__': True, 'BaseException': <class 'BaseException'>, 'Exception': <class 'Exception'>, 'TypeError': <class 'TypeError'>, 'StopAsyncIteration': <class 'StopAsyncIteration'>, 'StopIteration': <class 'StopIteration'>, 'GeneratorExit': <class 'GeneratorExit'>, 'SystemExit': <class 'SystemExit'>, 'KeyboardInterrupt': <class 'KeyboardInterrupt'>, 'ImportError': <class 'ImportError'>, 'ModuleNotFoundError': <class 'ModuleNotFoundError'>, 'OSError': <class 'OSError'>, 'EnvironmentError': <class 'OSError'>, 'IOError': <class 'OSError'>, 'WindowsError': <class 'OSError'>, 'EOFError': <class 'EOFError'>, 'RuntimeError': <class 'RuntimeError'>, 'RecursionError': <class 'RecursionError'>, 'NotImplementedError': <class 'NotImplementedError'>, 'NameError': <class 'NameError'>, 'UnboundLocalError': <class 'UnboundLocalError'>, 'AttributeError': <class 'AttributeError'>, 'SyntaxError': <class 'SyntaxError'>, 'IndentationError': <class 'IndentationError'>, 'TabError': <class 'TabError'>, 'LookupError': <class 'LookupError'>, 'IndexError': <class 'IndexError'>, 'KeyError': <class 'KeyError'>, 'ValueError': <class 'ValueError'>, 'UnicodeError': <class 'UnicodeError'>, 'UnicodeEncodeError': <class 'UnicodeEncodeError'>, 'UnicodeDecodeError': <class 'UnicodeDecodeError'>, 'UnicodeTranslateError': <class 'UnicodeTranslateError'>, 'AssertionError': <class 'AssertionError'>, 'ArithmeticError': <class 'ArithmeticError'>, 'FloatingPointError': <class 'FloatingPointError'>, 'OverflowError': <class 'OverflowError'>, 'ZeroDivisionError': <class 'ZeroDivisionError'>, 'SystemError': <class 'SystemError'>, 'ReferenceError': <class 'ReferenceError'>, 'BufferError': <class 'BufferError'>, 'MemoryError': <class 'MemoryError'>, 'Warning': <class 'Warning'>, 'UserWarning': <class 'UserWarning'>, 'DeprecationWarning': <class 'DeprecationWarning'>, 'PendingDeprecationWarning': <class 'PendingDeprecationWarning'>, 'SyntaxWarning': <class 'SyntaxWarning'>, 'RuntimeWarning': <class 'RuntimeWarning'>, 'FutureWarning': <class 'FutureWarning'>, 'ImportWarning': <class 'ImportWarning'>, 'UnicodeWarning': <class 'UnicodeWarning'>, 'BytesWarning': <class 'BytesWarning'>, 'ResourceWarning': <class 'ResourceWarning'>, 'ConnectionError': <class 'ConnectionError'>, 'BlockingIOError': <class 'BlockingIOError'>, 'BrokenPipeError': <class 'BrokenPipeError'>, 'ChildProcessError': <class 'ChildProcessError'>, 'ConnectionAbortedError': <class 'ConnectionAbortedError'>, 'ConnectionRefusedError': <class 'ConnectionRefusedError'>, 'ConnectionResetError': <class 'ConnectionResetError'>, 'FileExistsError': <class 'FileExistsError'>, 'FileNotFoundError': <class 'FileNotFoundError'>, 'IsADirectoryError': <class 'IsADirectoryError'>, 'NotADirectoryError': <class 'NotADirectoryError'>, 'InterruptedError': <class 'InterruptedError'>, 'PermissionError': <class 'PermissionError'>, 'ProcessLookupError': <class 'ProcessLookupError'>, 'TimeoutError': <class 'TimeoutError'>, 'open': <built-in function open>, 'quit': Use quit() or Ctrl-Z plus Return to exit, 'exit': Use exit() or Ctrl-Z plus Return to exit, 'copyright': Copyright (c) 2001-2018 Python Software Foundation.
All Rights Reserved.

Copyright (c) 2000 BeOpen.com.
All Rights Reserved.

Copyright (c) 1995-2001 Corporation for National Research Initiatives.
All Rights Reserved.

Copyright (c) 1991-1995 Stichting Mathematisch Centrum, Amsterdam.
All Rights Reserved., 'credits':     Thanks to CWI, CNRI, BeOpen.com, Zope Corporation and a cast of thousands
    for supporting Python development.  See www.python.org for more information., 'license': Type license() to see the full license text, 'help': Type help() for interactive help, or help(object) for help about object.}
        finish pytest_pycollect_makeitem --> None [hook]
        pytest_pycollect_makeitem [hook]
            collector: <Module 'test_userinfo.py'>
            name: __repr__
            obj: <slot wrapper '__repr__' of 'module' objects>
        finish pytest_pycollect_makeitem --> None [hook]
        pytest_pycollect_makeitem [hook]
            collector: <Module 'test_userinfo.py'>
            name: __getattribute__
            obj: <slot wrapper '__getattribute__' of 'module' objects>
        finish pytest_pycollect_makeitem --> None [hook]
        pytest_pycollect_makeitem [hook]
            collector: <Module 'test_userinfo.py'>
            name: __setattr__
            obj: <slot wrapper '__setattr__' of 'module' objects>
        finish pytest_pycollect_makeitem --> None [hook]
        pytest_pycollect_makeitem [hook]
            collector: <Module 'test_userinfo.py'>
            name: __delattr__
            obj: <slot wrapper '__delattr__' of 'module' objects>
        finish pytest_pycollect_makeitem --> None [hook]
        pytest_pycollect_makeitem [hook]
            collector: <Module 'test_userinfo.py'>
            name: __init__
            obj: <slot wrapper '__init__' of 'module' objects>
        finish pytest_pycollect_makeitem --> None [hook]
        pytest_pycollect_makeitem [hook]
            collector: <Module 'test_userinfo.py'>
            name: __new__
            obj: <built-in method __new__ of type object at 0x0000000068039FE0>
        finish pytest_pycollect_makeitem --> None [hook]
        pytest_pycollect_makeitem [hook]
            collector: <Module 'test_userinfo.py'>
            name: __dir__
            obj: <method '__dir__' of 'module' objects>
        finish pytest_pycollect_makeitem --> None [hook]
        pytest_pycollect_makeitem [hook]
            collector: <Module 'test_userinfo.py'>
            name: __dict__
            obj: <member '__dict__' of 'module' objects>
        finish pytest_pycollect_makeitem --> None [hook]
        pytest_pycollect_makeitem [hook]
            collector: <Module 'test_userinfo.py'>
            name: __hash__
            obj: <slot wrapper '__hash__' of 'object' objects>
        finish pytest_pycollect_makeitem --> None [hook]
        pytest_pycollect_makeitem [hook]
            collector: <Module 'test_userinfo.py'>
            name: __str__
            obj: <slot wrapper '__str__' of 'object' objects>
        finish pytest_pycollect_makeitem --> None [hook]
        pytest_pycollect_makeitem [hook]
            collector: <Module 'test_userinfo.py'>
            name: __lt__
            obj: <slot wrapper '__lt__' of 'object' objects>
        finish pytest_pycollect_makeitem --> None [hook]
        pytest_pycollect_makeitem [hook]
            collector: <Module 'test_userinfo.py'>
            name: __le__
            obj: <slot wrapper '__le__' of 'object' objects>
        finish pytest_pycollect_makeitem --> None [hook]
        pytest_pycollect_makeitem [hook]
            collector: <Module 'test_userinfo.py'>
            name: __eq__
            obj: <slot wrapper '__eq__' of 'object' objects>
        finish pytest_pycollect_makeitem --> None [hook]
        pytest_pycollect_makeitem [hook]
            collector: <Module 'test_userinfo.py'>
            name: __ne__
            obj: <slot wrapper '__ne__' of 'object' objects>
        finish pytest_pycollect_makeitem --> None [hook]
        pytest_pycollect_makeitem [hook]
            collector: <Module 'test_userinfo.py'>
            name: __gt__
            obj: <slot wrapper '__gt__' of 'object' objects>
        finish pytest_pycollect_makeitem --> None [hook]
        pytest_pycollect_makeitem [hook]
            collector: <Module 'test_userinfo.py'>
            name: __ge__
            obj: <slot wrapper '__ge__' of 'object' objects>
        finish pytest_pycollect_makeitem --> None [hook]
        pytest_pycollect_makeitem [hook]
            collector: <Module 'test_userinfo.py'>
            name: __reduce_ex__
            obj: <method '__reduce_ex__' of 'object' objects>
        finish pytest_pycollect_makeitem --> None [hook]
        pytest_pycollect_makeitem [hook]
            collector: <Module 'test_userinfo.py'>
            name: __reduce__
            obj: <method '__reduce__' of 'object' objects>
        finish pytest_pycollect_makeitem --> None [hook]
        pytest_pycollect_makeitem [hook]
            collector: <Module 'test_userinfo.py'>
            name: __subclasshook__
            obj: <method '__subclasshook__' of 'object' objects>
        finish pytest_pycollect_makeitem --> None [hook]
        pytest_pycollect_makeitem [hook]
            collector: <Module 'test_userinfo.py'>
            name: __init_subclass__
            obj: <method '__init_subclass__' of 'object' objects>
        finish pytest_pycollect_makeitem --> None [hook]
        pytest_pycollect_makeitem [hook]
            collector: <Module 'test_userinfo.py'>
            name: __format__
            obj: <method '__format__' of 'object' objects>
        finish pytest_pycollect_makeitem --> None [hook]
        pytest_pycollect_makeitem [hook]
            collector: <Module 'test_userinfo.py'>
            name: __sizeof__
            obj: <method '__sizeof__' of 'object' objects>
        finish pytest_pycollect_makeitem --> None [hook]
        pytest_pycollect_makeitem [hook]
            collector: <Module 'test_userinfo.py'>
            name: __class__
            obj: <attribute '__class__' of 'object' objects>
        finish pytest_pycollect_makeitem --> None [hook]
      finish pytest_make_collect_report --> <CollectReport 'testcase/test_userinfo.py' lenresult=0 outcome='passed'> [hook]
      pytest_collectreport [hook]
          report: <CollectReport 'testcase/test_userinfo.py' lenresult=0 outcome='passed'>
      finish pytest_collectreport --> [] [hook]
    genitems <Package 'D:\\JK_pytest\\testcase\\clue'> [collection]
      pytest_collectstart [hook]
          collector: <Package 'D:\\JK_pytest\\testcase\\clue'>
      finish pytest_collectstart --> [] [hook]
      pytest_make_collect_report [hook]
          collector: <Package 'D:\\JK_pytest\\testcase\\clue'>
      finish pytest_make_collect_report --> <CollectReport 'testcase/clue/__init__.py' lenresult=0 outcome='passed'> [hook]
      pytest_collectreport [hook]
          report: <CollectReport 'testcase/clue/__init__.py' lenresult=0 outcome='passed'>
      finish pytest_collectreport --> [] [hook]
    genitems <Package 'D:\\JK_pytest\\testcase\\patrol'> [collection]
      pytest_collectstart [hook]
          collector: <Package 'D:\\JK_pytest\\testcase\\patrol'>
      finish pytest_collectstart --> [] [hook]
      pytest_make_collect_report [hook]
          collector: <Package 'D:\\JK_pytest\\testcase\\patrol'>
      finish pytest_make_collect_report --> <CollectReport 'testcase/patrol/__init__.py' lenresult=0 outcome='passed'> [hook]
      pytest_collectreport [hook]
          report: <CollectReport 'testcase/patrol/__init__.py' lenresult=0 outcome='passed'>
      finish pytest_collectreport --> [] [hook]
    genitems <Package 'D:\\JK_pytest\\testcase\\place'> [collection]
      pytest_collectstart [hook]
          collector: <Package 'D:\\JK_pytest\\testcase\\place'>
      finish pytest_collectstart --> [] [hook]
      pytest_make_collect_report [hook]
          collector: <Package 'D:\\JK_pytest\\testcase\\place'>
      finish pytest_make_collect_report --> <CollectReport 'testcase/place/__init__.py' lenresult=0 outcome='passed'> [hook]
      pytest_collectreport [hook]
          report: <CollectReport 'testcase/place/__init__.py' lenresult=0 outcome='passed'>
      finish pytest_collectreport --> [] [hook]
    genitems <Package 'D:\\JK_pytest\\testcase\\region'> [collection]
      pytest_collectstart [hook]
          collector: <Package 'D:\\JK_pytest\\testcase\\region'>
      finish pytest_collectstart --> [] [hook]
      pytest_make_collect_report [hook]
          collector: <Package 'D:\\JK_pytest\\testcase\\region'>
      finish pytest_make_collect_report --> <CollectReport 'testcase/region/__init__.py' lenresult=0 outcome='passed'> [hook]
      pytest_collectreport [hook]
          report: <CollectReport 'testcase/region/__init__.py' lenresult=0 outcome='passed'>
      finish pytest_collectreport --> [] [hook]
    genitems <Package 'D:\\JK_pytest\\testcase\\sys'> [collection]
      pytest_collectstart [hook]
          collector: <Package 'D:\\JK_pytest\\testcase\\sys'>
      finish pytest_collectstart --> [] [hook]
      pytest_make_collect_report [hook]
          collector: <Package 'D:\\JK_pytest\\testcase\\sys'>
        pytest_ignore_collect [hook]
            path: D:\JK_pytest\testcase\sys\.pytest_cache
            config: <_pytest.config.Config object at 0x00000246F65F0DA0>
        finish pytest_ignore_collect --> False [hook]
        pytest_ignore_collect [hook]
            path: D:\JK_pytest\testcase\sys\__pycache__
            config: <_pytest.config.Config object at 0x00000246F65F0DA0>
        finish pytest_ignore_collect --> False [hook]
        pytest_collect_directory [hook]
            path: D:\JK_pytest\testcase\sys\__pycache__
            parent: <Package 'D:\\JK_pytest\\testcase\\sys'>
        finish pytest_collect_directory --> None [hook]
        pytest_ignore_collect [hook]
            path: D:\JK_pytest\testcase\sys\.pytest_cache
            config: <_pytest.config.Config object at 0x00000246F65F0DA0>
        finish pytest_ignore_collect --> True [hook]
        pytest_ignore_collect [hook]
            path: D:\JK_pytest\testcase\sys\__pycache__
            config: <_pytest.config.Config object at 0x00000246F65F0DA0>
        finish pytest_ignore_collect --> True [hook]
        pytest_ignore_collect [hook]
            path: D:\JK_pytest\testcase\sys\test_sys_changPwd.py
            config: <_pytest.config.Config object at 0x00000246F65F0DA0>
        finish pytest_ignore_collect --> False [hook]
        pytest_collect_file [hook]
            path: D:\JK_pytest\testcase\sys\test_sys_changPwd.py
            parent: <Package 'D:\\JK_pytest\\testcase\\sys'>
          pytest_pycollect_makemodule [hook]
              path: D:\JK_pytest\testcase\sys\test_sys_changPwd.py
              parent: <Package 'D:\\JK_pytest\\testcase\\sys'>
          finish pytest_pycollect_makemodule --> <Module 'test_sys_changPwd.py'> [hook]
        finish pytest_collect_file --> [<Module 'test_sys_changPwd.py'>] [hook]
        pytest_ignore_collect [hook]
            path: D:\JK_pytest\testcase\sys\test_sys_login.py
            config: <_pytest.config.Config object at 0x00000246F65F0DA0>
        finish pytest_ignore_collect --> False [hook]
        pytest_collect_file [hook]
            path: D:\JK_pytest\testcase\sys\test_sys_login.py
            parent: <Package 'D:\\JK_pytest\\testcase\\sys'>
          pytest_pycollect_makemodule [hook]
              path: D:\JK_pytest\testcase\sys\test_sys_login.py
              parent: <Package 'D:\\JK_pytest\\testcase\\sys'>
          finish pytest_pycollect_makemodule --> <Module 'test_sys_login.py'> [hook]
        finish pytest_collect_file --> [<Module 'test_sys_login.py'>] [hook]
        pytest_ignore_collect [hook]
            path: D:\JK_pytest\testcase\sys\__pycache__\__init__.cpython-36.pyc
            config: <_pytest.config.Config object at 0x00000246F65F0DA0>
        finish pytest_ignore_collect --> False [hook]
        pytest_collect_file [hook]
            path: D:\JK_pytest\testcase\sys\__pycache__\__init__.cpython-36.pyc
            parent: <Package 'D:\\JK_pytest\\testcase\\sys'>
        finish pytest_collect_file --> [] [hook]
        pytest_ignore_collect [hook]
            path: D:\JK_pytest\testcase\sys\__pycache__\test_sys_changPwd.cpython-36-PYTEST.pyc
            config: <_pytest.config.Config object at 0x00000246F65F0DA0>
        finish pytest_ignore_collect --> False [hook]
        pytest_collect_file [hook]
            path: D:\JK_pytest\testcase\sys\__pycache__\test_sys_changPwd.cpython-36-PYTEST.pyc
            parent: <Package 'D:\\JK_pytest\\testcase\\sys'>
        finish pytest_collect_file --> [] [hook]
        pytest_ignore_collect [hook]
            path: D:\JK_pytest\testcase\sys\__pycache__\test_sys_login.cpython-36-PYTEST.pyc
            config: <_pytest.config.Config object at 0x00000246F65F0DA0>
        finish pytest_ignore_collect --> False [hook]
        pytest_collect_file [hook]
            path: D:\JK_pytest\testcase\sys\__pycache__\test_sys_login.cpython-36-PYTEST.pyc
            parent: <Package 'D:\\JK_pytest\\testcase\\sys'>
        finish pytest_collect_file --> [] [hook]
      finish pytest_make_collect_report --> <CollectReport 'testcase/sys/__init__.py' lenresult=2 outcome='passed'> [hook]
    genitems <Module 'test_sys_changPwd.py'> [collection]
      pytest_collectstart [hook]
          collector: <Module 'test_sys_changPwd.py'>
      finish pytest_collectstart --> [] [hook]
      pytest_make_collect_report [hook]
          collector: <Module 'test_sys_changPwd.py'>
      find_module called for: testcase.sys [assertion]
      find_module called for: testcase.sys.test_sys_changPwd [assertion]
      matched test file 'D:\\JK_pytest\\testcase\\sys\\test_sys_changPwd.py' [assertion]
      _read_pyc(D:\JK_pytest\testcase\sys\test_sys_changPwd.py): invalid or out of date pyc [assertion]
      rewriting 'D:\\JK_pytest\\testcase\\sys\\test_sys_changPwd.py' [assertion]
        pytest_pycollect_makeitem [hook]
            collector: <Module 'test_sys_changPwd.py'>
            name: __name__
            obj: testcase.sys.test_sys_changPwd
        finish pytest_pycollect_makeitem --> None [hook]
        pytest_pycollect_makeitem [hook]
            collector: <Module 'test_sys_changPwd.py'>
            name: __doc__
            obj: None
        finish pytest_pycollect_makeitem --> None [hook]
        pytest_pycollect_makeitem [hook]
            collector: <Module 'test_sys_changPwd.py'>
            name: __package__
            obj: testcase.sys
        finish pytest_pycollect_makeitem --> None [hook]
        pytest_pycollect_makeitem [hook]
            collector: <Module 'test_sys_changPwd.py'>
            name: __loader__
            obj: <_pytest.assertion.rewrite.AssertionRewritingHook object at 0x00000246F66EDE48>
        finish pytest_pycollect_makeitem --> None [hook]
        pytest_pycollect_makeitem [hook]
            collector: <Module 'test_sys_changPwd.py'>
            name: __spec__
            obj: ModuleSpec(name='testcase.sys.test_sys_changPwd', loader=<_pytest.assertion.rewrite.AssertionRewritingHook object at 0x00000246F66EDE48>, origin='D:\\JK_pytest\\testcase\\sys\\test_sys_changPwd.py')
        finish pytest_pycollect_makeitem --> None [hook]
        pytest_pycollect_makeitem [hook]
            collector: <Module 'test_sys_changPwd.py'>
            name: __file__
            obj: D:\JK_pytest\testcase\sys\test_sys_changPwd.py
        finish pytest_pycollect_makeitem --> None [hook]
        pytest_pycollect_makeitem [hook]
            collector: <Module 'test_sys_changPwd.py'>
            name: __cached__
            obj: D:\JK_pytest\testcase\sys\__pycache__\test_sys_changPwd.cpython-36-PYTEST.pyc
        finish pytest_pycollect_makeitem --> None [hook]
        pytest_pycollect_makeitem [hook]
            collector: <Module 'test_sys_changPwd.py'>
            name: __builtins__
            obj: {'__name__': 'builtins', '__doc__': "Built-in functions, exceptions, and other objects.\n\nNoteworthy: None is the `nil' object; Ellipsis represents `...' in slices.", '__package__': '', '__loader__': <class '_frozen_importlib.BuiltinImporter'>, '__spec__': ModuleSpec(name='builtins', loader=<class '_frozen_importlib.BuiltinImporter'>), '__build_class__': <built-in function __build_class__>, '__import__': <built-in function __import__>, 'abs': <built-in function abs>, 'all': <built-in function all>, 'any': <built-in function any>, 'ascii': <built-in function ascii>, 'bin': <built-in function bin>, 'callable': <built-in function callable>, 'chr': <built-in function chr>, 'compile': <built-in function compile>, 'delattr': <built-in function delattr>, 'dir': <built-in function dir>, 'divmod': <built-in function divmod>, 'eval': <built-in function eval>, 'exec': <built-in function exec>, 'format': <built-in function format>, 'getattr': <built-in function getattr>, 'globals': <built-in function globals>, 'hasattr': <built-in function hasattr>, 'hash': <built-in function hash>, 'hex': <built-in function hex>, 'id': <built-in function id>, 'input': <built-in function input>, 'isinstance': <built-in function isinstance>, 'issubclass': <built-in function issubclass>, 'iter': <built-in function iter>, 'len': <built-in function len>, 'locals': <built-in function locals>, 'max': <built-in function max>, 'min': <built-in function min>, 'next': <built-in function next>, 'oct': <built-in function oct>, 'ord': <built-in function ord>, 'pow': <built-in function pow>, 'print': <built-in function print>, 'repr': <built-in function repr>, 'round': <built-in function round>, 'setattr': <built-in function setattr>, 'sorted': <built-in function sorted>, 'sum': <built-in function sum>, 'vars': <built-in function vars>, 'None': None, 'Ellipsis': Ellipsis, 'NotImplemented': NotImplemented, 'False': False, 'True': True, 'bool': <class 'bool'>, 'memoryview': <class 'memoryview'>, 'bytearray': <class 'bytearray'>, 'bytes': <class 'bytes'>, 'classmethod': <class 'classmethod'>, 'complex': <class 'complex'>, 'dict': <class 'dict'>, 'enumerate': <class 'enumerate'>, 'filter': <class 'filter'>, 'float': <class 'float'>, 'frozenset': <class 'frozenset'>, 'property': <class 'property'>, 'int': <class 'int'>, 'list': <class 'list'>, 'map': <class 'map'>, 'object': <class 'object'>, 'range': <class 'range'>, 'reversed': <class 'reversed'>, 'set': <class 'set'>, 'slice': <class 'slice'>, 'staticmethod': <class 'staticmethod'>, 'str': <class 'str'>, 'super': <class 'super'>, 'tuple': <class 'tuple'>, 'type': <class 'type'>, 'zip': <class 'zip'>, '__debug__': True, 'BaseException': <class 'BaseException'>, 'Exception': <class 'Exception'>, 'TypeError': <class 'TypeError'>, 'StopAsyncIteration': <class 'StopAsyncIteration'>, 'StopIteration': <class 'StopIteration'>, 'GeneratorExit': <class 'GeneratorExit'>, 'SystemExit': <class 'SystemExit'>, 'KeyboardInterrupt': <class 'KeyboardInterrupt'>, 'ImportError': <class 'ImportError'>, 'ModuleNotFoundError': <class 'ModuleNotFoundError'>, 'OSError': <class 'OSError'>, 'EnvironmentError': <class 'OSError'>, 'IOError': <class 'OSError'>, 'WindowsError': <class 'OSError'>, 'EOFError': <class 'EOFError'>, 'RuntimeError': <class 'RuntimeError'>, 'RecursionError': <class 'RecursionError'>, 'NotImplementedError': <class 'NotImplementedError'>, 'NameError': <class 'NameError'>, 'UnboundLocalError': <class 'UnboundLocalError'>, 'AttributeError': <class 'AttributeError'>, 'SyntaxError': <class 'SyntaxError'>, 'IndentationError': <class 'IndentationError'>, 'TabError': <class 'TabError'>, 'LookupError': <class 'LookupError'>, 'IndexError': <class 'IndexError'>, 'KeyError': <class 'KeyError'>, 'ValueError': <class 'ValueError'>, 'UnicodeError': <class 'UnicodeError'>, 'UnicodeEncodeError': <class 'UnicodeEncodeError'>, 'UnicodeDecodeError': <class 'UnicodeDecodeError'>, 'UnicodeTranslateError': <class 'UnicodeTranslateError'>, 'AssertionError': <class 'AssertionError'>, 'ArithmeticError': <class 'ArithmeticError'>, 'FloatingPointError': <class 'FloatingPointError'>, 'OverflowError': <class 'OverflowError'>, 'ZeroDivisionError': <class 'ZeroDivisionError'>, 'SystemError': <class 'SystemError'>, 'ReferenceError': <class 'ReferenceError'>, 'BufferError': <class 'BufferError'>, 'MemoryError': <class 'MemoryError'>, 'Warning': <class 'Warning'>, 'UserWarning': <class 'UserWarning'>, 'DeprecationWarning': <class 'DeprecationWarning'>, 'PendingDeprecationWarning': <class 'PendingDeprecationWarning'>, 'SyntaxWarning': <class 'SyntaxWarning'>, 'RuntimeWarning': <class 'RuntimeWarning'>, 'FutureWarning': <class 'FutureWarning'>, 'ImportWarning': <class 'ImportWarning'>, 'UnicodeWarning': <class 'UnicodeWarning'>, 'BytesWarning': <class 'BytesWarning'>, 'ResourceWarning': <class 'ResourceWarning'>, 'ConnectionError': <class 'ConnectionError'>, 'BlockingIOError': <class 'BlockingIOError'>, 'BrokenPipeError': <class 'BrokenPipeError'>, 'ChildProcessError': <class 'ChildProcessError'>, 'ConnectionAbortedError': <class 'ConnectionAbortedError'>, 'ConnectionRefusedError': <class 'ConnectionRefusedError'>, 'ConnectionResetError': <class 'ConnectionResetError'>, 'FileExistsError': <class 'FileExistsError'>, 'FileNotFoundError': <class 'FileNotFoundError'>, 'IsADirectoryError': <class 'IsADirectoryError'>, 'NotADirectoryError': <class 'NotADirectoryError'>, 'InterruptedError': <class 'InterruptedError'>, 'PermissionError': <class 'PermissionError'>, 'ProcessLookupError': <class 'ProcessLookupError'>, 'TimeoutError': <class 'TimeoutError'>, 'open': <built-in function open>, 'quit': Use quit() or Ctrl-Z plus Return to exit, 'exit': Use exit() or Ctrl-Z plus Return to exit, 'copyright': Copyright (c) 2001-2018 Python Software Foundation.
All Rights Reserved.

Copyright (c) 2000 BeOpen.com.
All Rights Reserved.

Copyright (c) 1995-2001 Corporation for National Research Initiatives.
All Rights Reserved.

Copyright (c) 1991-1995 Stichting Mathematisch Centrum, Amsterdam.
All Rights Reserved., 'credits':     Thanks to CWI, CNRI, BeOpen.com, Zope Corporation and a cast of thousands
    for supporting Python development.  See www.python.org for more information., 'license': Type license() to see the full license text, 'help': Type help() for interactive help, or help(object) for help about object.}
        finish pytest_pycollect_makeitem --> None [hook]
        pytest_pycollect_makeitem [hook]
            collector: <Module 'test_sys_changPwd.py'>
            name: @py_builtins
            obj: <module 'builtins' (built-in)>
        finish pytest_pycollect_makeitem --> None [hook]
        pytest_pycollect_makeitem [hook]
            collector: <Module 'test_sys_changPwd.py'>
            name: @pytest_ar
            obj: <module '_pytest.assertion.rewrite' from 'D:\\Python\\lib\\site-packages\\_pytest\\assertion\\rewrite.py'>
        finish pytest_pycollect_makeitem --> None [hook]
        pytest_pycollect_makeitem [hook]
            collector: <Module 'test_sys_changPwd.py'>
            name: CommonData
            obj: <class 'commom.commomData.CommonData'>
        finish pytest_pycollect_makeitem --> None [hook]
        pytest_pycollect_makeitem [hook]
            collector: <Module 'test_sys_changPwd.py'>
            name: http
            obj: <util.httpUtil.HttpUtil object at 0x00000246F6B6AF28>
        finish pytest_pycollect_makeitem --> None [hook]
        pytest_pycollect_makeitem [hook]
            collector: <Module 'test_sys_changPwd.py'>
            name: pytest
            obj: <module 'pytest' from 'D:\\Python\\lib\\site-packages\\pytest.py'>
        finish pytest_pycollect_makeitem --> None [hook]
        pytest_pycollect_makeitem [hook]
            collector: <Module 'test_sys_changPwd.py'>
            name: allure
            obj: <module 'allure' from 'D:\\Python\\lib\\site-packages\\allure\\__init__.py'>
        finish pytest_pycollect_makeitem --> None [hook]
        pytest_pycollect_makeitem [hook]
            collector: <Module 'test_sys_changPwd.py'>
            name: Test_changePwd
            obj: <class 'testcase.sys.test_sys_changPwd.Test_changePwd'>
        finish pytest_pycollect_makeitem --> <Class 'Test_changePwd'> [hook]
        pytest_pycollect_makeitem [hook]
            collector: <Module 'test_sys_changPwd.py'>
            name: recoveryPwd
            obj: <function recoveryPwd at 0x00000246F6E9FD90>
        finish pytest_pycollect_makeitem --> None [hook]
        pytest_pycollect_makeitem [hook]
            collector: <Module 'test_sys_changPwd.py'>
            name: __repr__
            obj: <slot wrapper '__repr__' of 'module' objects>
        finish pytest_pycollect_makeitem --> None [hook]
        pytest_pycollect_makeitem [hook]
            collector: <Module 'test_sys_changPwd.py'>
            name: __getattribute__
            obj: <slot wrapper '__getattribute__' of 'module' objects>
        finish pytest_pycollect_makeitem --> None [hook]
        pytest_pycollect_makeitem [hook]
            collector: <Module 'test_sys_changPwd.py'>
            name: __setattr__
            obj: <slot wrapper '__setattr__' of 'module' objects>
        finish pytest_pycollect_makeitem --> None [hook]
        pytest_pycollect_makeitem [hook]
            collector: <Module 'test_sys_changPwd.py'>
            name: __delattr__
            obj: <slot wrapper '__delattr__' of 'module' objects>
        finish pytest_pycollect_makeitem --> None [hook]
        pytest_pycollect_makeitem [hook]
            collector: <Module 'test_sys_changPwd.py'>
            name: __init__
            obj: <slot wrapper '__init__' of 'module' objects>
        finish pytest_pycollect_makeitem --> None [hook]
        pytest_pycollect_makeitem [hook]
            collector: <Module 'test_sys_changPwd.py'>
            name: __new__
            obj: <built-in method __new__ of type object at 0x0000000068039FE0>
        finish pytest_pycollect_makeitem --> None [hook]
        pytest_pycollect_makeitem [hook]
            collector: <Module 'test_sys_changPwd.py'>
            name: __dir__
            obj: <method '__dir__' of 'module' objects>
        finish pytest_pycollect_makeitem --> None [hook]
        pytest_pycollect_makeitem [hook]
            collector: <Module 'test_sys_changPwd.py'>
            name: __dict__
            obj: <member '__dict__' of 'module' objects>
        finish pytest_pycollect_makeitem --> None [hook]
        pytest_pycollect_makeitem [hook]
            collector: <Module 'test_sys_changPwd.py'>
            name: __hash__
            obj: <slot wrapper '__hash__' of 'object' objects>
        finish pytest_pycollect_makeitem --> None [hook]
        pytest_pycollect_makeitem [hook]
            collector: <Module 'test_sys_changPwd.py'>
            name: __str__
            obj: <slot wrapper '__str__' of 'object' objects>
        finish pytest_pycollect_makeitem --> None [hook]
        pytest_pycollect_makeitem [hook]
            collector: <Module 'test_sys_changPwd.py'>
            name: __lt__
            obj: <slot wrapper '__lt__' of 'object' objects>
        finish pytest_pycollect_makeitem --> None [hook]
        pytest_pycollect_makeitem [hook]
            collector: <Module 'test_sys_changPwd.py'>
            name: __le__
            obj: <slot wrapper '__le__' of 'object' objects>
        finish pytest_pycollect_makeitem --> None [hook]
        pytest_pycollect_makeitem [hook]
            collector: <Module 'test_sys_changPwd.py'>
            name: __eq__
            obj: <slot wrapper '__eq__' of 'object' objects>
        finish pytest_pycollect_makeitem --> None [hook]
        pytest_pycollect_makeitem [hook]
            collector: <Module 'test_sys_changPwd.py'>
            name: __ne__
            obj: <slot wrapper '__ne__' of 'object' objects>
        finish pytest_pycollect_makeitem --> None [hook]
        pytest_pycollect_makeitem [hook]
            collector: <Module 'test_sys_changPwd.py'>
            name: __gt__
            obj: <slot wrapper '__gt__' of 'object' objects>
        finish pytest_pycollect_makeitem --> None [hook]
        pytest_pycollect_makeitem [hook]
            collector: <Module 'test_sys_changPwd.py'>
            name: __ge__
            obj: <slot wrapper '__ge__' of 'object' objects>
        finish pytest_pycollect_makeitem --> None [hook]
        pytest_pycollect_makeitem [hook]
            collector: <Module 'test_sys_changPwd.py'>
            name: __reduce_ex__
            obj: <method '__reduce_ex__' of 'object' objects>
        finish pytest_pycollect_makeitem --> None [hook]
        pytest_pycollect_makeitem [hook]
            collector: <Module 'test_sys_changPwd.py'>
            name: __reduce__
            obj: <method '__reduce__' of 'object' objects>
        finish pytest_pycollect_makeitem --> None [hook]
        pytest_pycollect_makeitem [hook]
            collector: <Module 'test_sys_changPwd.py'>
            name: __subclasshook__
            obj: <method '__subclasshook__' of 'object' objects>
        finish pytest_pycollect_makeitem --> None [hook]
        pytest_pycollect_makeitem [hook]
            collector: <Module 'test_sys_changPwd.py'>
            name: __init_subclass__
            obj: <method '__init_subclass__' of 'object' objects>
        finish pytest_pycollect_makeitem --> None [hook]
        pytest_pycollect_makeitem [hook]
            collector: <Module 'test_sys_changPwd.py'>
            name: __format__
            obj: <method '__format__' of 'object' objects>
        finish pytest_pycollect_makeitem --> None [hook]
        pytest_pycollect_makeitem [hook]
            collector: <Module 'test_sys_changPwd.py'>
            name: __sizeof__
            obj: <method '__sizeof__' of 'object' objects>
        finish pytest_pycollect_makeitem --> None [hook]
        pytest_pycollect_makeitem [hook]
            collector: <Module 'test_sys_changPwd.py'>
            name: __class__
            obj: <attribute '__class__' of 'object' objects>
        finish pytest_pycollect_makeitem --> None [hook]
      finish pytest_make_collect_report --> <CollectReport 'testcase/sys/test_sys_changPwd.py' lenresult=1 outcome='passed'> [hook]
    genitems <Class 'Test_changePwd'> [collection]
      pytest_collectstart [hook]
          collector: <Class 'Test_changePwd'>
      finish pytest_collectstart --> [] [hook]
      pytest_make_collect_report [hook]
          collector: <Class 'Test_changePwd'>
      finish pytest_make_collect_report --> <CollectReport 'testcase/sys/test_sys_changPwd.py::Test_changePwd' lenresult=1 outcome='passed'> [hook]
    genitems <Instance '()'> [collection]
      pytest_collectstart [hook]
          collector: <Instance '()'>
      finish pytest_collectstart --> [] [hook]
      pytest_make_collect_report [hook]
          collector: <Instance '()'>
        pytest_pycollect_makeitem [hook]
            collector: <Instance '()'>
            name: __module__
            obj: testcase.sys.test_sys_changPwd
        finish pytest_pycollect_makeitem --> None [hook]
        pytest_pycollect_makeitem [hook]
            collector: <Instance '()'>
            name: test_changePwd_success
            obj: <function Test_changePwd.test_changePwd_success at 0x00000246F6E9FD08>
          pytest_generate_tests [hook]
              metafunc: <_pytest.python.Metafunc object at 0x00000246F76DA6D8>
          finish pytest_generate_tests --> [] [hook]
        finish pytest_pycollect_makeitem --> [<Function 'test_changePwd_success'>] [hook]
        pytest_pycollect_makeitem [hook]
            collector: <Instance '()'>
            name: __dict__
            obj: <attribute '__dict__' of 'Test_changePwd' objects>
        finish pytest_pycollect_makeitem --> None [hook]
        pytest_pycollect_makeitem [hook]
            collector: <Instance '()'>
            name: __weakref__
            obj: <attribute '__weakref__' of 'Test_changePwd' objects>
        finish pytest_pycollect_makeitem --> None [hook]
        pytest_pycollect_makeitem [hook]
            collector: <Instance '()'>
            name: __doc__
            obj: None
        finish pytest_pycollect_makeitem --> None [hook]
        pytest_pycollect_makeitem [hook]
            collector: <Instance '()'>
            name: pytestmark
            obj: [Mark(name='allure_label.feature', args=('',), kwargs={})]
        finish pytest_pycollect_makeitem --> None [hook]
        pytest_pycollect_makeitem [hook]
            collector: <Instance '()'>
            name: __repr__
            obj: <slot wrapper '__repr__' of 'object' objects>
        finish pytest_pycollect_makeitem --> None [hook]
        pytest_pycollect_makeitem [hook]
            collector: <Instance '()'>
            name: __hash__
            obj: <slot wrapper '__hash__' of 'object' objects>
        finish pytest_pycollect_makeitem --> None [hook]
        pytest_pycollect_makeitem [hook]
            collector: <Instance '()'>
            name: __str__
            obj: <slot wrapper '__str__' of 'object' objects>
        finish pytest_pycollect_makeitem --> None [hook]
        pytest_pycollect_makeitem [hook]
            collector: <Instance '()'>
            name: __getattribute__
            obj: <slot wrapper '__getattribute__' of 'object' objects>
        finish pytest_pycollect_makeitem --> None [hook]
        pytest_pycollect_makeitem [hook]
            collector: <Instance '()'>
            name: __setattr__
            obj: <slot wrapper '__setattr__' of 'object' objects>
        finish pytest_pycollect_makeitem --> None [hook]
        pytest_pycollect_makeitem [hook]
            collector: <Instance '()'>
            name: __delattr__
            obj: <slot wrapper '__delattr__' of 'object' objects>
        finish pytest_pycollect_makeitem --> None [hook]
        pytest_pycollect_makeitem [hook]
            collector: <Instance '()'>
            name: __lt__
            obj: <slot wrapper '__lt__' of 'object' objects>
        finish pytest_pycollect_makeitem --> None [hook]
        pytest_pycollect_makeitem [hook]
            collector: <Instance '()'>
            name: __le__
            obj: <slot wrapper '__le__' of 'object' objects>
        finish pytest_pycollect_makeitem --> None [hook]
        pytest_pycollect_makeitem [hook]
            collector: <Instance '()'>
            name: __eq__
            obj: <slot wrapper '__eq__' of 'object' objects>
        finish pytest_pycollect_makeitem --> None [hook]
        pytest_pycollect_makeitem [hook]
            collector: <Instance '()'>
            name: __ne__
            obj: <slot wrapper '__ne__' of 'object' objects>
        finish pytest_pycollect_makeitem --> None [hook]
        pytest_pycollect_makeitem [hook]
            collector: <Instance '()'>
            name: __gt__
            obj: <slot wrapper '__gt__' of 'object' objects>
        finish pytest_pycollect_makeitem --> None [hook]
        pytest_pycollect_makeitem [hook]
            collector: <Instance '()'>
            name: __ge__
            obj: <slot wrapper '__ge__' of 'object' objects>
        finish pytest_pycollect_makeitem --> None [hook]
        pytest_pycollect_makeitem [hook]
            collector: <Instance '()'>
            name: __init__
            obj: <slot wrapper '__init__' of 'object' objects>
        finish pytest_pycollect_makeitem --> None [hook]
        pytest_pycollect_makeitem [hook]
            collector: <Instance '()'>
            name: __new__
            obj: <built-in method __new__ of type object at 0x000000006803C580>
        finish pytest_pycollect_makeitem --> None [hook]
        pytest_pycollect_makeitem [hook]
            collector: <Instance '()'>
            name: __reduce_ex__
            obj: <method '__reduce_ex__' of 'object' objects>
        finish pytest_pycollect_makeitem --> None [hook]
        pytest_pycollect_makeitem [hook]
            collector: <Instance '()'>
            name: __reduce__
            obj: <method '__reduce__' of 'object' objects>
        finish pytest_pycollect_makeitem --> None [hook]
        pytest_pycollect_makeitem [hook]
            collector: <Instance '()'>
            name: __subclasshook__
            obj: <method '__subclasshook__' of 'object' objects>
        finish pytest_pycollect_makeitem --> None [hook]
        pytest_pycollect_makeitem [hook]
            collector: <Instance '()'>
            name: __init_subclass__
            obj: <method '__init_subclass__' of 'object' objects>
        finish pytest_pycollect_makeitem --> None [hook]
        pytest_pycollect_makeitem [hook]
            collector: <Instance '()'>
            name: __format__
            obj: <method '__format__' of 'object' objects>
        finish pytest_pycollect_makeitem --> None [hook]
        pytest_pycollect_makeitem [hook]
            collector: <Instance '()'>
            name: __sizeof__
            obj: <method '__sizeof__' of 'object' objects>
        finish pytest_pycollect_makeitem --> None [hook]
        pytest_pycollect_makeitem [hook]
            collector: <Instance '()'>
            name: __dir__
            obj: <method '__dir__' of 'object' objects>
        finish pytest_pycollect_makeitem --> None [hook]
        pytest_pycollect_makeitem [hook]
            collector: <Instance '()'>
            name: __class__
            obj: <attribute '__class__' of 'object' objects>
        finish pytest_pycollect_makeitem --> None [hook]
      finish pytest_make_collect_report --> <CollectReport 'testcase/sys/test_sys_changPwd.py::Test_changePwd::()' lenresult=1 outcome='passed'> [hook]
    genitems <Function 'test_changePwd_success'> [collection]
      pytest_itemcollected [hook]
          item: <Function 'test_changePwd_success'>
      finish pytest_itemcollected --> [] [hook]
      pytest_collectreport [hook]
          report: <CollectReport 'testcase/sys/test_sys_changPwd.py::Test_changePwd::()' lenresult=1 outcome='passed'>
      finish pytest_collectreport --> [] [hook]
      pytest_collectreport [hook]
          report: <CollectReport 'testcase/sys/test_sys_changPwd.py::Test_changePwd' lenresult=1 outcome='passed'>
      finish pytest_collectreport --> [] [hook]
      pytest_collectreport [hook]
          report: <CollectReport 'testcase/sys/test_sys_changPwd.py' lenresult=1 outcome='passed'>
      finish pytest_collectreport --> [] [hook]
    genitems <Module 'test_sys_login.py'> [collection]
      pytest_collectstart [hook]
          collector: <Module 'test_sys_login.py'>
      finish pytest_collectstart --> [] [hook]
      pytest_make_collect_report [hook]
          collector: <Module 'test_sys_login.py'>
      find_module called for: testcase.sys.test_sys_login [assertion]
      matched test file 'D:\\JK_pytest\\testcase\\sys\\test_sys_login.py' [assertion]
      found cached rewritten pyc for 'D:\\JK_pytest\\testcase\\sys\\test_sys_login.py' [assertion]
        pytest_pycollect_makeitem [hook]
            collector: <Module 'test_sys_login.py'>
            name: __name__
            obj: testcase.sys.test_sys_login
        finish pytest_pycollect_makeitem --> None [hook]
        pytest_pycollect_makeitem [hook]
            collector: <Module 'test_sys_login.py'>
            name: __doc__
            obj: None
        finish pytest_pycollect_makeitem --> None [hook]
        pytest_pycollect_makeitem [hook]
            collector: <Module 'test_sys_login.py'>
            name: __package__
            obj: testcase.sys
        finish pytest_pycollect_makeitem --> None [hook]
        pytest_pycollect_makeitem [hook]
            collector: <Module 'test_sys_login.py'>
            name: __loader__
            obj: <_pytest.assertion.rewrite.AssertionRewritingHook object at 0x00000246F66EDE48>
        finish pytest_pycollect_makeitem --> None [hook]
        pytest_pycollect_makeitem [hook]
            collector: <Module 'test_sys_login.py'>
            name: __spec__
            obj: ModuleSpec(name='testcase.sys.test_sys_login', loader=<_pytest.assertion.rewrite.AssertionRewritingHook object at 0x00000246F66EDE48>, origin='D:\\JK_pytest\\testcase\\sys\\test_sys_login.py')
        finish pytest_pycollect_makeitem --> None [hook]
        pytest_pycollect_makeitem [hook]
            collector: <Module 'test_sys_login.py'>
            name: __file__
            obj: D:\JK_pytest\testcase\sys\test_sys_login.py
        finish pytest_pycollect_makeitem --> None [hook]
        pytest_pycollect_makeitem [hook]
            collector: <Module 'test_sys_login.py'>
            name: __cached__
            obj: D:\JK_pytest\testcase\sys\__pycache__\test_sys_login.cpython-36-PYTEST.pyc
        finish pytest_pycollect_makeitem --> None [hook]
        pytest_pycollect_makeitem [hook]
            collector: <Module 'test_sys_login.py'>
            name: __builtins__
            obj: {'__name__': 'builtins', '__doc__': "Built-in functions, exceptions, and other objects.\n\nNoteworthy: None is the `nil' object; Ellipsis represents `...' in slices.", '__package__': '', '__loader__': <class '_frozen_importlib.BuiltinImporter'>, '__spec__': ModuleSpec(name='builtins', loader=<class '_frozen_importlib.BuiltinImporter'>), '__build_class__': <built-in function __build_class__>, '__import__': <built-in function __import__>, 'abs': <built-in function abs>, 'all': <built-in function all>, 'any': <built-in function any>, 'ascii': <built-in function ascii>, 'bin': <built-in function bin>, 'callable': <built-in function callable>, 'chr': <built-in function chr>, 'compile': <built-in function compile>, 'delattr': <built-in function delattr>, 'dir': <built-in function dir>, 'divmod': <built-in function divmod>, 'eval': <built-in function eval>, 'exec': <built-in function exec>, 'format': <built-in function format>, 'getattr': <built-in function getattr>, 'globals': <built-in function globals>, 'hasattr': <built-in function hasattr>, 'hash': <built-in function hash>, 'hex': <built-in function hex>, 'id': <built-in function id>, 'input': <built-in function input>, 'isinstance': <built-in function isinstance>, 'issubclass': <built-in function issubclass>, 'iter': <built-in function iter>, 'len': <built-in function len>, 'locals': <built-in function locals>, 'max': <built-in function max>, 'min': <built-in function min>, 'next': <built-in function next>, 'oct': <built-in function oct>, 'ord': <built-in function ord>, 'pow': <built-in function pow>, 'print': <built-in function print>, 'repr': <built-in function repr>, 'round': <built-in function round>, 'setattr': <built-in function setattr>, 'sorted': <built-in function sorted>, 'sum': <built-in function sum>, 'vars': <built-in function vars>, 'None': None, 'Ellipsis': Ellipsis, 'NotImplemented': NotImplemented, 'False': False, 'True': True, 'bool': <class 'bool'>, 'memoryview': <class 'memoryview'>, 'bytearray': <class 'bytearray'>, 'bytes': <class 'bytes'>, 'classmethod': <class 'classmethod'>, 'complex': <class 'complex'>, 'dict': <class 'dict'>, 'enumerate': <class 'enumerate'>, 'filter': <class 'filter'>, 'float': <class 'float'>, 'frozenset': <class 'frozenset'>, 'property': <class 'property'>, 'int': <class 'int'>, 'list': <class 'list'>, 'map': <class 'map'>, 'object': <class 'object'>, 'range': <class 'range'>, 'reversed': <class 'reversed'>, 'set': <class 'set'>, 'slice': <class 'slice'>, 'staticmethod': <class 'staticmethod'>, 'str': <class 'str'>, 'super': <class 'super'>, 'tuple': <class 'tuple'>, 'type': <class 'type'>, 'zip': <class 'zip'>, '__debug__': True, 'BaseException': <class 'BaseException'>, 'Exception': <class 'Exception'>, 'TypeError': <class 'TypeError'>, 'StopAsyncIteration': <class 'StopAsyncIteration'>, 'StopIteration': <class 'StopIteration'>, 'GeneratorExit': <class 'GeneratorExit'>, 'SystemExit': <class 'SystemExit'>, 'KeyboardInterrupt': <class 'KeyboardInterrupt'>, 'ImportError': <class 'ImportError'>, 'ModuleNotFoundError': <class 'ModuleNotFoundError'>, 'OSError': <class 'OSError'>, 'EnvironmentError': <class 'OSError'>, 'IOError': <class 'OSError'>, 'WindowsError': <class 'OSError'>, 'EOFError': <class 'EOFError'>, 'RuntimeError': <class 'RuntimeError'>, 'RecursionError': <class 'RecursionError'>, 'NotImplementedError': <class 'NotImplementedError'>, 'NameError': <class 'NameError'>, 'UnboundLocalError': <class 'UnboundLocalError'>, 'AttributeError': <class 'AttributeError'>, 'SyntaxError': <class 'SyntaxError'>, 'IndentationError': <class 'IndentationError'>, 'TabError': <class 'TabError'>, 'LookupError': <class 'LookupError'>, 'IndexError': <class 'IndexError'>, 'KeyError': <class 'KeyError'>, 'ValueError': <class 'ValueError'>, 'UnicodeError': <class 'UnicodeError'>, 'UnicodeEncodeError': <class 'UnicodeEncodeError'>, 'UnicodeDecodeError': <class 'UnicodeDecodeError'>, 'UnicodeTranslateError': <class 'UnicodeTranslateError'>, 'AssertionError': <class 'AssertionError'>, 'ArithmeticError': <class 'ArithmeticError'>, 'FloatingPointError': <class 'FloatingPointError'>, 'OverflowError': <class 'OverflowError'>, 'ZeroDivisionError': <class 'ZeroDivisionError'>, 'SystemError': <class 'SystemError'>, 'ReferenceError': <class 'ReferenceError'>, 'BufferError': <class 'BufferError'>, 'MemoryError': <class 'MemoryError'>, 'Warning': <class 'Warning'>, 'UserWarning': <class 'UserWarning'>, 'DeprecationWarning': <class 'DeprecationWarning'>, 'PendingDeprecationWarning': <class 'PendingDeprecationWarning'>, 'SyntaxWarning': <class 'SyntaxWarning'>, 'RuntimeWarning': <class 'RuntimeWarning'>, 'FutureWarning': <class 'FutureWarning'>, 'ImportWarning': <class 'ImportWarning'>, 'UnicodeWarning': <class 'UnicodeWarning'>, 'BytesWarning': <class 'BytesWarning'>, 'ResourceWarning': <class 'ResourceWarning'>, 'ConnectionError': <class 'ConnectionError'>, 'BlockingIOError': <class 'BlockingIOError'>, 'BrokenPipeError': <class 'BrokenPipeError'>, 'ChildProcessError': <class 'ChildProcessError'>, 'ConnectionAbortedError': <class 'ConnectionAbortedError'>, 'ConnectionRefusedError': <class 'ConnectionRefusedError'>, 'ConnectionResetError': <class 'ConnectionResetError'>, 'FileExistsError': <class 'FileExistsError'>, 'FileNotFoundError': <class 'FileNotFoundError'>, 'IsADirectoryError': <class 'IsADirectoryError'>, 'NotADirectoryError': <class 'NotADirectoryError'>, 'InterruptedError': <class 'InterruptedError'>, 'PermissionError': <class 'PermissionError'>, 'ProcessLookupError': <class 'ProcessLookupError'>, 'TimeoutError': <class 'TimeoutError'>, 'open': <built-in function open>, 'quit': Use quit() or Ctrl-Z plus Return to exit, 'exit': Use exit() or Ctrl-Z plus Return to exit, 'copyright': Copyright (c) 2001-2018 Python Software Foundation.
All Rights Reserved.

Copyright (c) 2000 BeOpen.com.
All Rights Reserved.

Copyright (c) 1995-2001 Corporation for National Research Initiatives.
All Rights Reserved.

Copyright (c) 1991-1995 Stichting Mathematisch Centrum, Amsterdam.
All Rights Reserved., 'credits':     Thanks to CWI, CNRI, BeOpen.com, Zope Corporation and a cast of thousands
    for supporting Python development.  See www.python.org for more information., 'license': Type license() to see the full license text, 'help': Type help() for interactive help, or help(object) for help about object.}
        finish pytest_pycollect_makeitem --> None [hook]
        pytest_pycollect_makeitem [hook]
            collector: <Module 'test_sys_login.py'>
            name: __repr__
            obj: <slot wrapper '__repr__' of 'module' objects>
        finish pytest_pycollect_makeitem --> None [hook]
        pytest_pycollect_makeitem [hook]
            collector: <Module 'test_sys_login.py'>
            name: __getattribute__
            obj: <slot wrapper '__getattribute__' of 'module' objects>
        finish pytest_pycollect_makeitem --> None [hook]
        pytest_pycollect_makeitem [hook]
            collector: <Module 'test_sys_login.py'>
            name: __setattr__
            obj: <slot wrapper '__setattr__' of 'module' objects>
        finish pytest_pycollect_makeitem --> None [hook]
        pytest_pycollect_makeitem [hook]
            collector: <Module 'test_sys_login.py'>
            name: __delattr__
            obj: <slot wrapper '__delattr__' of 'module' objects>
        finish pytest_pycollect_makeitem --> None [hook]
        pytest_pycollect_makeitem [hook]
            collector: <Module 'test_sys_login.py'>
            name: __init__
            obj: <slot wrapper '__init__' of 'module' objects>
        finish pytest_pycollect_makeitem --> None [hook]
        pytest_pycollect_makeitem [hook]
            collector: <Module 'test_sys_login.py'>
            name: __new__
            obj: <built-in method __new__ of type object at 0x0000000068039FE0>
        finish pytest_pycollect_makeitem --> None [hook]
        pytest_pycollect_makeitem [hook]
            collector: <Module 'test_sys_login.py'>
            name: __dir__
            obj: <method '__dir__' of 'module' objects>
        finish pytest_pycollect_makeitem --> None [hook]
        pytest_pycollect_makeitem [hook]
            collector: <Module 'test_sys_login.py'>
            name: __dict__
            obj: <member '__dict__' of 'module' objects>
        finish pytest_pycollect_makeitem --> None [hook]
        pytest_pycollect_makeitem [hook]
            collector: <Module 'test_sys_login.py'>
            name: __hash__
            obj: <slot wrapper '__hash__' of 'object' objects>
        finish pytest_pycollect_makeitem --> None [hook]
        pytest_pycollect_makeitem [hook]
            collector: <Module 'test_sys_login.py'>
            name: __str__
            obj: <slot wrapper '__str__' of 'object' objects>
        finish pytest_pycollect_makeitem --> None [hook]
        pytest_pycollect_makeitem [hook]
            collector: <Module 'test_sys_login.py'>
            name: __lt__
            obj: <slot wrapper '__lt__' of 'object' objects>
        finish pytest_pycollect_makeitem --> None [hook]
        pytest_pycollect_makeitem [hook]
            collector: <Module 'test_sys_login.py'>
            name: __le__
            obj: <slot wrapper '__le__' of 'object' objects>
        finish pytest_pycollect_makeitem --> None [hook]
        pytest_pycollect_makeitem [hook]
            collector: <Module 'test_sys_login.py'>
            name: __eq__
            obj: <slot wrapper '__eq__' of 'object' objects>
        finish pytest_pycollect_makeitem --> None [hook]
        pytest_pycollect_makeitem [hook]
            collector: <Module 'test_sys_login.py'>
            name: __ne__
            obj: <slot wrapper '__ne__' of 'object' objects>
        finish pytest_pycollect_makeitem --> None [hook]
        pytest_pycollect_makeitem [hook]
            collector: <Module 'test_sys_login.py'>
            name: __gt__
            obj: <slot wrapper '__gt__' of 'object' objects>
        finish pytest_pycollect_makeitem --> None [hook]
        pytest_pycollect_makeitem [hook]
            collector: <Module 'test_sys_login.py'>
            name: __ge__
            obj: <slot wrapper '__ge__' of 'object' objects>
        finish pytest_pycollect_makeitem --> None [hook]
        pytest_pycollect_makeitem [hook]
            collector: <Module 'test_sys_login.py'>
            name: __reduce_ex__
            obj: <method '__reduce_ex__' of 'object' objects>
        finish pytest_pycollect_makeitem --> None [hook]
        pytest_pycollect_makeitem [hook]
            collector: <Module 'test_sys_login.py'>
            name: __reduce__
            obj: <method '__reduce__' of 'object' objects>
        finish pytest_pycollect_makeitem --> None [hook]
        pytest_pycollect_makeitem [hook]
            collector: <Module 'test_sys_login.py'>
            name: __subclasshook__
            obj: <method '__subclasshook__' of 'object' objects>
        finish pytest_pycollect_makeitem --> None [hook]
        pytest_pycollect_makeitem [hook]
            collector: <Module 'test_sys_login.py'>
            name: __init_subclass__
            obj: <method '__init_subclass__' of 'object' objects>
        finish pytest_pycollect_makeitem --> None [hook]
        pytest_pycollect_makeitem [hook]
            collector: <Module 'test_sys_login.py'>
            name: __format__
            obj: <method '__format__' of 'object' objects>
        finish pytest_pycollect_makeitem --> None [hook]
        pytest_pycollect_makeitem [hook]
            collector: <Module 'test_sys_login.py'>
            name: __sizeof__
            obj: <method '__sizeof__' of 'object' objects>
        finish pytest_pycollect_makeitem --> None [hook]
        pytest_pycollect_makeitem [hook]
            collector: <Module 'test_sys_login.py'>
            name: __class__
            obj: <attribute '__class__' of 'object' objects>
        finish pytest_pycollect_makeitem --> None [hook]
      finish pytest_make_collect_report --> <CollectReport 'testcase/sys/test_sys_login.py' lenresult=0 outcome='passed'> [hook]
      pytest_collectreport [hook]
          report: <CollectReport 'testcase/sys/test_sys_login.py' lenresult=0 outcome='passed'>
      finish pytest_collectreport --> [] [hook]
      pytest_collectreport [hook]
          report: <CollectReport 'testcase/sys/__init__.py' lenresult=2 outcome='passed'>
      finish pytest_collectreport --> [] [hook]
    genitems <Package 'D:\\JK_pytest\\testcase\\user'> [collection]
      pytest_collectstart [hook]
          collector: <Package 'D:\\JK_pytest\\testcase\\user'>
      finish pytest_collectstart --> [] [hook]
      pytest_make_collect_report [hook]
          collector: <Package 'D:\\JK_pytest\\testcase\\user'>
        pytest_ignore_collect [hook]
            path: D:\JK_pytest\testcase\user\__pycache__
            config: <_pytest.config.Config object at 0x00000246F65F0DA0>
        finish pytest_ignore_collect --> False [hook]
        pytest_collect_directory [hook]
            path: D:\JK_pytest\testcase\user\__pycache__
            parent: <Package 'D:\\JK_pytest\\testcase\\user'>
        finish pytest_collect_directory --> None [hook]
        pytest_ignore_collect [hook]
            path: D:\JK_pytest\testcase\user\__pycache__
            config: <_pytest.config.Config object at 0x00000246F65F0DA0>
        finish pytest_ignore_collect --> True [hook]
        pytest_ignore_collect [hook]
            path: D:\JK_pytest\testcase\user\test_user_loaduserList.py
            config: <_pytest.config.Config object at 0x00000246F65F0DA0>
        finish pytest_ignore_collect --> False [hook]
        pytest_collect_file [hook]
            path: D:\JK_pytest\testcase\user\test_user_loaduserList.py
            parent: <Package 'D:\\JK_pytest\\testcase\\user'>
          pytest_pycollect_makemodule [hook]
              path: D:\JK_pytest\testcase\user\test_user_loaduserList.py
              parent: <Package 'D:\\JK_pytest\\testcase\\user'>
          finish pytest_pycollect_makemodule --> <Module 'test_user_loaduserList.py'> [hook]
        finish pytest_collect_file --> [<Module 'test_user_loaduserList.py'>] [hook]
        pytest_ignore_collect [hook]
            path: D:\JK_pytest\testcase\user\__pycache__\__init__.cpython-36.pyc
            config: <_pytest.config.Config object at 0x00000246F65F0DA0>
        finish pytest_ignore_collect --> False [hook]
        pytest_collect_file [hook]
            path: D:\JK_pytest\testcase\user\__pycache__\__init__.cpython-36.pyc
            parent: <Package 'D:\\JK_pytest\\testcase\\user'>
        finish pytest_collect_file --> [] [hook]
        pytest_ignore_collect [hook]
            path: D:\JK_pytest\testcase\user\__pycache__\test_user_loaduserList.cpython-36-PYTEST.pyc
            config: <_pytest.config.Config object at 0x00000246F65F0DA0>
        finish pytest_ignore_collect --> False [hook]
        pytest_collect_file [hook]
            path: D:\JK_pytest\testcase\user\__pycache__\test_user_loaduserList.cpython-36-PYTEST.pyc
            parent: <Package 'D:\\JK_pytest\\testcase\\user'>
        finish pytest_collect_file --> [] [hook]
      finish pytest_make_collect_report --> <CollectReport 'testcase/user/__init__.py' lenresult=1 outcome='passed'> [hook]
    genitems <Module 'test_user_loaduserList.py'> [collection]
      pytest_collectstart [hook]
          collector: <Module 'test_user_loaduserList.py'>
      finish pytest_collectstart --> [] [hook]
      pytest_make_collect_report [hook]
          collector: <Module 'test_user_loaduserList.py'>
      find_module called for: testcase.user [assertion]
      find_module called for: testcase.user.test_user_loaduserList [assertion]
      matched test file 'D:\\JK_pytest\\testcase\\user\\test_user_loaduserList.py' [assertion]
      _read_pyc(D:\JK_pytest\testcase\user\test_user_loaduserList.py): invalid or out of date pyc [assertion]
      rewriting 'D:\\JK_pytest\\testcase\\user\\test_user_loaduserList.py' [assertion]
        pytest_pycollect_makeitem [hook]
            collector: <Module 'test_user_loaduserList.py'>
            name: __name__
            obj: testcase.user.test_user_loaduserList
        finish pytest_pycollect_makeitem --> None [hook]
        pytest_pycollect_makeitem [hook]
            collector: <Module 'test_user_loaduserList.py'>
            name: __doc__
            obj: None
        finish pytest_pycollect_makeitem --> None [hook]
        pytest_pycollect_makeitem [hook]
            collector: <Module 'test_user_loaduserList.py'>
            name: __package__
            obj: testcase.user
        finish pytest_pycollect_makeitem --> None [hook]
        pytest_pycollect_makeitem [hook]
            collector: <Module 'test_user_loaduserList.py'>
            name: __loader__
            obj: <_pytest.assertion.rewrite.AssertionRewritingHook object at 0x00000246F66EDE48>
        finish pytest_pycollect_makeitem --> None [hook]
        pytest_pycollect_makeitem [hook]
            collector: <Module 'test_user_loaduserList.py'>
            name: __spec__
            obj: ModuleSpec(name='testcase.user.test_user_loaduserList', loader=<_pytest.assertion.rewrite.AssertionRewritingHook object at 0x00000246F66EDE48>, origin='D:\\JK_pytest\\testcase\\user\\test_user_loaduserList.py')
        finish pytest_pycollect_makeitem --> None [hook]
        pytest_pycollect_makeitem [hook]
            collector: <Module 'test_user_loaduserList.py'>
            name: __file__
            obj: D:\JK_pytest\testcase\user\test_user_loaduserList.py
        finish pytest_pycollect_makeitem --> None [hook]
        pytest_pycollect_makeitem [hook]
            collector: <Module 'test_user_loaduserList.py'>
            name: __cached__
            obj: D:\JK_pytest\testcase\user\__pycache__\test_user_loaduserList.cpython-36-PYTEST.pyc
        finish pytest_pycollect_makeitem --> None [hook]
        pytest_pycollect_makeitem [hook]
            collector: <Module 'test_user_loaduserList.py'>
            name: __builtins__
            obj: {'__name__': 'builtins', '__doc__': "Built-in functions, exceptions, and other objects.\n\nNoteworthy: None is the `nil' object; Ellipsis represents `...' in slices.", '__package__': '', '__loader__': <class '_frozen_importlib.BuiltinImporter'>, '__spec__': ModuleSpec(name='builtins', loader=<class '_frozen_importlib.BuiltinImporter'>), '__build_class__': <built-in function __build_class__>, '__import__': <built-in function __import__>, 'abs': <built-in function abs>, 'all': <built-in function all>, 'any': <built-in function any>, 'ascii': <built-in function ascii>, 'bin': <built-in function bin>, 'callable': <built-in function callable>, 'chr': <built-in function chr>, 'compile': <built-in function compile>, 'delattr': <built-in function delattr>, 'dir': <built-in function dir>, 'divmod': <built-in function divmod>, 'eval': <built-in function eval>, 'exec': <built-in function exec>, 'format': <built-in function format>, 'getattr': <built-in function getattr>, 'globals': <built-in function globals>, 'hasattr': <built-in function hasattr>, 'hash': <built-in function hash>, 'hex': <built-in function hex>, 'id': <built-in function id>, 'input': <built-in function input>, 'isinstance': <built-in function isinstance>, 'issubclass': <built-in function issubclass>, 'iter': <built-in function iter>, 'len': <built-in function len>, 'locals': <built-in function locals>, 'max': <built-in function max>, 'min': <built-in function min>, 'next': <built-in function next>, 'oct': <built-in function oct>, 'ord': <built-in function ord>, 'pow': <built-in function pow>, 'print': <built-in function print>, 'repr': <built-in function repr>, 'round': <built-in function round>, 'setattr': <built-in function setattr>, 'sorted': <built-in function sorted>, 'sum': <built-in function sum>, 'vars': <built-in function vars>, 'None': None, 'Ellipsis': Ellipsis, 'NotImplemented': NotImplemented, 'False': False, 'True': True, 'bool': <class 'bool'>, 'memoryview': <class 'memoryview'>, 'bytearray': <class 'bytearray'>, 'bytes': <class 'bytes'>, 'classmethod': <class 'classmethod'>, 'complex': <class 'complex'>, 'dict': <class 'dict'>, 'enumerate': <class 'enumerate'>, 'filter': <class 'filter'>, 'float': <class 'float'>, 'frozenset': <class 'frozenset'>, 'property': <class 'property'>, 'int': <class 'int'>, 'list': <class 'list'>, 'map': <class 'map'>, 'object': <class 'object'>, 'range': <class 'range'>, 'reversed': <class 'reversed'>, 'set': <class 'set'>, 'slice': <class 'slice'>, 'staticmethod': <class 'staticmethod'>, 'str': <class 'str'>, 'super': <class 'super'>, 'tuple': <class 'tuple'>, 'type': <class 'type'>, 'zip': <class 'zip'>, '__debug__': True, 'BaseException': <class 'BaseException'>, 'Exception': <class 'Exception'>, 'TypeError': <class 'TypeError'>, 'StopAsyncIteration': <class 'StopAsyncIteration'>, 'StopIteration': <class 'StopIteration'>, 'GeneratorExit': <class 'GeneratorExit'>, 'SystemExit': <class 'SystemExit'>, 'KeyboardInterrupt': <class 'KeyboardInterrupt'>, 'ImportError': <class 'ImportError'>, 'ModuleNotFoundError': <class 'ModuleNotFoundError'>, 'OSError': <class 'OSError'>, 'EnvironmentError': <class 'OSError'>, 'IOError': <class 'OSError'>, 'WindowsError': <class 'OSError'>, 'EOFError': <class 'EOFError'>, 'RuntimeError': <class 'RuntimeError'>, 'RecursionError': <class 'RecursionError'>, 'NotImplementedError': <class 'NotImplementedError'>, 'NameError': <class 'NameError'>, 'UnboundLocalError': <class 'UnboundLocalError'>, 'AttributeError': <class 'AttributeError'>, 'SyntaxError': <class 'SyntaxError'>, 'IndentationError': <class 'IndentationError'>, 'TabError': <class 'TabError'>, 'LookupError': <class 'LookupError'>, 'IndexError': <class 'IndexError'>, 'KeyError': <class 'KeyError'>, 'ValueError': <class 'ValueError'>, 'UnicodeError': <class 'UnicodeError'>, 'UnicodeEncodeError': <class 'UnicodeEncodeError'>, 'UnicodeDecodeError': <class 'UnicodeDecodeError'>, 'UnicodeTranslateError': <class 'UnicodeTranslateError'>, 'AssertionError': <class 'AssertionError'>, 'ArithmeticError': <class 'ArithmeticError'>, 'FloatingPointError': <class 'FloatingPointError'>, 'OverflowError': <class 'OverflowError'>, 'ZeroDivisionError': <class 'ZeroDivisionError'>, 'SystemError': <class 'SystemError'>, 'ReferenceError': <class 'ReferenceError'>, 'BufferError': <class 'BufferError'>, 'MemoryError': <class 'MemoryError'>, 'Warning': <class 'Warning'>, 'UserWarning': <class 'UserWarning'>, 'DeprecationWarning': <class 'DeprecationWarning'>, 'PendingDeprecationWarning': <class 'PendingDeprecationWarning'>, 'SyntaxWarning': <class 'SyntaxWarning'>, 'RuntimeWarning': <class 'RuntimeWarning'>, 'FutureWarning': <class 'FutureWarning'>, 'ImportWarning': <class 'ImportWarning'>, 'UnicodeWarning': <class 'UnicodeWarning'>, 'BytesWarning': <class 'BytesWarning'>, 'ResourceWarning': <class 'ResourceWarning'>, 'ConnectionError': <class 'ConnectionError'>, 'BlockingIOError': <class 'BlockingIOError'>, 'BrokenPipeError': <class 'BrokenPipeError'>, 'ChildProcessError': <class 'ChildProcessError'>, 'ConnectionAbortedError': <class 'ConnectionAbortedError'>, 'ConnectionRefusedError': <class 'ConnectionRefusedError'>, 'ConnectionResetError': <class 'ConnectionResetError'>, 'FileExistsError': <class 'FileExistsError'>, 'FileNotFoundError': <class 'FileNotFoundError'>, 'IsADirectoryError': <class 'IsADirectoryError'>, 'NotADirectoryError': <class 'NotADirectoryError'>, 'InterruptedError': <class 'InterruptedError'>, 'PermissionError': <class 'PermissionError'>, 'ProcessLookupError': <class 'ProcessLookupError'>, 'TimeoutError': <class 'TimeoutError'>, 'open': <built-in function open>, 'quit': Use quit() or Ctrl-Z plus Return to exit, 'exit': Use exit() or Ctrl-Z plus Return to exit, 'copyright': Copyright (c) 2001-2018 Python Software Foundation.
All Rights Reserved.

Copyright (c) 2000 BeOpen.com.
All Rights Reserved.

Copyright (c) 1995-2001 Corporation for National Research Initiatives.
All Rights Reserved.

Copyright (c) 1991-1995 Stichting Mathematisch Centrum, Amsterdam.
All Rights Reserved., 'credits':     Thanks to CWI, CNRI, BeOpen.com, Zope Corporation and a cast of thousands
    for supporting Python development.  See www.python.org for more information., 'license': Type license() to see the full license text, 'help': Type help() for interactive help, or help(object) for help about object.}
        finish pytest_pycollect_makeitem --> None [hook]
        pytest_pycollect_makeitem [hook]
            collector: <Module 'test_user_loaduserList.py'>
            name: @py_builtins
            obj: <module 'builtins' (built-in)>
        finish pytest_pycollect_makeitem --> None [hook]
        pytest_pycollect_makeitem [hook]
            collector: <Module 'test_user_loaduserList.py'>
            name: @pytest_ar
            obj: <module '_pytest.assertion.rewrite' from 'D:\\Python\\lib\\site-packages\\_pytest\\assertion\\rewrite.py'>
        finish pytest_pycollect_makeitem --> None [hook]
        pytest_pycollect_makeitem [hook]
            collector: <Module 'test_user_loaduserList.py'>
            name: CommonData
            obj: <class 'commom.commomData.CommonData'>
        finish pytest_pycollect_makeitem --> None [hook]
        pytest_pycollect_makeitem [hook]
            collector: <Module 'test_user_loaduserList.py'>
            name: http
            obj: <util.httpUtil.HttpUtil object at 0x00000246F6B6AF28>
        finish pytest_pycollect_makeitem --> None [hook]
        pytest_pycollect_makeitem [hook]
            collector: <Module 'test_user_loaduserList.py'>
            name: pytest
            obj: <module 'pytest' from 'D:\\Python\\lib\\site-packages\\pytest.py'>
        finish pytest_pycollect_makeitem --> None [hook]
        pytest_pycollect_makeitem [hook]
            collector: <Module 'test_user_loaduserList.py'>
            name: random
            obj: <module 'random' from 'D:\\Python\\lib\\random.py'>
        finish pytest_pycollect_makeitem --> None [hook]
        pytest_pycollect_makeitem [hook]
            collector: <Module 'test_user_loaduserList.py'>
            name: allure
            obj: <module 'allure' from 'D:\\Python\\lib\\site-packages\\allure\\__init__.py'>
        finish pytest_pycollect_makeitem --> None [hook]
        pytest_pycollect_makeitem [hook]
            collector: <Module 'test_user_loaduserList.py'>
            name: Test_zhuce
            obj: <class 'testcase.user.test_user_loaduserList.Test_zhuce'>
        finish pytest_pycollect_makeitem --> <Class 'Test_zhuce'> [hook]
        pytest_pycollect_makeitem [hook]
            collector: <Module 'test_user_loaduserList.py'>
            name: __repr__
            obj: <slot wrapper '__repr__' of 'module' objects>
        finish pytest_pycollect_makeitem --> None [hook]
        pytest_pycollect_makeitem [hook]
            collector: <Module 'test_user_loaduserList.py'>
            name: __getattribute__
            obj: <slot wrapper '__getattribute__' of 'module' objects>
        finish pytest_pycollect_makeitem --> None [hook]
        pytest_pycollect_makeitem [hook]
            collector: <Module 'test_user_loaduserList.py'>
            name: __setattr__
            obj: <slot wrapper '__setattr__' of 'module' objects>
        finish pytest_pycollect_makeitem --> None [hook]
        pytest_pycollect_makeitem [hook]
            collector: <Module 'test_user_loaduserList.py'>
            name: __delattr__
            obj: <slot wrapper '__delattr__' of 'module' objects>
        finish pytest_pycollect_makeitem --> None [hook]
        pytest_pycollect_makeitem [hook]
            collector: <Module 'test_user_loaduserList.py'>
            name: __init__
            obj: <slot wrapper '__init__' of 'module' objects>
        finish pytest_pycollect_makeitem --> None [hook]
        pytest_pycollect_makeitem [hook]
            collector: <Module 'test_user_loaduserList.py'>
            name: __new__
            obj: <built-in method __new__ of type object at 0x0000000068039FE0>
        finish pytest_pycollect_makeitem --> None [hook]
        pytest_pycollect_makeitem [hook]
            collector: <Module 'test_user_loaduserList.py'>
            name: __dir__
            obj: <method '__dir__' of 'module' objects>
        finish pytest_pycollect_makeitem --> None [hook]
        pytest_pycollect_makeitem [hook]
            collector: <Module 'test_user_loaduserList.py'>
            name: __dict__
            obj: <member '__dict__' of 'module' objects>
        finish pytest_pycollect_makeitem --> None [hook]
        pytest_pycollect_makeitem [hook]
            collector: <Module 'test_user_loaduserList.py'>
            name: __hash__
            obj: <slot wrapper '__hash__' of 'object' objects>
        finish pytest_pycollect_makeitem --> None [hook]
        pytest_pycollect_makeitem [hook]
            collector: <Module 'test_user_loaduserList.py'>
            name: __str__
            obj: <slot wrapper '__str__' of 'object' objects>
        finish pytest_pycollect_makeitem --> None [hook]
        pytest_pycollect_makeitem [hook]
            collector: <Module 'test_user_loaduserList.py'>
            name: __lt__
            obj: <slot wrapper '__lt__' of 'object' objects>
        finish pytest_pycollect_makeitem --> None [hook]
        pytest_pycollect_makeitem [hook]
            collector: <Module 'test_user_loaduserList.py'>
            name: __le__
            obj: <slot wrapper '__le__' of 'object' objects>
        finish pytest_pycollect_makeitem --> None [hook]
        pytest_pycollect_makeitem [hook]
            collector: <Module 'test_user_loaduserList.py'>
            name: __eq__
            obj: <slot wrapper '__eq__' of 'object' objects>
        finish pytest_pycollect_makeitem --> None [hook]
        pytest_pycollect_makeitem [hook]
            collector: <Module 'test_user_loaduserList.py'>
            name: __ne__
            obj: <slot wrapper '__ne__' of 'object' objects>
        finish pytest_pycollect_makeitem --> None [hook]
        pytest_pycollect_makeitem [hook]
            collector: <Module 'test_user_loaduserList.py'>
            name: __gt__
            obj: <slot wrapper '__gt__' of 'object' objects>
        finish pytest_pycollect_makeitem --> None [hook]
        pytest_pycollect_makeitem [hook]
            collector: <Module 'test_user_loaduserList.py'>
            name: __ge__
            obj: <slot wrapper '__ge__' of 'object' objects>
        finish pytest_pycollect_makeitem --> None [hook]
        pytest_pycollect_makeitem [hook]
            collector: <Module 'test_user_loaduserList.py'>
            name: __reduce_ex__
            obj: <method '__reduce_ex__' of 'object' objects>
        finish pytest_pycollect_makeitem --> None [hook]
        pytest_pycollect_makeitem [hook]
            collector: <Module 'test_user_loaduserList.py'>
            name: __reduce__
            obj: <method '__reduce__' of 'object' objects>
        finish pytest_pycollect_makeitem --> None [hook]
        pytest_pycollect_makeitem [hook]
            collector: <Module 'test_user_loaduserList.py'>
            name: __subclasshook__
            obj: <method '__subclasshook__' of 'object' objects>
        finish pytest_pycollect_makeitem --> None [hook]
        pytest_pycollect_makeitem [hook]
            collector: <Module 'test_user_loaduserList.py'>
            name: __init_subclass__
            obj: <method '__init_subclass__' of 'object' objects>
        finish pytest_pycollect_makeitem --> None [hook]
        pytest_pycollect_makeitem [hook]
            collector: <Module 'test_user_loaduserList.py'>
            name: __format__
            obj: <method '__format__' of 'object' objects>
        finish pytest_pycollect_makeitem --> None [hook]
        pytest_pycollect_makeitem [hook]
            collector: <Module 'test_user_loaduserList.py'>
            name: __sizeof__
            obj: <method '__sizeof__' of 'object' objects>
        finish pytest_pycollect_makeitem --> None [hook]
        pytest_pycollect_makeitem [hook]
            collector: <Module 'test_user_loaduserList.py'>
            name: __class__
            obj: <attribute '__class__' of 'object' objects>
        finish pytest_pycollect_makeitem --> None [hook]
      finish pytest_make_collect_report --> <CollectReport 'testcase/user/test_user_loaduserList.py' lenresult=1 outcome='passed'> [hook]
    genitems <Class 'Test_zhuce'> [collection]
      pytest_collectstart [hook]
          collector: <Class 'Test_zhuce'>
      finish pytest_collectstart --> [] [hook]
      pytest_make_collect_report [hook]
          collector: <Class 'Test_zhuce'>
      finish pytest_make_collect_report --> <CollectReport 'testcase/user/test_user_loaduserList.py::Test_zhuce' lenresult=1 outcome='passed'> [hook]
    genitems <Instance '()'> [collection]
      pytest_collectstart [hook]
          collector: <Instance '()'>
      finish pytest_collectstart --> [] [hook]
      pytest_make_collect_report [hook]
          collector: <Instance '()'>
        pytest_pycollect_makeitem [hook]
            collector: <Instance '()'>
            name: __module__
            obj: testcase.user.test_user_loaduserList
        finish pytest_pycollect_makeitem --> None [hook]
        pytest_pycollect_makeitem [hook]
            collector: <Instance '()'>
            name: test_zhuce_success
            obj: <function Test_zhuce.test_zhuce_success at 0x00000246F76EA400>
          pytest_generate_tests [hook]
              metafunc: <_pytest.python.Metafunc object at 0x00000246F76DF358>
          finish pytest_generate_tests --> [] [hook]
        finish pytest_pycollect_makeitem --> [<Function 'test_zhuce_success'>] [hook]
        pytest_pycollect_makeitem [hook]
            collector: <Instance '()'>
            name: login
            obj: <function Test_zhuce.login at 0x00000246F76EA488>
        finish pytest_pycollect_makeitem --> None [hook]
        pytest_pycollect_makeitem [hook]
            collector: <Instance '()'>
            name: huoqu
            obj: <function Test_zhuce.huoqu at 0x00000246F76EA510>
        finish pytest_pycollect_makeitem --> None [hook]
        pytest_pycollect_makeitem [hook]
            collector: <Instance '()'>
            name: __dict__
            obj: <attribute '__dict__' of 'Test_zhuce' objects>
        finish pytest_pycollect_makeitem --> None [hook]
        pytest_pycollect_makeitem [hook]
            collector: <Instance '()'>
            name: __weakref__
            obj: <attribute '__weakref__' of 'Test_zhuce' objects>
        finish pytest_pycollect_makeitem --> None [hook]
        pytest_pycollect_makeitem [hook]
            collector: <Instance '()'>
            name: __doc__
            obj: None
        finish pytest_pycollect_makeitem --> None [hook]
        pytest_pycollect_makeitem [hook]
            collector: <Instance '()'>
            name: pytestmark
            obj: [Mark(name='allure_label.feature', args=('',), kwargs={})]
        finish pytest_pycollect_makeitem --> None [hook]
        pytest_pycollect_makeitem [hook]
            collector: <Instance '()'>
            name: __repr__
            obj: <slot wrapper '__repr__' of 'object' objects>
        finish pytest_pycollect_makeitem --> None [hook]
        pytest_pycollect_makeitem [hook]
            collector: <Instance '()'>
            name: __hash__
            obj: <slot wrapper '__hash__' of 'object' objects>
        finish pytest_pycollect_makeitem --> None [hook]
        pytest_pycollect_makeitem [hook]
            collector: <Instance '()'>
            name: __str__
            obj: <slot wrapper '__str__' of 'object' objects>
        finish pytest_pycollect_makeitem --> None [hook]
        pytest_pycollect_makeitem [hook]
            collector: <Instance '()'>
            name: __getattribute__
            obj: <slot wrapper '__getattribute__' of 'object' objects>
        finish pytest_pycollect_makeitem --> None [hook]
        pytest_pycollect_makeitem [hook]
            collector: <Instance '()'>
            name: __setattr__
            obj: <slot wrapper '__setattr__' of 'object' objects>
        finish pytest_pycollect_makeitem --> None [hook]
        pytest_pycollect_makeitem [hook]
            collector: <Instance '()'>
            name: __delattr__
            obj: <slot wrapper '__delattr__' of 'object' objects>
        finish pytest_pycollect_makeitem --> None [hook]
        pytest_pycollect_makeitem [hook]
            collector: <Instance '()'>
            name: __lt__
            obj: <slot wrapper '__lt__' of 'object' objects>
        finish pytest_pycollect_makeitem --> None [hook]
        pytest_pycollect_makeitem [hook]
            collector: <Instance '()'>
            name: __le__
            obj: <slot wrapper '__le__' of 'object' objects>
        finish pytest_pycollect_makeitem --> None [hook]
        pytest_pycollect_makeitem [hook]
            collector: <Instance '()'>
            name: __eq__
            obj: <slot wrapper '__eq__' of 'object' objects>
        finish pytest_pycollect_makeitem --> None [hook]
        pytest_pycollect_makeitem [hook]
            collector: <Instance '()'>
            name: __ne__
            obj: <slot wrapper '__ne__' of 'object' objects>
        finish pytest_pycollect_makeitem --> None [hook]
        pytest_pycollect_makeitem [hook]
            collector: <Instance '()'>
            name: __gt__
            obj: <slot wrapper '__gt__' of 'object' objects>
        finish pytest_pycollect_makeitem --> None [hook]
        pytest_pycollect_makeitem [hook]
            collector: <Instance '()'>
            name: __ge__
            obj: <slot wrapper '__ge__' of 'object' objects>
        finish pytest_pycollect_makeitem --> None [hook]
        pytest_pycollect_makeitem [hook]
            collector: <Instance '()'>
            name: __init__
            obj: <slot wrapper '__init__' of 'object' objects>
        finish pytest_pycollect_makeitem --> None [hook]
        pytest_pycollect_makeitem [hook]
            collector: <Instance '()'>
            name: __new__
            obj: <built-in method __new__ of type object at 0x000000006803C580>
        finish pytest_pycollect_makeitem --> None [hook]
        pytest_pycollect_makeitem [hook]
            collector: <Instance '()'>
            name: __reduce_ex__
            obj: <method '__reduce_ex__' of 'object' objects>
        finish pytest_pycollect_makeitem --> None [hook]
        pytest_pycollect_makeitem [hook]
            collector: <Instance '()'>
            name: __reduce__
            obj: <method '__reduce__' of 'object' objects>
        finish pytest_pycollect_makeitem --> None [hook]
        pytest_pycollect_makeitem [hook]
            collector: <Instance '()'>
            name: __subclasshook__
            obj: <method '__subclasshook__' of 'object' objects>
        finish pytest_pycollect_makeitem --> None [hook]
        pytest_pycollect_makeitem [hook]
            collector: <Instance '()'>
            name: __init_subclass__
            obj: <method '__init_subclass__' of 'object' objects>
        finish pytest_pycollect_makeitem --> None [hook]
        pytest_pycollect_makeitem [hook]
            collector: <Instance '()'>
            name: __format__
            obj: <method '__format__' of 'object' objects>
        finish pytest_pycollect_makeitem --> None [hook]
        pytest_pycollect_makeitem [hook]
            collector: <Instance '()'>
            name: __sizeof__
            obj: <method '__sizeof__' of 'object' objects>
        finish pytest_pycollect_makeitem --> None [hook]
        pytest_pycollect_makeitem [hook]
            collector: <Instance '()'>
            name: __dir__
            obj: <method '__dir__' of 'object' objects>
        finish pytest_pycollect_makeitem --> None [hook]
        pytest_pycollect_makeitem [hook]
            collector: <Instance '()'>
            name: __class__
            obj: <attribute '__class__' of 'object' objects>
        finish pytest_pycollect_makeitem --> None [hook]
      finish pytest_make_collect_report --> <CollectReport 'testcase/user/test_user_loaduserList.py::Test_zhuce::()' lenresult=1 outcome='passed'> [hook]
    genitems <Function 'test_zhuce_success'> [collection]
      pytest_itemcollected [hook]
          item: <Function 'test_zhuce_success'>
      finish pytest_itemcollected --> [] [hook]
      pytest_collectreport [hook]
          report: <CollectReport 'testcase/user/test_user_loaduserList.py::Test_zhuce::()' lenresult=1 outcome='passed'>
      finish pytest_collectreport --> [] [hook]
      pytest_collectreport [hook]
          report: <CollectReport 'testcase/user/test_user_loaduserList.py::Test_zhuce' lenresult=1 outcome='passed'>
      finish pytest_collectreport --> [] [hook]
      pytest_collectreport [hook]
          report: <CollectReport 'testcase/user/test_user_loaduserList.py' lenresult=1 outcome='passed'>
      finish pytest_collectreport --> [] [hook]
      pytest_collectreport [hook]
          report: <CollectReport 'testcase/user/__init__.py' lenresult=1 outcome='passed'>
      finish pytest_collectreport --> [] [hook]
      pytest_collectreport [hook]
          report: <CollectReport 'testcase/__init__.py' lenresult=8 outcome='passed'>
      finish pytest_collectreport --> [] [hook]
    genitems <Package 'D:\\JK_pytest\\util'> [collection]
      pytest_collectstart [hook]
          collector: <Package 'D:\\JK_pytest\\util'>
      finish pytest_collectstart --> [] [hook]
      pytest_make_collect_report [hook]
          collector: <Package 'D:\\JK_pytest\\util'>
        pytest_ignore_collect [hook]
            path: D:\JK_pytest\util\__pycache__
            config: <_pytest.config.Config object at 0x00000246F65F0DA0>
        finish pytest_ignore_collect --> False [hook]
        pytest_collect_directory [hook]
            path: D:\JK_pytest\util\__pycache__
            parent: <Package 'D:\\JK_pytest\\util'>
        finish pytest_collect_directory --> None [hook]
        pytest_ignore_collect [hook]
            path: D:\JK_pytest\util\__pycache__
            config: <_pytest.config.Config object at 0x00000246F65F0DA0>
        finish pytest_ignore_collect --> True [hook]
        pytest_ignore_collect [hook]
            path: D:\JK_pytest\util\httpUtil.py
            config: <_pytest.config.Config object at 0x00000246F65F0DA0>
        finish pytest_ignore_collect --> False [hook]
        pytest_collect_file [hook]
            path: D:\JK_pytest\util\httpUtil.py
            parent: <Package 'D:\\JK_pytest\\util'>
        finish pytest_collect_file --> [] [hook]
        pytest_ignore_collect [hook]
            path: D:\JK_pytest\util\__pycache__\__init__.cpython-36.pyc
            config: <_pytest.config.Config object at 0x00000246F65F0DA0>
        finish pytest_ignore_collect --> False [hook]
        pytest_collect_file [hook]
            path: D:\JK_pytest\util\__pycache__\__init__.cpython-36.pyc
            parent: <Package 'D:\\JK_pytest\\util'>
        finish pytest_collect_file --> [] [hook]
        pytest_ignore_collect [hook]
            path: D:\JK_pytest\util\__pycache__\httpUtil.cpython-36.pyc
            config: <_pytest.config.Config object at 0x00000246F65F0DA0>
        finish pytest_ignore_collect --> False [hook]
        pytest_collect_file [hook]
            path: D:\JK_pytest\util\__pycache__\httpUtil.cpython-36.pyc
            parent: <Package 'D:\\JK_pytest\\util'>
        finish pytest_collect_file --> [] [hook]
      finish pytest_make_collect_report --> <CollectReport 'util/__init__.py' lenresult=0 outcome='passed'> [hook]
      pytest_collectreport [hook]
          report: <CollectReport 'util/__init__.py' lenresult=0 outcome='passed'>
      finish pytest_collectreport --> [] [hook]
      pytest_collection_modifyitems [hook]
          session: <Session 'JK_pytest'>
          config: <_pytest.config.Config object at 0x00000246F65F0DA0>
          items: [<Function 'test_changePwd_success'>, <Function 'test_zhuce_success'>]
      finish pytest_collection_modifyitems --> [] [hook]
      pytest_collection_finish [hook]
          session: <Session 'JK_pytest'>
        pytest_report_collectionfinish [hook]
            config: <_pytest.config.Config object at 0x00000246F65F0DA0>
            startdir: D:\JK_pytest
            items: [<Function 'test_changePwd_success'>, <Function 'test_zhuce_success'>]
        finish pytest_report_collectionfinish --> [] [hook]
      finish pytest_collection_finish --> [] [hook]
    finish pytest_collection --> [<Function 'test_changePwd_success'>, <Function 'test_zhuce_success'>] [hook]
    pytest_runtestloop [hook]
        session: <Session 'JK_pytest'>
      pytest_runtest_protocol [hook]
          item: <Function 'test_changePwd_success'>
          nextitem: <Function 'test_zhuce_success'>
        pytest_runtest_logstart [hook]
            nodeid: testcase/sys/test_sys_changPwd.py::Test_changePwd::()::test_changePwd_success
            location: ('testcase\\sys\\test_sys_changPwd.py', 6, 'Test_changePwd.test_changePwd_success')
        find_module called for: py._io.capture [assertion]
        finish pytest_runtest_logstart --> [] [hook]
        pytest_runtest_setup [hook]
            item: <Function 'test_changePwd_success'>
          pytest_fixture_setup [hook]
              fixturedef: <FixtureDef name='session_fixture1' scope='session' baseid='' >
              request: <SubRequest 'session_fixture1' for <Function 'test_changePwd_success'>>
          find_module called for: netrc [assertion]
          finish pytest_fixture_setup --> None [hook]
          pytest_fixture_setup [hook]
              fixturedef: <FixtureDef name='recoveryPwd' scope='function' baseid='testcase/sys/test_sys_changPwd.py' >
              request: <SubRequest 'recoveryPwd' for <Function 'test_changePwd_success'>>
          finish pytest_fixture_setup --> None [hook]
        finish pytest_runtest_setup --> [] [hook]
        pytest_runtest_makereport [hook]
            item: <Function 'test_changePwd_success'>
            call: <CallInfo when='setup' result: []>
          pytest_report_teststatus [hook]
              report: <TestReport 'testcase/sys/test_sys_changPwd.py::Test_changePwd::()::test_changePwd_success' when='setup' outcome='passed'>
          finish pytest_report_teststatus --> ('', '', '') [hook]
        finish pytest_runtest_makereport --> <TestReport 'testcase/sys/test_sys_changPwd.py::Test_changePwd::()::test_changePwd_success' when='setup' outcome='passed'> [hook]
        pytest_runtest_logreport [hook]
            report: <TestReport 'testcase/sys/test_sys_changPwd.py::Test_changePwd::()::test_changePwd_success' when='setup' outcome='passed'>
          pytest_report_teststatus [hook]
              report: <TestReport 'testcase/sys/test_sys_changPwd.py::Test_changePwd::()::test_changePwd_success' when='setup' outcome='passed'>
          finish pytest_report_teststatus --> ('', '', '') [hook]
        finish pytest_runtest_logreport --> [] [hook]
        pytest_runtest_call [hook]
            item: <Function 'test_changePwd_success'>
          pytest_pyfunc_call [hook]
              pyfuncitem: <Function 'test_changePwd_success'>
          finish pytest_pyfunc_call --> True [hook]
        finish pytest_runtest_call --> [] [hook]
        pytest_runtest_makereport [hook]
            item: <Function 'test_changePwd_success'>
            call: <CallInfo when='call' result: []>
          pytest_report_teststatus [hook]
              report: <TestReport 'testcase/sys/test_sys_changPwd.py::Test_changePwd::()::test_changePwd_success' when='call' outcome='passed'>
          finish pytest_report_teststatus --> ('passed', '.', 'PASSED') [hook]
        finish pytest_runtest_makereport --> <TestReport 'testcase/sys/test_sys_changPwd.py::Test_changePwd::()::test_changePwd_success' when='call' outcome='passed'> [hook]
        pytest_runtest_logreport [hook]
            report: <TestReport 'testcase/sys/test_sys_changPwd.py::Test_changePwd::()::test_changePwd_success' when='call' outcome='passed'>
          pytest_report_teststatus [hook]
              report: <TestReport 'testcase/sys/test_sys_changPwd.py::Test_changePwd::()::test_changePwd_success' when='call' outcome='passed'>
          finish pytest_report_teststatus --> ('passed', '.', 'PASSED') [hook]
        finish pytest_runtest_logreport --> [] [hook]
        pytest_runtest_teardown [hook]
            item: <Function 'test_changePwd_success'>
            nextitem: <Function 'test_zhuce_success'>
          pytest_fixture_post_finalizer [hook]
              fixturedef: <FixtureDef name='recoveryPwd' scope='function' baseid='testcase/sys/test_sys_changPwd.py' >
              request: <SubRequest 'recoveryPwd' for <Function 'test_changePwd_success'>>
          finish pytest_fixture_post_finalizer --> [] [hook]
        finish pytest_runtest_teardown --> [] [hook]
        pytest_runtest_makereport [hook]
            item: <Function 'test_changePwd_success'>
            call: <CallInfo when='teardown' result: []>
          pytest_report_teststatus [hook]
              report: <TestReport 'testcase/sys/test_sys_changPwd.py::Test_changePwd::()::test_changePwd_success' when='teardown' outcome='passed'>
          finish pytest_report_teststatus --> ('', '', '') [hook]
        finish pytest_runtest_makereport --> <TestReport 'testcase/sys/test_sys_changPwd.py::Test_changePwd::()::test_changePwd_success' when='teardown' outcome='passed'> [hook]
        pytest_runtest_logreport [hook]
            report: <TestReport 'testcase/sys/test_sys_changPwd.py::Test_changePwd::()::test_changePwd_success' when='teardown' outcome='passed'>
          pytest_report_teststatus [hook]
              report: <TestReport 'testcase/sys/test_sys_changPwd.py::Test_changePwd::()::test_changePwd_success' when='teardown' outcome='passed'>
          finish pytest_report_teststatus --> ('', '', '') [hook]
        finish pytest_runtest_logreport --> [] [hook]
        pytest_runtest_logfinish [hook]
            nodeid: testcase/sys/test_sys_changPwd.py::Test_changePwd::()::test_changePwd_success
            location: ('testcase\\sys\\test_sys_changPwd.py', 6, 'Test_changePwd.test_changePwd_success')
        finish pytest_runtest_logfinish --> [] [hook]
      finish pytest_runtest_protocol --> True [hook]
      pytest_runtest_protocol [hook]
          item: <Function 'test_zhuce_success'>
          nextitem: None
        pytest_runtest_logstart [hook]
            nodeid: testcase/user/test_user_loaduserList.py::Test_zhuce::()::test_zhuce_success
            location: ('testcase\\user\\test_user_loaduserList.py', 7, 'Test_zhuce.test_zhuce_success')
        finish pytest_runtest_logstart --> [] [hook]
        pytest_runtest_setup [hook]
            item: <Function 'test_zhuce_success'>
        finish pytest_runtest_setup --> [] [hook]
        pytest_runtest_makereport [hook]
            item: <Function 'test_zhuce_success'>
            call: <CallInfo when='setup' result: []>
          pytest_report_teststatus [hook]
              report: <TestReport 'testcase/user/test_user_loaduserList.py::Test_zhuce::()::test_zhuce_success' when='setup' outcome='passed'>
          finish pytest_report_teststatus --> ('', '', '') [hook]
        finish pytest_runtest_makereport --> <TestReport 'testcase/user/test_user_loaduserList.py::Test_zhuce::()::test_zhuce_success' when='setup' outcome='passed'> [hook]
        pytest_runtest_logreport [hook]
            report: <TestReport 'testcase/user/test_user_loaduserList.py::Test_zhuce::()::test_zhuce_success' when='setup' outcome='passed'>
          pytest_report_teststatus [hook]
              report: <TestReport 'testcase/user/test_user_loaduserList.py::Test_zhuce::()::test_zhuce_success' when='setup' outcome='passed'>
          finish pytest_report_teststatus --> ('', '', '') [hook]
        finish pytest_runtest_logreport --> [] [hook]
        pytest_runtest_call [hook]
            item: <Function 'test_zhuce_success'>
          pytest_pyfunc_call [hook]
              pyfuncitem: <Function 'test_zhuce_success'>
          finish pytest_pyfunc_call --> True [hook]
        finish pytest_runtest_call --> [] [hook]
        pytest_runtest_makereport [hook]
            item: <Function 'test_zhuce_success'>
            call: <CallInfo when='call' result: []>
          pytest_report_teststatus [hook]
              report: <TestReport 'testcase/user/test_user_loaduserList.py::Test_zhuce::()::test_zhuce_success' when='call' outcome='passed'>
          finish pytest_report_teststatus --> ('passed', '.', 'PASSED') [hook]
        finish pytest_runtest_makereport --> <TestReport 'testcase/user/test_user_loaduserList.py::Test_zhuce::()::test_zhuce_success' when='call' outcome='passed'> [hook]
        pytest_runtest_logreport [hook]
            report: <TestReport 'testcase/user/test_user_loaduserList.py::Test_zhuce::()::test_zhuce_success' when='call' outcome='passed'>
          pytest_report_teststatus [hook]
              report: <TestReport 'testcase/user/test_user_loaduserList.py::Test_zhuce::()::test_zhuce_success' when='call' outcome='passed'>
          finish pytest_report_teststatus --> ('passed', '.', 'PASSED') [hook]
        finish pytest_runtest_logreport --> [] [hook]
        pytest_runtest_teardown [hook]
            item: <Function 'test_zhuce_success'>
            nextitem: None
          pytest_fixture_post_finalizer [hook]
              fixturedef: <FixtureDef name='session_fixture1' scope='session' baseid='' >
              request: <SubRequest 'session_fixture1' for <Function 'test_zhuce_success'>>
          finish pytest_fixture_post_finalizer --> [] [hook]
          pytest_fixture_post_finalizer [hook]
              fixturedef: <FixtureDef name='session_fixture1' scope='session' baseid='' >
              request: <SubRequest 'session_fixture1' for <Function 'test_changePwd_success'>>
          finish pytest_fixture_post_finalizer --> [] [hook]
        finish pytest_runtest_teardown --> [] [hook]
        pytest_runtest_makereport [hook]
            item: <Function 'test_zhuce_success'>
            call: <CallInfo when='teardown' result: []>
          pytest_report_teststatus [hook]
              report: <TestReport 'testcase/user/test_user_loaduserList.py::Test_zhuce::()::test_zhuce_success' when='teardown' outcome='passed'>
          finish pytest_report_teststatus --> ('', '', '') [hook]
        finish pytest_runtest_makereport --> <TestReport 'testcase/user/test_user_loaduserList.py::Test_zhuce::()::test_zhuce_success' when='teardown' outcome='passed'> [hook]
        pytest_runtest_logreport [hook]
            report: <TestReport 'testcase/user/test_user_loaduserList.py::Test_zhuce::()::test_zhuce_success' when='teardown' outcome='passed'>
          pytest_report_teststatus [hook]
              report: <TestReport 'testcase/user/test_user_loaduserList.py::Test_zhuce::()::test_zhuce_success' when='teardown' outcome='passed'>
          finish pytest_report_teststatus --> ('', '', '') [hook]
        finish pytest_runtest_logreport --> [] [hook]
        pytest_runtest_logfinish [hook]
            nodeid: testcase/user/test_user_loaduserList.py::Test_zhuce::()::test_zhuce_success
            location: ('testcase\\user\\test_user_loaduserList.py', 7, 'Test_zhuce.test_zhuce_success')
        finish pytest_runtest_logfinish --> [] [hook]
      finish pytest_runtest_protocol --> True [hook]
    finish pytest_runtestloop --> True [hook]
    pytest_sessionfinish [hook]
        session: <Session 'JK_pytest'>
        exitstatus: 0
    find_module called for: py._std [assertion]
      pytest_terminal_summary [hook]
          terminalreporter: <_pytest.terminal.TerminalReporter object at 0x00000246F6E74978>
          exitstatus: 0
      finish pytest_terminal_summary --> [] [hook]
    finish pytest_sessionfinish --> [] [hook]
    pytest_unconfigure [hook]
        config: <_pytest.config.Config object at 0x00000246F65F0DA0>
    finish pytest_unconfigure --> [] [hook]
  finish [config:tmpdir]
